Using pre-set license
Built from '2022.3/staging' branch; Version is '2022.3.8f1 (b5eafc012955) revision 11922172'; Using compiler version '192829333'; Build Type 'Release'
OS: 'Windows 10  (10.0.19045) 64bit Core' Language: 'es' Physical Memory: 32605 MB
BatchMode: 1, IsHumanControllingUs: 0, StartBugReporterOnCrash: 0, Is64bit: 1, IsPro: 1

COMMAND LINE ARGUMENTS:
D:\Program Files\Unity\2022.3.8f1\Editor\Unity.exe
-adb2
-batchMode
-noUpm
-name
AssetImportWorker18
-projectPath
D:/Users/denis/Desktop/Clothes_Shop_System
-logFile
Logs/AssetImportWorker18.log
-srvPort
64678
Successfully changed project path to: D:/Users/denis/Desktop/Clothes_Shop_System
D:/Users/denis/Desktop/Clothes_Shop_System
[UnityMemory] Configuration Parameters - Can be set up in boot.config
    "memorysetup-bucket-allocator-granularity=16"
    "memorysetup-bucket-allocator-bucket-count=8"
    "memorysetup-bucket-allocator-block-size=33554432"
    "memorysetup-bucket-allocator-block-count=8"
    "memorysetup-main-allocator-block-size=16777216"
    "memorysetup-thread-allocator-block-size=16777216"
    "memorysetup-gfx-main-allocator-block-size=16777216"
    "memorysetup-gfx-thread-allocator-block-size=16777216"
    "memorysetup-cache-allocator-block-size=4194304"
    "memorysetup-typetree-allocator-block-size=2097152"
    "memorysetup-profiler-bucket-allocator-granularity=16"
    "memorysetup-profiler-bucket-allocator-bucket-count=8"
    "memorysetup-profiler-bucket-allocator-block-size=33554432"
    "memorysetup-profiler-bucket-allocator-block-count=8"
    "memorysetup-profiler-allocator-block-size=16777216"
    "memorysetup-profiler-editor-allocator-block-size=1048576"
    "memorysetup-temp-allocator-size-main=16777216"
    "memorysetup-job-temp-allocator-block-size=2097152"
    "memorysetup-job-temp-allocator-block-size-background=1048576"
    "memorysetup-job-temp-allocator-reduction-small-platforms=262144"
    "memorysetup-allocator-temp-initial-block-size-main=262144"
    "memorysetup-allocator-temp-initial-block-size-worker=262144"
    "memorysetup-temp-allocator-size-background-worker=32768"
    "memorysetup-temp-allocator-size-job-worker=262144"
    "memorysetup-temp-allocator-size-preload-manager=33554432"
    "memorysetup-temp-allocator-size-nav-mesh-worker=65536"
    "memorysetup-temp-allocator-size-audio-worker=65536"
    "memorysetup-temp-allocator-size-cloud-worker=32768"
    "memorysetup-temp-allocator-size-gi-baking-worker=262144"
    "memorysetup-temp-allocator-size-gfx=262144"
Player connection [33908] Host "[IP] 192.168.1.8 [Port] 0 [Flags] 2 [Guid] 2890291019 [EditorId] 2890291019 [Version] 1048832 [Id] WindowsEditor(7,DESKTOP-2GSREEA) [Debug] 1 [PackageName] WindowsEditor [ProjectName] Editor" joined multi-casting on [225.0.0.222:54997]...

Player connection [33908] Host "[IP] 192.168.1.8 [Port] 0 [Flags] 2 [Guid] 2890291019 [EditorId] 2890291019 [Version] 1048832 [Id] WindowsEditor(7,DESKTOP-2GSREEA) [Debug] 1 [PackageName] WindowsEditor [ProjectName] Editor" joined alternative multi-casting on [225.0.0.222:34997]...

[Physics::Module] Initialized MultithreadedJobDispatcher with 15 workers.
Refreshing native plugins compatible for Editor in 8.20 ms, found 4 plugins.
Preloading 0 native plugins for Editor in 0.00 ms.
Initialize engine version: 2022.3.8f1 (b5eafc012955)
[Subsystems] Discovering subsystems at path D:/Program Files/Unity/2022.3.8f1/Editor/Data/Resources/UnitySubsystems
[Subsystems] Discovering subsystems at path D:/Users/denis/Desktop/Clothes_Shop_System/Assets
GfxDevice: creating device client; threaded=0; jobified=0
Direct3D:
    Version:  Direct3D 11.0 [level 11.1]
    Renderer: NVIDIA GeForce RTX 3080 (ID=0x2206)
    Vendor:   NVIDIA
    VRAM:     10067 MB
    Driver:   31.0.15.4617
Initialize mono
Mono path[0] = 'D:/Program Files/Unity/2022.3.8f1/Editor/Data/Managed'
Mono path[1] = 'D:/Program Files/Unity/2022.3.8f1/Editor/Data/MonoBleedingEdge/lib/mono/unityjit-win32'
Mono config path = 'D:/Program Files/Unity/2022.3.8f1/Editor/Data/MonoBleedingEdge/etc'
Using monoOptions --debugger-agent=transport=dt_socket,embedding=1,server=y,suspend=n,address=127.0.0.1:56604
Begin MonoManager ReloadAssembly
Registering precompiled unity dll's ...
Register platform support module: D:/Program Files/Unity/2022.3.8f1/Editor/Data/PlaybackEngines/WebGLSupport/UnityEditor.WebGL.Extensions.dll
Register platform support module: D:/Program Files/Unity/2022.3.8f1/Editor/Data/PlaybackEngines/AndroidPlayer/UnityEditor.Android.Extensions.dll
Register platform support module: D:/Program Files/Unity/2022.3.8f1/Editor/Data/PlaybackEngines/WindowsStandaloneSupport/UnityEditor.WindowsStandalone.Extensions.dll
Registered in 0.005610 seconds.
- Loaded All Assemblies, in  0.306 seconds
Native extension for WindowsStandalone target not found
Native extension for Android target not found
Android Extension - Scanning For ADB Devices 192 ms
Native extension for WebGL target not found
Mono: successfully reloaded assembly
- Finished resetting the current domain, in  0.619 seconds
Domain Reload Profiling: 925ms
	BeginReloadAssembly (96ms)
		ExecutionOrderSort (0ms)
		DisableScriptedObjects (0ms)
		BackupInstance (0ms)
		ReleaseScriptingObjects (0ms)
		CreateAndSetChildDomain (1ms)
	RebuildCommonClasses (28ms)
	RebuildNativeTypeToScriptingClass (9ms)
	initialDomainReloadingComplete (44ms)
	LoadAllAssembliesAndSetupDomain (127ms)
		LoadAssemblies (97ms)
		RebuildTransferFunctionScriptingTraits (0ms)
		AnalyzeDomain (124ms)
			TypeCache.Refresh (122ms)
				TypeCache.ScanAssembly (112ms)
			ScanForSourceGeneratedMonoScriptInfo (0ms)
			ResolveRequiredComponents (0ms)
	FinalizeReload (620ms)
		ReleaseScriptCaches (0ms)
		RebuildScriptCaches (0ms)
		SetupLoadedEditorAssemblies (535ms)
			LogAssemblyErrors (0ms)
			InitializePlatformSupportModulesInManaged (281ms)
			SetLoadedEditorAssemblies (3ms)
			RefreshPlugins (0ms)
			BeforeProcessingInitializeOnLoad (2ms)
			ProcessInitializeOnLoadAttributes (106ms)
			ProcessInitializeOnLoadMethodAttributes (144ms)
			AfterProcessingInitializeOnLoad (0ms)
			EditorAssembliesLoaded (0ms)
		ExecutionOrderSort2 (0ms)
		AwakeInstancesAfterBackupRestoration (0ms)
========================================================================
Worker process is ready to serve import requests
Begin MonoManager ReloadAssembly
- Loaded All Assemblies, in  0.544 seconds
Refreshing native plugins compatible for Editor in 3.17 ms, found 4 plugins.
Native extension for WindowsStandalone target not found
Native extension for Android target not found
Native extension for WebGL target not found
Package Manager log level set to [2]
[Package Manager] Server::EnsureServerProcessIsRunning -- launch failed, reason: Unity was launched with the -noUpm command-line argument
[Package Manager] UpmClient::Send -- Unable to send message (not connected to UPM process).
[Package Manager] Cannot connect to Unity Package Manager local server
Mono: successfully reloaded assembly
- Finished resetting the current domain, in  0.631 seconds
Domain Reload Profiling: 1174ms
	BeginReloadAssembly (149ms)
		ExecutionOrderSort (0ms)
		DisableScriptedObjects (5ms)
		BackupInstance (0ms)
		ReleaseScriptingObjects (0ms)
		CreateAndSetChildDomain (27ms)
	RebuildCommonClasses (31ms)
	RebuildNativeTypeToScriptingClass (10ms)
	initialDomainReloadingComplete (32ms)
	LoadAllAssembliesAndSetupDomain (321ms)
		LoadAssemblies (255ms)
		RebuildTransferFunctionScriptingTraits (0ms)
		AnalyzeDomain (154ms)
			TypeCache.Refresh (133ms)
				TypeCache.ScanAssembly (120ms)
			ScanForSourceGeneratedMonoScriptInfo (17ms)
			ResolveRequiredComponents (3ms)
	FinalizeReload (632ms)
		ReleaseScriptCaches (0ms)
		RebuildScriptCaches (0ms)
		SetupLoadedEditorAssemblies (503ms)
			LogAssemblyErrors (0ms)
			InitializePlatformSupportModulesInManaged (25ms)
			SetLoadedEditorAssemblies (3ms)
			RefreshPlugins (0ms)
			BeforeProcessingInitializeOnLoad (55ms)
			ProcessInitializeOnLoadAttributes (392ms)
			ProcessInitializeOnLoadMethodAttributes (25ms)
			AfterProcessingInitializeOnLoad (3ms)
			EditorAssembliesLoaded (0ms)
		ExecutionOrderSort2 (0ms)
		AwakeInstancesAfterBackupRestoration (4ms)
Launched and connected shader compiler UnityShaderCompiler.exe after 0.03 seconds
Refreshing native plugins compatible for Editor in 2.91 ms, found 4 plugins.
Preloading 0 native plugins for Editor in 0.00 ms.
Unloading 4401 Unused Serialized files (Serialized files now loaded: 0)
Unloading 76 unused Assets / (246.5 KB). Loaded Objects now: 4863.
Memory consumption went from 153.5 MB to 153.2 MB.
Total: 3.092200 ms (FindLiveObjects: 0.234300 ms CreateObjectMapping: 0.108400 ms MarkObjects: 2.580300 ms  DeleteObjects: 0.168500 ms)

AssetImportParameters requested are different than current active one (requested -> active):
  custom:scripting/monoscript/fileName/MSCUnityEditor.cs: cb8378178ca7a45029f0d5030132dc5b -> 
  custom:container-demuxer-ogg: 62fdf1f143b41e24485cea50d1cbac27 -> 
  custom:scripting/monoscript/fileName/SO_AnimationSettings.cs: 0a2c705b873f7f81a5a0981346553bdd -> 
  custom:video-codec-MediaFoundation-h265: 746d11721c4dcdbdad8f713fa42b33f4 -> 
  custom:video-decoder-ogg-theora: a1e56fd34408186e4bbccfd4996cb3dc -> 
  custom:framework-win-MediaFoundation: 216162199b28c13a410421893ffa2e32 -> 
  custom:CustomObjectIndexerAttribute: 756ad292c208cfabdd7b50bc23989ffe -> 
  custom:scripting/monoscript/fileName/MSCAnimation.cs: 5794202198e1a10da4e8603e58a5da7f -> 
  custom:scripting/monoscript/fileName/MovementAnimationParameterControl.cs: 27a29551f84f01b772ef011249800151 -> 
  custom:container-demuxer-webm: 4f35f7cbe854078d1ac9338744f61a02 -> 
  custom:container-muxer-webm: aa71ff27fc2769a1b78a27578f13a17b -> 
  custom:scripting/monoscript/fileName/EventHandler.cs: 6813de9ecd0fa4692988c21d03bb644f -> 
  custom:video-decoder-webm-vp8: 9c59270c3fd7afecdb556c50c9e8de78 -> 
  custom:SearchIndexIgnoredProperties: e643bd26f0fe6173181afceb89e7c659 -> 
  custom:AudioImporter_EditorPlatform: d09bf68614088b80899f8185d706f6e7 -> 
  custom:scripting/monoscript/fileName/MSCAnimationSettings.cs: 1954b3e38ad8530c82f36a623f70b858 -> 
  custom:video-encoder-webm-vp8: eb34c28f22e8b96e1ab97ce403110664 -> 
  custom:audio-decoder-ogg-vorbis: bf7c407c2cedff20999df2af8eb42d56 -> 
  custom:scripting/monoscript/fileName/MSCNpcEditor.cs: a57804d23c8c5e9c1c4941ed6b4ac709 -> 
  custom:scripting/monoscript/fileName/Player.cs: efa14f782fa9ac90772d9fe8f2cb1f59 -> 
  custom:audio-encoder-webm-vorbis: bf7c407c2cedff20999df2af8eb42d56 -> 
========================================================================
Received Import Request.
  Time since last request: 13493.755423 seconds.
  path: Assets/2D/Tileset/Props/steampunkish-tilec_193.asset
  artifactKey: Guid(9043d66afa254c845a7da21a0033ed62) Importer(815301076,1909f56bfc062723c751e8b465ee728b)
Start importing Assets/2D/Tileset/Props/steampunkish-tilec_193.asset using Guid(9043d66afa254c845a7da21a0033ed62) Importer(815301076,1909f56bfc062723c751e8b465ee728b)  -> (artifact id: '04a8918d435ae1887717f6512503beaa') in 0.048194 seconds
Number of updated asset objects reloaded before import = 0
Number of asset objects unloaded after import = 3
========================================================================
Received Import Request.
  Time since last request: 0.050888 seconds.
  path: Assets/2D/Tileset/Props/steampunkish-tilec_72.asset
  artifactKey: Guid(29a9aeb1cd4986f45848f06e177c3398) Importer(815301076,1909f56bfc062723c751e8b465ee728b)
Start importing Assets/2D/Tileset/Props/steampunkish-tilec_72.asset using Guid(29a9aeb1cd4986f45848f06e177c3398) Importer(815301076,1909f56bfc062723c751e8b465ee728b)  -> (artifact id: '4d5bf9333d16730b79785015bc97458d') in 0.011068 seconds
Number of updated asset objects reloaded before import = 0
Number of asset objects unloaded after import = 3
========================================================================
Received Import Request.
  Time since last request: 0.000019 seconds.
  path: Assets/2D/Tileset/Props/steampunkish-tilec_90.asset
  artifactKey: Guid(c1902cd034f48d94a853fb8b0cebdffa) Importer(815301076,1909f56bfc062723c751e8b465ee728b)
Start importing Assets/2D/Tileset/Props/steampunkish-tilec_90.asset using Guid(c1902cd034f48d94a853fb8b0cebdffa) Importer(815301076,1909f56bfc062723c751e8b465ee728b)  -> (artifact id: 'af487ab8455837bf5e4f13da8f9876d0') in 0.014096 seconds
Number of updated asset objects reloaded before import = 0
Number of asset objects unloaded after import = 3
========================================================================
Received Import Request.
  Time since last request: 0.000020 seconds.
  path: Assets/2D/Tileset/Props/steampunkish-tilec_83.asset
  artifactKey: Guid(b395c39851315a34f82edba6ab568e92) Importer(815301076,1909f56bfc062723c751e8b465ee728b)
Start importing Assets/2D/Tileset/Props/steampunkish-tilec_83.asset using Guid(b395c39851315a34f82edba6ab568e92) Importer(815301076,1909f56bfc062723c751e8b465ee728b)  -> (artifact id: '595c76e2b981246e43794b2082c04a63') in 0.010115 seconds
Number of updated asset objects reloaded before import = 0
Number of asset objects unloaded after import = 3
========================================================================
Received Import Request.
  Time since last request: 0.000012 seconds.
  path: Assets/2D/Tileset/Props/steampunkish-tilec_85.asset
  artifactKey: Guid(4a822bbe095da5344b3b226a5d84e033) Importer(815301076,1909f56bfc062723c751e8b465ee728b)
Start importing Assets/2D/Tileset/Props/steampunkish-tilec_85.asset using Guid(4a822bbe095da5344b3b226a5d84e033) Importer(815301076,1909f56bfc062723c751e8b465ee728b)  -> (artifact id: '3ec23c2372a95eca5ab8dd46b806fee6') in 0.010946 seconds
Number of updated asset objects reloaded before import = 0
Number of asset objects unloaded after import = 3
========================================================================
Received Import Request.
  Time since last request: 0.000015 seconds.
  path: Assets/2D/Tileset/Props/steampunkish-tilec_89.asset
  artifactKey: Guid(61d8c0ba55f37bb45b1c3b1793656f21) Importer(815301076,1909f56bfc062723c751e8b465ee728b)
Start importing Assets/2D/Tileset/Props/steampunkish-tilec_89.asset using Guid(61d8c0ba55f37bb45b1c3b1793656f21) Importer(815301076,1909f56bfc062723c751e8b465ee728b)  -> (artifact id: 'b893fce1c1cec9e5dfea9081a99b8cc7') in 0.010244 seconds
Number of updated asset objects reloaded before import = 0
Number of asset objects unloaded after import = 3
========================================================================
Received Import Request.
  Time since last request: 0.000021 seconds.
  path: Assets/2D/Tileset/Props/steampunkish-tilec_92.asset
  artifactKey: Guid(43cdf083da99f5b439b71d9293ca18ae) Importer(815301076,1909f56bfc062723c751e8b465ee728b)
Start importing Assets/2D/Tileset/Props/steampunkish-tilec_92.asset using Guid(43cdf083da99f5b439b71d9293ca18ae) Importer(815301076,1909f56bfc062723c751e8b465ee728b)  -> (artifact id: '5471ab1407b6cadee462a7558cff548b') in 0.010543 seconds
Number of updated asset objects reloaded before import = 0
Number of asset objects unloaded after import = 3
========================================================================
Received Import Request.
  Time since last request: 0.000015 seconds.
  path: Assets/2D/Tileset/Props/steampunkish-tilec_75.asset
  artifactKey: Guid(adbe0067b934fd14ab67e5d95c85cb1b) Importer(815301076,1909f56bfc062723c751e8b465ee728b)
Start importing Assets/2D/Tileset/Props/steampunkish-tilec_75.asset using Guid(adbe0067b934fd14ab67e5d95c85cb1b) Importer(815301076,1909f56bfc062723c751e8b465ee728b)  -> (artifact id: '02d2863e006edea00889eb867447fa46') in 0.011394 seconds
Number of updated asset objects reloaded before import = 0
Number of asset objects unloaded after import = 3
========================================================================
Received Import Request.
  Time since last request: 0.000013 seconds.
  path: Assets/2D/Tileset/Props/steampunkish-tilec_81.asset
  artifactKey: Guid(010fb024c7184b64782c2b9b58b82b27) Importer(815301076,1909f56bfc062723c751e8b465ee728b)
Start importing Assets/2D/Tileset/Props/steampunkish-tilec_81.asset using Guid(010fb024c7184b64782c2b9b58b82b27) Importer(815301076,1909f56bfc062723c751e8b465ee728b)  -> (artifact id: '3da11cc67ee956c1be3310ff73097782') in 0.010879 seconds
Number of updated asset objects reloaded before import = 0
Number of asset objects unloaded after import = 3
========================================================================
Received Import Request.
  Time since last request: 0.044202 seconds.
  path: Assets/2D/Tileset/Props/steampunkish-tilec_42.asset
  artifactKey: Guid(db5273368d6400b40a3180f4c3528610) Importer(815301076,1909f56bfc062723c751e8b465ee728b)
Start importing Assets/2D/Tileset/Props/steampunkish-tilec_42.asset using Guid(db5273368d6400b40a3180f4c3528610) Importer(815301076,1909f56bfc062723c751e8b465ee728b)  -> (artifact id: '323c47adb628d9be7dd40a901722492c') in 0.010101 seconds
Number of updated asset objects reloaded before import = 0
Number of asset objects unloaded after import = 3
========================================================================
Received Import Request.
  Time since last request: 0.000014 seconds.
  path: Assets/2D/Tileset/Props/steampunkish-tilec_50.asset
  artifactKey: Guid(5b26d4d89c51b1c4cb2ff1a58b6d31cc) Importer(815301076,1909f56bfc062723c751e8b465ee728b)
Start importing Assets/2D/Tileset/Props/steampunkish-tilec_50.asset using Guid(5b26d4d89c51b1c4cb2ff1a58b6d31cc) Importer(815301076,1909f56bfc062723c751e8b465ee728b)  -> (artifact id: '9682eddf8af9867c25c11bd1fc29b898') in 0.010577 seconds
Number of updated asset objects reloaded before import = 0
Number of asset objects unloaded after import = 3
========================================================================
Received Import Request.
  Time since last request: 0.000014 seconds.
  path: Assets/2D/Tileset/Props/steampunkish-tilec_45.asset
  artifactKey: Guid(108852a15672b134aa355ae180455ae1) Importer(815301076,1909f56bfc062723c751e8b465ee728b)
Start importing Assets/2D/Tileset/Props/steampunkish-tilec_45.asset using Guid(108852a15672b134aa355ae180455ae1) Importer(815301076,1909f56bfc062723c751e8b465ee728b)  -> (artifact id: '73ed9993bd0a6a4dc23be9ae6e9e2ff0') in 0.010372 seconds
Number of updated asset objects reloaded before import = 0
Number of asset objects unloaded after import = 3
========================================================================
Received Import Request.
  Time since last request: 0.042747 seconds.
  path: Assets/2D/Tileset/Props/steampunkish-tilec_35.asset
  artifactKey: Guid(def43e460a7793f498b8f96fa03ae0a6) Importer(815301076,1909f56bfc062723c751e8b465ee728b)
Start importing Assets/2D/Tileset/Props/steampunkish-tilec_35.asset using Guid(def43e460a7793f498b8f96fa03ae0a6) Importer(815301076,1909f56bfc062723c751e8b465ee728b)  -> (artifact id: 'e8a5c70fb729a4f8180841ec3b7c53f4') in 0.010626 seconds
Number of updated asset objects reloaded before import = 0
Number of asset objects unloaded after import = 3
========================================================================
Received Import Request.
  Time since last request: 4.656185 seconds.
  path: Assets/2D/Tileset/Props/steampunkish-tilec_104.asset
  artifactKey: Guid(7d2ee7d29e49b6b459760b8278092b37) Importer(815301076,1909f56bfc062723c751e8b465ee728b)
Start importing Assets/2D/Tileset/Props/steampunkish-tilec_104.asset using Guid(7d2ee7d29e49b6b459760b8278092b37) Importer(815301076,1909f56bfc062723c751e8b465ee728b)  -> (artifact id: 'b38fe4bcefd0300c22c28de2c26f4093') in 0.017326 seconds
Number of updated asset objects reloaded before import = 0
Number of asset objects unloaded after import = 3
========================================================================
Received Import Request.
  Time since last request: 0.052140 seconds.
  path: Assets/2D/Tileset/Props/steampunkish-tilec_108.asset
  artifactKey: Guid(0760d3e8bca69384e875c929b259ac29) Importer(815301076,1909f56bfc062723c751e8b465ee728b)
Start importing Assets/2D/Tileset/Props/steampunkish-tilec_108.asset using Guid(0760d3e8bca69384e875c929b259ac29) Importer(815301076,1909f56bfc062723c751e8b465ee728b)  -> (artifact id: '974a4dacfd996dbcc400e9c2b56e8973') in 0.016806 seconds
Number of updated asset objects reloaded before import = 0
Number of asset objects unloaded after import = 3
========================================================================
Received Import Request.
  Time since last request: 0.000018 seconds.
  path: Assets/2D/Tileset/Props/steampunkish-tilec_112.asset
  artifactKey: Guid(22717159fbb8a5c4cba8fc0a241b41dd) Importer(815301076,1909f56bfc062723c751e8b465ee728b)
Start importing Assets/2D/Tileset/Props/steampunkish-tilec_112.asset using Guid(22717159fbb8a5c4cba8fc0a241b41dd) Importer(815301076,1909f56bfc062723c751e8b465ee728b)  -> (artifact id: 'fa04d0a36e3b0803135ffdb6d10e949a') in 0.014847 seconds
Number of updated asset objects reloaded before import = 0
Number of asset objects unloaded after import = 3
========================================================================
Received Import Request.
  Time since last request: 0.198902 seconds.
  path: Assets/2D/Tileset/Props/steampunkish-tilec_116.asset
  artifactKey: Guid(28af10b81360dd84b8baf5fa7126fed0) Importer(815301076,1909f56bfc062723c751e8b465ee728b)
Start importing Assets/2D/Tileset/Props/steampunkish-tilec_116.asset using Guid(28af10b81360dd84b8baf5fa7126fed0) Importer(815301076,1909f56bfc062723c751e8b465ee728b)  -> (artifact id: '0ab46542531a2046f1f0200a47c18aa0') in 0.012670 seconds
Number of updated asset objects reloaded before import = 0
Number of asset objects unloaded after import = 3
========================================================================
Received Import Request.
  Time since last request: 0.022897 seconds.
  path: Assets/2D/Tileset/Props/steampunkish-tilec_120.asset
  artifactKey: Guid(00db5ca485752724e9947fea43b50c93) Importer(815301076,1909f56bfc062723c751e8b465ee728b)
Start importing Assets/2D/Tileset/Props/steampunkish-tilec_120.asset using Guid(00db5ca485752724e9947fea43b50c93) Importer(815301076,1909f56bfc062723c751e8b465ee728b)  -> (artifact id: '51b50bc2b95f75841c93b3827f415905') in 0.017753 seconds
Number of updated asset objects reloaded before import = 0
Number of asset objects unloaded after import = 3
========================================================================
Received Import Request.
  Time since last request: 0.041849 seconds.
  path: Assets/2D/Tileset/Props/steampunkish-tilec_124.asset
  artifactKey: Guid(4ee261114fa16964a9b25d33c7c1fee4) Importer(815301076,1909f56bfc062723c751e8b465ee728b)
Start importing Assets/2D/Tileset/Props/steampunkish-tilec_124.asset using Guid(4ee261114fa16964a9b25d33c7c1fee4) Importer(815301076,1909f56bfc062723c751e8b465ee728b)  -> (artifact id: '5d1b1c449547c073449065ed59cff45f') in 0.012603 seconds
Number of updated asset objects reloaded before import = 0
Number of asset objects unloaded after import = 3
========================================================================
Received Import Request.
  Time since last request: 0.205307 seconds.
  path: Assets/2D/Tileset/Props/steampunkish-tilec_128.asset
  artifactKey: Guid(81a76a7ee455c114aac7e3b294b18812) Importer(815301076,1909f56bfc062723c751e8b465ee728b)
Start importing Assets/2D/Tileset/Props/steampunkish-tilec_128.asset using Guid(81a76a7ee455c114aac7e3b294b18812) Importer(815301076,1909f56bfc062723c751e8b465ee728b)  -> (artifact id: 'affe359820b85bf413de2ce4e7d403fd') in 0.015067 seconds
Number of updated asset objects reloaded before import = 0
Number of asset objects unloaded after import = 3
========================================================================
Received Import Request.
  Time since last request: 0.068032 seconds.
  path: Assets/2D/Tileset/Props/steampunkish-tilec_132.asset
  artifactKey: Guid(f6d332bf3c4f3984fbfe29baf8fcd3e6) Importer(815301076,1909f56bfc062723c751e8b465ee728b)
Start importing Assets/2D/Tileset/Props/steampunkish-tilec_132.asset using Guid(f6d332bf3c4f3984fbfe29baf8fcd3e6) Importer(815301076,1909f56bfc062723c751e8b465ee728b)  -> (artifact id: 'd70ccaa76a3ae92f5983499d8b9bebe0') in 0.009151 seconds
Number of updated asset objects reloaded before import = 0
Number of asset objects unloaded after import = 3
========================================================================
Received Import Request.
  Time since last request: 0.000022 seconds.
  path: Assets/2D/Tileset/Props/steampunkish-tilec_134.asset
  artifactKey: Guid(d2233e19d19c172478c5e4ddfbd5c72e) Importer(815301076,1909f56bfc062723c751e8b465ee728b)
Start importing Assets/2D/Tileset/Props/steampunkish-tilec_134.asset using Guid(d2233e19d19c172478c5e4ddfbd5c72e) Importer(815301076,1909f56bfc062723c751e8b465ee728b)  -> (artifact id: 'fe6d6c3a1fc852968860f379bcd1364a') in 0.013389 seconds
Number of updated asset objects reloaded before import = 0
Number of asset objects unloaded after import = 3
========================================================================
Received Import Request.
  Time since last request: 0.213855 seconds.
  path: Assets/2D/Tileset/Props/steampunkish-tilec_140.asset
  artifactKey: Guid(980325f379115fe468047da365b5160f) Importer(815301076,1909f56bfc062723c751e8b465ee728b)
Start importing Assets/2D/Tileset/Props/steampunkish-tilec_140.asset using Guid(980325f379115fe468047da365b5160f) Importer(815301076,1909f56bfc062723c751e8b465ee728b)  -> (artifact id: '2186c5b49c5a6312ef728d933580987f') in 0.012214 seconds
Number of updated asset objects reloaded before import = 0
Number of asset objects unloaded after import = 3
========================================================================
Received Import Request.
  Time since last request: 0.554294 seconds.
  path: Assets/2D/Tileset/Props/steampunkish-tilec_164.asset
  artifactKey: Guid(66d922d6a039671489306651479d75cd) Importer(815301076,1909f56bfc062723c751e8b465ee728b)
Start importing Assets/2D/Tileset/Props/steampunkish-tilec_164.asset using Guid(66d922d6a039671489306651479d75cd) Importer(815301076,1909f56bfc062723c751e8b465ee728b)  -> (artifact id: 'c6a689e481cc25dc602ebb9915b37be7') in 0.016881 seconds
Number of updated asset objects reloaded before import = 0
Number of asset objects unloaded after import = 3
========================================================================
Received Import Request.
  Time since last request: 0.301271 seconds.
  path: Assets/2D/Tileset/Props/steampunkish-tilec_168.asset
  artifactKey: Guid(0469e2f979fc79545a323b400fd80052) Importer(815301076,1909f56bfc062723c751e8b465ee728b)
Start importing Assets/2D/Tileset/Props/steampunkish-tilec_168.asset using Guid(0469e2f979fc79545a323b400fd80052) Importer(815301076,1909f56bfc062723c751e8b465ee728b)  -> (artifact id: '6786b59fc7c89e22ad473fc021744178') in 0.015585 seconds
Number of updated asset objects reloaded before import = 0
Number of asset objects unloaded after import = 3
========================================================================
Received Import Request.
  Time since last request: 0.024366 seconds.
  path: Assets/2D/Tileset/Props/steampunkish-tilec_172.asset
  artifactKey: Guid(ef5c5d64ff2a8e440a3085b9e5085adf) Importer(815301076,1909f56bfc062723c751e8b465ee728b)
Start importing Assets/2D/Tileset/Props/steampunkish-tilec_172.asset using Guid(ef5c5d64ff2a8e440a3085b9e5085adf) Importer(815301076,1909f56bfc062723c751e8b465ee728b)  -> (artifact id: '8ea37575bd3d1a163bbd00f9f211b93d') in 0.014620 seconds
Number of updated asset objects reloaded before import = 0
Number of asset objects unloaded after import = 3
========================================================================
Received Import Request.
  Time since last request: 14.185479 seconds.
  path: Assets/2D/Tileset/Background/Walls_14.asset
  artifactKey: Guid(6910c7702dd49ec4d8ebcf80f9b2b09f) Importer(815301076,1909f56bfc062723c751e8b465ee728b)
Start importing Assets/2D/Tileset/Background/Walls_14.asset using Guid(6910c7702dd49ec4d8ebcf80f9b2b09f) Importer(815301076,1909f56bfc062723c751e8b465ee728b)  -> (artifact id: '908571f240e10ddac9a36bf3b71ba2c0') in 0.009226 seconds
Number of updated asset objects reloaded before import = 0
Number of asset objects unloaded after import = 3
========================================================================
Received Import Request.
  Time since last request: 0.000017 seconds.
  path: Assets/2D/Tileset/Background/Walls_22.asset
  artifactKey: Guid(078fb74b8a84d4c4982b3d76221c6fb8) Importer(815301076,1909f56bfc062723c751e8b465ee728b)
Start importing Assets/2D/Tileset/Background/Walls_22.asset using Guid(078fb74b8a84d4c4982b3d76221c6fb8) Importer(815301076,1909f56bfc062723c751e8b465ee728b)  -> (artifact id: '85b9c1f66cc65416f9068529a30db829') in 0.008949 seconds
Number of updated asset objects reloaded before import = 0
Number of asset objects unloaded after import = 3
========================================================================
Received Import Request.
  Time since last request: 0.000014 seconds.
  path: Assets/2D/Tileset/Background/Walls_18.asset
  artifactKey: Guid(124a5889af9fe46469c7203697c9cac9) Importer(815301076,1909f56bfc062723c751e8b465ee728b)
Start importing Assets/2D/Tileset/Background/Walls_18.asset using Guid(124a5889af9fe46469c7203697c9cac9) Importer(815301076,1909f56bfc062723c751e8b465ee728b)  -> (artifact id: '8a1f2aef83902a7ae8e8e9944a0bf2a4') in 0.009683 seconds
Number of updated asset objects reloaded before import = 0
Number of asset objects unloaded after import = 3
Editor requested this worker to shutdown with reason: Scaling down because of idle timeout
TcpMessagingSession - receive error: operation aborted. errorcode: 995, details: La operación de E/S se anuló por una salida de subproceso o por una solicitud de aplicación.
AssetImportWorker is now disconnected from the server
Process exiting
Exiting without the bug reporter. Application will terminate with return code 0