Using pre-set license
Built from '2022.3/staging' branch; Version is '2022.3.8f1 (b5eafc012955) revision 11922172'; Using compiler version '192829333'; Build Type 'Release'
OS: 'Windows 10  (10.0.19045) 64bit Core' Language: 'es' Physical Memory: 32605 MB
BatchMode: 1, IsHumanControllingUs: 0, StartBugReporterOnCrash: 0, Is64bit: 1, IsPro: 1

COMMAND LINE ARGUMENTS:
D:\Program Files\Unity\2022.3.8f1\Editor\Unity.exe
-adb2
-batchMode
-noUpm
-name
AssetImportWorker22
-projectPath
D:/Users/denis/Desktop/Clothes_Shop_System
-logFile
Logs/AssetImportWorker22.log
-srvPort
64678
Successfully changed project path to: D:/Users/denis/Desktop/Clothes_Shop_System
D:/Users/denis/Desktop/Clothes_Shop_System
[UnityMemory] Configuration Parameters - Can be set up in boot.config
    "memorysetup-bucket-allocator-granularity=16"
    "memorysetup-bucket-allocator-bucket-count=8"
    "memorysetup-bucket-allocator-block-size=33554432"
    "memorysetup-bucket-allocator-block-count=8"
    "memorysetup-main-allocator-block-size=16777216"
    "memorysetup-thread-allocator-block-size=16777216"
    "memorysetup-gfx-main-allocator-block-size=16777216"
    "memorysetup-gfx-thread-allocator-block-size=16777216"
    "memorysetup-cache-allocator-block-size=4194304"
    "memorysetup-typetree-allocator-block-size=2097152"
    "memorysetup-profiler-bucket-allocator-granularity=16"
    "memorysetup-profiler-bucket-allocator-bucket-count=8"
    "memorysetup-profiler-bucket-allocator-block-size=33554432"
    "memorysetup-profiler-bucket-allocator-block-count=8"
    "memorysetup-profiler-allocator-block-size=16777216"
    "memorysetup-profiler-editor-allocator-block-size=1048576"
    "memorysetup-temp-allocator-size-main=16777216"
    "memorysetup-job-temp-allocator-block-size=2097152"
    "memorysetup-job-temp-allocator-block-size-background=1048576"
    "memorysetup-job-temp-allocator-reduction-small-platforms=262144"
    "memorysetup-allocator-temp-initial-block-size-main=262144"
    "memorysetup-allocator-temp-initial-block-size-worker=262144"
    "memorysetup-temp-allocator-size-background-worker=32768"
    "memorysetup-temp-allocator-size-job-worker=262144"
    "memorysetup-temp-allocator-size-preload-manager=33554432"
    "memorysetup-temp-allocator-size-nav-mesh-worker=65536"
    "memorysetup-temp-allocator-size-audio-worker=65536"
    "memorysetup-temp-allocator-size-cloud-worker=32768"
    "memorysetup-temp-allocator-size-gi-baking-worker=262144"
    "memorysetup-temp-allocator-size-gfx=262144"
Player connection [42756] Host "[IP] 192.168.1.8 [Port] 0 [Flags] 2 [Guid] 2755735165 [EditorId] 2755735165 [Version] 1048832 [Id] WindowsEditor(7,DESKTOP-2GSREEA) [Debug] 1 [PackageName] WindowsEditor [ProjectName] Editor" joined multi-casting on [225.0.0.222:54997]...

Player connection [42756] Host "[IP] 192.168.1.8 [Port] 0 [Flags] 2 [Guid] 2755735165 [EditorId] 2755735165 [Version] 1048832 [Id] WindowsEditor(7,DESKTOP-2GSREEA) [Debug] 1 [PackageName] WindowsEditor [ProjectName] Editor" joined alternative multi-casting on [225.0.0.222:34997]...

[Physics::Module] Initialized MultithreadedJobDispatcher with 15 workers.
Refreshing native plugins compatible for Editor in 11.48 ms, found 4 plugins.
Preloading 0 native plugins for Editor in 0.00 ms.
Initialize engine version: 2022.3.8f1 (b5eafc012955)
[Subsystems] Discovering subsystems at path D:/Program Files/Unity/2022.3.8f1/Editor/Data/Resources/UnitySubsystems
[Subsystems] Discovering subsystems at path D:/Users/denis/Desktop/Clothes_Shop_System/Assets
GfxDevice: creating device client; threaded=0; jobified=0
Direct3D:
    Version:  Direct3D 11.0 [level 11.1]
    Renderer: NVIDIA GeForce RTX 3080 (ID=0x2206)
    Vendor:   NVIDIA
    VRAM:     10067 MB
    Driver:   31.0.15.4617
Initialize mono
Mono path[0] = 'D:/Program Files/Unity/2022.3.8f1/Editor/Data/Managed'
Mono path[1] = 'D:/Program Files/Unity/2022.3.8f1/Editor/Data/MonoBleedingEdge/lib/mono/unityjit-win32'
Mono config path = 'D:/Program Files/Unity/2022.3.8f1/Editor/Data/MonoBleedingEdge/etc'
Using monoOptions --debugger-agent=transport=dt_socket,embedding=1,server=y,suspend=n,address=127.0.0.1:56808
Begin MonoManager ReloadAssembly
Registering precompiled unity dll's ...
Register platform support module: D:/Program Files/Unity/2022.3.8f1/Editor/Data/PlaybackEngines/WebGLSupport/UnityEditor.WebGL.Extensions.dll
Register platform support module: D:/Program Files/Unity/2022.3.8f1/Editor/Data/PlaybackEngines/AndroidPlayer/UnityEditor.Android.Extensions.dll
Register platform support module: D:/Program Files/Unity/2022.3.8f1/Editor/Data/PlaybackEngines/WindowsStandaloneSupport/UnityEditor.WindowsStandalone.Extensions.dll
Registered in 0.012157 seconds.
- Loaded All Assemblies, in  0.728 seconds
Native extension for WindowsStandalone target not found
Native extension for Android target not found
Android Extension - Scanning For ADB Devices 316 ms
Native extension for WebGL target not found
Mono: successfully reloaded assembly
- Finished resetting the current domain, in  0.749 seconds
Domain Reload Profiling: 1478ms
	BeginReloadAssembly (356ms)
		ExecutionOrderSort (0ms)
		DisableScriptedObjects (0ms)
		BackupInstance (0ms)
		ReleaseScriptingObjects (0ms)
		CreateAndSetChildDomain (2ms)
	RebuildCommonClasses (46ms)
	RebuildNativeTypeToScriptingClass (15ms)
	initialDomainReloadingComplete (83ms)
	LoadAllAssembliesAndSetupDomain (228ms)
		LoadAssemblies (355ms)
		RebuildTransferFunctionScriptingTraits (0ms)
		AnalyzeDomain (222ms)
			TypeCache.Refresh (219ms)
				TypeCache.ScanAssembly (195ms)
			ScanForSourceGeneratedMonoScriptInfo (1ms)
			ResolveRequiredComponents (1ms)
	FinalizeReload (750ms)
		ReleaseScriptCaches (0ms)
		RebuildScriptCaches (0ms)
		SetupLoadedEditorAssemblies (660ms)
			LogAssemblyErrors (0ms)
			InitializePlatformSupportModulesInManaged (476ms)
			SetLoadedEditorAssemblies (5ms)
			RefreshPlugins (0ms)
			BeforeProcessingInitializeOnLoad (2ms)
			ProcessInitializeOnLoadAttributes (125ms)
			ProcessInitializeOnLoadMethodAttributes (52ms)
			AfterProcessingInitializeOnLoad (0ms)
			EditorAssembliesLoaded (0ms)
		ExecutionOrderSort2 (0ms)
		AwakeInstancesAfterBackupRestoration (0ms)
========================================================================
Worker process is ready to serve import requests
Begin MonoManager ReloadAssembly
- Loaded All Assemblies, in  1.393 seconds
Refreshing native plugins compatible for Editor in 4.41 ms, found 4 plugins.
Native extension for WindowsStandalone target not found
Native extension for Android target not found
Native extension for WebGL target not found
Package Manager log level set to [2]
[Package Manager] Server::EnsureServerProcessIsRunning -- launch failed, reason: Unity was launched with the -noUpm command-line argument
[Package Manager] UpmClient::Send -- Unable to send message (not connected to UPM process).
[Package Manager] Cannot connect to Unity Package Manager local server
Mono: successfully reloaded assembly
- Finished resetting the current domain, in  1.054 seconds
Domain Reload Profiling: 2443ms
	BeginReloadAssembly (232ms)
		ExecutionOrderSort (0ms)
		DisableScriptedObjects (4ms)
		BackupInstance (0ms)
		ReleaseScriptingObjects (0ms)
		CreateAndSetChildDomain (30ms)
	RebuildCommonClasses (209ms)
	RebuildNativeTypeToScriptingClass (50ms)
	initialDomainReloadingComplete (117ms)
	LoadAllAssembliesAndSetupDomain (781ms)
		LoadAssemblies (547ms)
		RebuildTransferFunctionScriptingTraits (0ms)
		AnalyzeDomain (398ms)
			TypeCache.Refresh (357ms)
				TypeCache.ScanAssembly (330ms)
			ScanForSourceGeneratedMonoScriptInfo (34ms)
			ResolveRequiredComponents (5ms)
	FinalizeReload (1055ms)
		ReleaseScriptCaches (0ms)
		RebuildScriptCaches (0ms)
		SetupLoadedEditorAssemblies (837ms)
			LogAssemblyErrors (0ms)
			InitializePlatformSupportModulesInManaged (33ms)
			SetLoadedEditorAssemblies (4ms)
			RefreshPlugins (0ms)
			BeforeProcessingInitializeOnLoad (135ms)
			ProcessInitializeOnLoadAttributes (623ms)
			ProcessInitializeOnLoadMethodAttributes (38ms)
			AfterProcessingInitializeOnLoad (4ms)
			EditorAssembliesLoaded (0ms)
		ExecutionOrderSort2 (0ms)
		AwakeInstancesAfterBackupRestoration (6ms)
Launched and connected shader compiler UnityShaderCompiler.exe after 0.04 seconds
Refreshing native plugins compatible for Editor in 3.67 ms, found 4 plugins.
Preloading 0 native plugins for Editor in 0.00 ms.
Unloading 4409 Unused Serialized files (Serialized files now loaded: 0)
Unloading 76 unused Assets / (246.5 KB). Loaded Objects now: 4871.
Memory consumption went from 153.7 MB to 153.4 MB.
Total: 4.973800 ms (FindLiveObjects: 0.320700 ms CreateObjectMapping: 0.202100 ms MarkObjects: 4.201500 ms  DeleteObjects: 0.248300 ms)

AssetImportParameters requested are different than current active one (requested -> active):
  custom:container-demuxer-ogg: 62fdf1f143b41e24485cea50d1cbac27 -> 
  custom:video-codec-MediaFoundation-h265: 746d11721c4dcdbdad8f713fa42b33f4 -> 
  custom:video-decoder-ogg-theora: a1e56fd34408186e4bbccfd4996cb3dc -> 
  custom:framework-win-MediaFoundation: 216162199b28c13a410421893ffa2e32 -> 
  custom:scripting/monoscript/fileName/PlayerController.cs: d93a52a180fbbe603a59e9aa6da73c83 -> 
  custom:scripting/monoscript/fileName/PlayerView.cs: 2db4183b3e2e2181fada8a072fe3e50f -> 
  custom:CustomObjectIndexerAttribute: 756ad292c208cfabdd7b50bc23989ffe -> 
  custom:container-demuxer-webm: 4f35f7cbe854078d1ac9338744f61a02 -> 
  custom:container-muxer-webm: aa71ff27fc2769a1b78a27578f13a17b -> 
  custom:video-decoder-webm-vp8: 9c59270c3fd7afecdb556c50c9e8de78 -> 
  custom:SearchIndexIgnoredProperties: e643bd26f0fe6173181afceb89e7c659 -> 
  custom:AudioImporter_EditorPlatform: d09bf68614088b80899f8185d706f6e7 -> 
  custom:video-encoder-webm-vp8: eb34c28f22e8b96e1ab97ce403110664 -> 
  custom:audio-decoder-ogg-vorbis: bf7c407c2cedff20999df2af8eb42d56 -> 
  custom:audio-encoder-webm-vorbis: bf7c407c2cedff20999df2af8eb42d56 -> 
========================================================================
Received Import Request.
  Time since last request: 22166.661972 seconds.
  path: Assets/2D/Character/char_a_p1/5hat/char_a_p1_5hat_pfht_v04.png
  artifactKey: Guid(4825f30cbc4b26b478e57bee0d8ece46) Importer(2089858483,0ecaa5967403d082aa24f35e1b516d23)
Start importing Assets/2D/Character/char_a_p1/5hat/char_a_p1_5hat_pfht_v04.png using Guid(4825f30cbc4b26b478e57bee0d8ece46) Importer(2089858483,0ecaa5967403d082aa24f35e1b516d23)  -> (artifact id: 'e07722a5b1712862eb7aaecab1cbfe13') in 0.290669 seconds
Number of updated asset objects reloaded before import = 0
Number of asset objects unloaded after import = 66
========================================================================
Received Import Request.
  Time since last request: 0.000023 seconds.
  path: Assets/2D/Tileset/Props/tora_vx_02 copia_76.asset
  artifactKey: Guid(df53b75d9ca5f1e42b45e5d8a1fa1a00) Importer(2089858483,0ecaa5967403d082aa24f35e1b516d23)
Start importing Assets/2D/Tileset/Props/tora_vx_02 copia_76.asset using Guid(df53b75d9ca5f1e42b45e5d8a1fa1a00) Importer(2089858483,0ecaa5967403d082aa24f35e1b516d23)  -> (artifact id: 'df7b280621edce5a558a5d4a7327601f') in 0.022815 seconds
Number of updated asset objects reloaded before import = 0
Number of asset objects unloaded after import = 3
========================================================================
Received Import Request.
  Time since last request: 0.000018 seconds.
  path: Assets/2D/Tileset/Props/tora_vx_02 copia_90.asset
  artifactKey: Guid(9f74ff94f86b83945bc4b6947188349e) Importer(2089858483,0ecaa5967403d082aa24f35e1b516d23)
Start importing Assets/2D/Tileset/Props/tora_vx_02 copia_90.asset using Guid(9f74ff94f86b83945bc4b6947188349e) Importer(2089858483,0ecaa5967403d082aa24f35e1b516d23)  -> (artifact id: '3c2f13568773d402c34f5598ff1520f4') in 0.014847 seconds
Number of updated asset objects reloaded before import = 0
Number of asset objects unloaded after import = 3
========================================================================
Received Import Request.
  Time since last request: 0.000015 seconds.
  path: Assets/2D/Tileset/Props/tora_vx_02 copia_98.asset
  artifactKey: Guid(a980d1cbd852b6449af7c2ffe474d5e4) Importer(2089858483,0ecaa5967403d082aa24f35e1b516d23)
Start importing Assets/2D/Tileset/Props/tora_vx_02 copia_98.asset using Guid(a980d1cbd852b6449af7c2ffe474d5e4) Importer(2089858483,0ecaa5967403d082aa24f35e1b516d23)  -> (artifact id: 'e75a951a9f974c0a50766b262085b387') in 0.011559 seconds
Number of updated asset objects reloaded before import = 0
Number of asset objects unloaded after import = 3
========================================================================
Received Import Request.
  Time since last request: 0.000022 seconds.
  path: Assets/2D/Tileset/Props/tora_vx_02 copia_69.asset
  artifactKey: Guid(aea10bc78a364684f8ee4e0da847e15a) Importer(2089858483,0ecaa5967403d082aa24f35e1b516d23)
Start importing Assets/2D/Tileset/Props/tora_vx_02 copia_69.asset using Guid(aea10bc78a364684f8ee4e0da847e15a) Importer(2089858483,0ecaa5967403d082aa24f35e1b516d23)  -> (artifact id: '0036dbc21e4384ff0a30c80cc0254be2') in 0.013791 seconds
Number of updated asset objects reloaded before import = 0
Number of asset objects unloaded after import = 3
========================================================================
Received Import Request.
  Time since last request: 0.000017 seconds.
  path: Assets/2D/SimplePixelUI/artwork/icons/locked.png
  artifactKey: Guid(6fb8719ffeb4cf0478c7a8d436d3a191) Importer(2089858483,0ecaa5967403d082aa24f35e1b516d23)
Start importing Assets/2D/SimplePixelUI/artwork/icons/locked.png using Guid(6fb8719ffeb4cf0478c7a8d436d3a191) Importer(2089858483,0ecaa5967403d082aa24f35e1b516d23)  -> (artifact id: 'a53689beacade9b626505d2643da2518') in 0.025928 seconds
Number of updated asset objects reloaded before import = 0
Number of asset objects unloaded after import = 3
========================================================================
Received Import Request.
  Time since last request: 0.000067 seconds.
  path: Assets/2D/Tileset/Props/tora_vx_02 copia_7.asset
  artifactKey: Guid(83e577055e590644f9e1c797e3f085eb) Importer(2089858483,0ecaa5967403d082aa24f35e1b516d23)
Start importing Assets/2D/Tileset/Props/tora_vx_02 copia_7.asset using Guid(83e577055e590644f9e1c797e3f085eb) Importer(2089858483,0ecaa5967403d082aa24f35e1b516d23)  -> (artifact id: '4dd9f0018b8b78915e2cb9b8009d083d') in 0.014408 seconds
Number of updated asset objects reloaded before import = 0
Number of asset objects unloaded after import = 3
========================================================================
Received Import Request.
  Time since last request: 0.000021 seconds.
  path: Assets/2D/Tileset/Props/tora_vx_02 copia_87.asset
  artifactKey: Guid(b7904076f7b7e8c46b9af92986ec5898) Importer(2089858483,0ecaa5967403d082aa24f35e1b516d23)
Start importing Assets/2D/Tileset/Props/tora_vx_02 copia_87.asset using Guid(b7904076f7b7e8c46b9af92986ec5898) Importer(2089858483,0ecaa5967403d082aa24f35e1b516d23)  -> (artifact id: '81bc43a981261b892f507bbe9bd5f456') in 0.014951 seconds
Number of updated asset objects reloaded before import = 0
Number of asset objects unloaded after import = 3
========================================================================
Received Import Request.
  Time since last request: 0.000026 seconds.
  path: Assets/MSC Animation Creator/Editor/Scripts/MSCAnimationSettings.cs
  artifactKey: Guid(4880e569a3af99548826e22d271c9f63) Importer(2089858483,0ecaa5967403d082aa24f35e1b516d23)
Start importing Assets/MSC Animation Creator/Editor/Scripts/MSCAnimationSettings.cs using Guid(4880e569a3af99548826e22d271c9f63) Importer(2089858483,0ecaa5967403d082aa24f35e1b516d23)  -> (artifact id: 'bd1947e68dcc1eac53f81bb7c82af58c') in 0.010776 seconds
Number of updated asset objects reloaded before import = 0
Number of asset objects unloaded after import = 1
========================================================================
Received Import Request.
  Time since last request: 0.000017 seconds.
  path: Assets/MSC Animation Creator/Resources/pre_sliced_sprites/empty_texture.png
  artifactKey: Guid(07ebbbc7d3cfbe741a40570f92cff8e1) Importer(2089858483,0ecaa5967403d082aa24f35e1b516d23)
Start importing Assets/MSC Animation Creator/Resources/pre_sliced_sprites/empty_texture.png using Guid(07ebbbc7d3cfbe741a40570f92cff8e1) Importer(2089858483,0ecaa5967403d082aa24f35e1b516d23)  -> (artifact id: 'd18377f31469fa8448c3da6555fa3955') in 0.100140 seconds
Number of updated asset objects reloaded before import = 0
Number of asset objects unloaded after import = 3
========================================================================
Received Import Request.
  Time since last request: 0.000030 seconds.
  path: Assets/2D/SimplePixelUI/update 1.15/prefabs/Dropdown_HHC.prefab
  artifactKey: Guid(bac122e7e8d52e841b560e3f3e7abb63) Importer(2089858483,0ecaa5967403d082aa24f35e1b516d23)
Start importing Assets/2D/SimplePixelUI/update 1.15/prefabs/Dropdown_HHC.prefab using Guid(bac122e7e8d52e841b560e3f3e7abb63) Importer(2089858483,0ecaa5967403d082aa24f35e1b516d23)  -> (artifact id: '4d9db5527849a92d2d1cb2b5cb6c358c') in 0.041390 seconds
Number of updated asset objects reloaded before import = 0
Number of asset objects unloaded after import = 60
========================================================================
Received Import Request.
  Time since last request: 0.000022 seconds.
  path: Assets/2D/SimplePixelUI/fonts/Font1/pixelfont.ttf
  artifactKey: Guid(b6349d08a5335cd4aa534282435d11cc) Importer(2089858483,0ecaa5967403d082aa24f35e1b516d23)
Start importing Assets/2D/SimplePixelUI/fonts/Font1/pixelfont.ttf using Guid(b6349d08a5335cd4aa534282435d11cc) Importer(2089858483,0ecaa5967403d082aa24f35e1b516d23)  -> (artifact id: '0b4fb6b050b0c736ebc35c9ce31c14d0') in 0.023266 seconds
Number of updated asset objects reloaded before import = 0
Number of asset objects unloaded after import = 3
========================================================================
Received Import Request.
  Time since last request: 0.000019 seconds.
  path: Assets/MSC Animation Creator/Resources/pre_sliced_sprites/p1C/cloak.png
  artifactKey: Guid(a6e7c6b6aa44e40418af8fde9281e3d9) Importer(2089858483,0ecaa5967403d082aa24f35e1b516d23)
Start importing Assets/MSC Animation Creator/Resources/pre_sliced_sprites/p1C/cloak.png using Guid(a6e7c6b6aa44e40418af8fde9281e3d9) Importer(2089858483,0ecaa5967403d082aa24f35e1b516d23)  -> (artifact id: '4d98bf7230ba78f874ab0aa228d27d15') in 0.164491 seconds
Number of updated asset objects reloaded before import = 0
Number of asset objects unloaded after import = 66
========================================================================
Received Import Request.
  Time since last request: 0.000017 seconds.
  path: Assets/MSC Animation Creator/Resources/pre_sliced_sprites/p1C/hair.png
  artifactKey: Guid(3e6c1a79dc1a8174ea62d72df8026363) Importer(2089858483,0ecaa5967403d082aa24f35e1b516d23)
Start importing Assets/MSC Animation Creator/Resources/pre_sliced_sprites/p1C/hair.png using Guid(3e6c1a79dc1a8174ea62d72df8026363) Importer(2089858483,0ecaa5967403d082aa24f35e1b516d23)  -> (artifact id: '19683ca979995ea6c0cfd9e52c76dd42') in 0.508650 seconds
Number of updated asset objects reloaded before import = 0
Number of asset objects unloaded after import = 66
========================================================================
Received Import Request.
  Time since last request: 0.000036 seconds.
  path: Assets/MSC Animation Creator/Resources/pre_sliced_sprites/p2/body.png
  artifactKey: Guid(d986beaa4d56b4c4f868cbf254705bea) Importer(2089858483,0ecaa5967403d082aa24f35e1b516d23)
Start importing Assets/MSC Animation Creator/Resources/pre_sliced_sprites/p2/body.png using Guid(d986beaa4d56b4c4f868cbf254705bea) Importer(2089858483,0ecaa5967403d082aa24f35e1b516d23)  -> (artifact id: '22cdff4da41069f93ad2b0217f90b5f0') in 0.277838 seconds
Number of updated asset objects reloaded before import = 0
Number of asset objects unloaded after import = 66
========================================================================
Received Import Request.
  Time since last request: 0.000038 seconds.
  path: Assets/2D/SimplePixelUI/update 1.15/prefabs/Dropdown_rounded_CC.prefab
  artifactKey: Guid(be368f3d77f19a3458f23d39a2e9c1f9) Importer(2089858483,0ecaa5967403d082aa24f35e1b516d23)
Start importing Assets/2D/SimplePixelUI/update 1.15/prefabs/Dropdown_rounded_CC.prefab using Guid(be368f3d77f19a3458f23d39a2e9c1f9) Importer(2089858483,0ecaa5967403d082aa24f35e1b516d23)  -> (artifact id: 'fe87f2b173c15d714ad5406e1b33b37d') in 0.029777 seconds
Number of updated asset objects reloaded before import = 0
Number of asset objects unloaded after import = 60
========================================================================
Received Import Request.
  Time since last request: 0.000032 seconds.
  path: Assets/MSC Animation Creator/Resources/pre_sliced_sprites/p1B/cloak.png
  artifactKey: Guid(15e03538f3faed14489c9952923816b5) Importer(2089858483,0ecaa5967403d082aa24f35e1b516d23)
Start importing Assets/MSC Animation Creator/Resources/pre_sliced_sprites/p1B/cloak.png using Guid(15e03538f3faed14489c9952923816b5) Importer(2089858483,0ecaa5967403d082aa24f35e1b516d23)  -> (artifact id: 'e0dec230ccf09c067423c5b10b3dc260') in 0.438529 seconds
Number of updated asset objects reloaded before import = 0
Number of asset objects unloaded after import = 66
========================================================================
Received Import Request.
  Time since last request: 0.000023 seconds.
  path: Assets/MSC Animation Creator/Resources/pre_sliced_sprites/p3/sectool.png
  artifactKey: Guid(8d3d7f0efadc32f48a343a6edcdb4c68) Importer(2089858483,0ecaa5967403d082aa24f35e1b516d23)
Start importing Assets/MSC Animation Creator/Resources/pre_sliced_sprites/p3/sectool.png using Guid(8d3d7f0efadc32f48a343a6edcdb4c68) Importer(2089858483,0ecaa5967403d082aa24f35e1b516d23)  -> (artifact id: 'd57e72e5a43918c8558aa644ba08b7c1') in 0.198748 seconds
Number of updated asset objects reloaded before import = 0
Number of asset objects unloaded after import = 38
========================================================================
Received Import Request.
  Time since last request: 0.000046 seconds.
  path: Assets/MSC Animation Creator/Resources/pre_sliced_sprites/p1C/sectool.png
  artifactKey: Guid(55e9481fe01fa134990671fd9d6640ab) Importer(2089858483,0ecaa5967403d082aa24f35e1b516d23)
Start importing Assets/MSC Animation Creator/Resources/pre_sliced_sprites/p1C/sectool.png using Guid(55e9481fe01fa134990671fd9d6640ab) Importer(2089858483,0ecaa5967403d082aa24f35e1b516d23)  -> (artifact id: 'baeae24d5f9b7e68ecc3b4e652970436') in 0.267368 seconds
Number of updated asset objects reloaded before import = 0
Number of asset objects unloaded after import = 66
========================================================================
Received Import Request.
  Time since last request: 0.000030 seconds.
  path: Assets/MSC Animation Creator/Resources/pre_sliced_sprites/p3/hair.png
  artifactKey: Guid(ddf669865d07e3444a9317d8942805dd) Importer(2089858483,0ecaa5967403d082aa24f35e1b516d23)
Start importing Assets/MSC Animation Creator/Resources/pre_sliced_sprites/p3/hair.png using Guid(ddf669865d07e3444a9317d8942805dd) Importer(2089858483,0ecaa5967403d082aa24f35e1b516d23)  -> (artifact id: 'a10d6b9b8a439aaa9801e7403c44ec5b') in 0.142098 seconds
Number of updated asset objects reloaded before import = 0
Number of asset objects unloaded after import = 38
========================================================================
Received Import Request.
  Time since last request: 0.000034 seconds.
  path: Assets/2D/SimplePixelUI/artwork/colorCustomizible/rounded/Background_CC_rounded.png
  artifactKey: Guid(8117ad03e7d28324f97b6eddfdcd1e1d) Importer(2089858483,0ecaa5967403d082aa24f35e1b516d23)
Start importing Assets/2D/SimplePixelUI/artwork/colorCustomizible/rounded/Background_CC_rounded.png using Guid(8117ad03e7d28324f97b6eddfdcd1e1d) Importer(2089858483,0ecaa5967403d082aa24f35e1b516d23)  -> (artifact id: 'e589aee09123dc470a862d3a6f97b7fb') in 0.036830 seconds
Number of updated asset objects reloaded before import = 0
Number of asset objects unloaded after import = 3
========================================================================
Received Import Request.
  Time since last request: 0.000026 seconds.
  path: Assets/MSC Animation Creator/Resources/pre_sliced_sprites/p4/top.png
  artifactKey: Guid(96b27a68d69f2e0478fad2d62c37a7ea) Importer(2089858483,0ecaa5967403d082aa24f35e1b516d23)
Start importing Assets/MSC Animation Creator/Resources/pre_sliced_sprites/p4/top.png using Guid(96b27a68d69f2e0478fad2d62c37a7ea) Importer(2089858483,0ecaa5967403d082aa24f35e1b516d23)  -> (artifact id: '41580f3c23e7132bf6339e1cef45cfe1') in 0.284091 seconds
Number of updated asset objects reloaded before import = 0
Number of asset objects unloaded after import = 66
========================================================================
Received Import Request.
  Time since last request: 0.000015 seconds.
  path: Assets/MSC Animation Creator/Resources/pre_sliced_sprites/p2/top.png
  artifactKey: Guid(af57559bc3a7fce4c8e9a85ee3cb15da) Importer(2089858483,0ecaa5967403d082aa24f35e1b516d23)
Start importing Assets/MSC Animation Creator/Resources/pre_sliced_sprites/p2/top.png using Guid(af57559bc3a7fce4c8e9a85ee3cb15da) Importer(2089858483,0ecaa5967403d082aa24f35e1b516d23)  -> (artifact id: '0b8813114766eb85623cdd56bfb11e18') in 0.224004 seconds
Number of updated asset objects reloaded before import = 0
Number of asset objects unloaded after import = 66
========================================================================
Received Import Request.
  Time since last request: 0.000020 seconds.
  path: Assets/2D/SimplePixelUI/fonts/Font1/license.txt
  artifactKey: Guid(4880c10f3e217bc41b2e82a577bcd5fa) Importer(2089858483,0ecaa5967403d082aa24f35e1b516d23)
Start importing Assets/2D/SimplePixelUI/fonts/Font1/license.txt using Guid(4880c10f3e217bc41b2e82a577bcd5fa) Importer(2089858483,0ecaa5967403d082aa24f35e1b516d23)  -> (artifact id: 'ebabcf6745ef8610545da98e8ed5c2eb') in 0.008003 seconds
Number of updated asset objects reloaded before import = 0
Number of asset objects unloaded after import = 1
========================================================================
Received Import Request.
  Time since last request: 0.000012 seconds.
  path: Assets/2D/SimplePixelUI/artwork/gray/rounded/InputField_Rounded_GB.png
  artifactKey: Guid(1fefa8882d58a0b428f620326210b021) Importer(2089858483,0ecaa5967403d082aa24f35e1b516d23)
Start importing Assets/2D/SimplePixelUI/artwork/gray/rounded/InputField_Rounded_GB.png using Guid(1fefa8882d58a0b428f620326210b021) Importer(2089858483,0ecaa5967403d082aa24f35e1b516d23)  -> (artifact id: '61ec09a9b7920b0ee83721c543de5833') in 0.019349 seconds
Number of updated asset objects reloaded before import = 0
Number of asset objects unloaded after import = 3
========================================================================
Received Import Request.
  Time since last request: 0.000014 seconds.
  path: Assets/2D/Tileset/Props/tora_vx_02 copia_68.asset
  artifactKey: Guid(f64e0751ddce7da4a9d38e0fae0450a8) Importer(2089858483,0ecaa5967403d082aa24f35e1b516d23)
Start importing Assets/2D/Tileset/Props/tora_vx_02 copia_68.asset using Guid(f64e0751ddce7da4a9d38e0fae0450a8) Importer(2089858483,0ecaa5967403d082aa24f35e1b516d23)  -> (artifact id: '72ee9f95ab529561107222a9eb8e6768') in 0.011793 seconds
Number of updated asset objects reloaded before import = 0
Number of asset objects unloaded after import = 3
========================================================================
Received Import Request.
  Time since last request: 0.000013 seconds.
  path: Assets/2D/SimplePixelUI/artwork/icons/isons_black.png
  artifactKey: Guid(84356da12a8249c499e709f4475f15d8) Importer(2089858483,0ecaa5967403d082aa24f35e1b516d23)
Start importing Assets/2D/SimplePixelUI/artwork/icons/isons_black.png using Guid(84356da12a8249c499e709f4475f15d8) Importer(2089858483,0ecaa5967403d082aa24f35e1b516d23)  -> (artifact id: 'f063f841b397c074d77b25a21c14eb77') in 0.072316 seconds
Number of updated asset objects reloaded before import = 0
Number of asset objects unloaded after import = 37
========================================================================
Received Import Request.
  Time since last request: 0.000015 seconds.
  path: Assets/MSC Animation Creator/Resources/pre_sliced_sprites/p2/cloak.png
  artifactKey: Guid(497c4d2e865f89f4aa84b3de1d45158e) Importer(2089858483,0ecaa5967403d082aa24f35e1b516d23)
Start importing Assets/MSC Animation Creator/Resources/pre_sliced_sprites/p2/cloak.png using Guid(497c4d2e865f89f4aa84b3de1d45158e) Importer(2089858483,0ecaa5967403d082aa24f35e1b516d23)  -> (artifact id: '7ea882113ebb5b8d3dcbd64222b00f10') in 0.155252 seconds
Number of updated asset objects reloaded before import = 0
Number of asset objects unloaded after import = 66
========================================================================
Received Import Request.
  Time since last request: 0.000015 seconds.
  path: Assets/2D/SimplePixelUI/artwork/colorCustomizible/square/slot.png
  artifactKey: Guid(4a7e5d2419d92754da4c0f6996f2e419) Importer(2089858483,0ecaa5967403d082aa24f35e1b516d23)
Start importing Assets/2D/SimplePixelUI/artwork/colorCustomizible/square/slot.png using Guid(4a7e5d2419d92754da4c0f6996f2e419) Importer(2089858483,0ecaa5967403d082aa24f35e1b516d23)  -> (artifact id: '526178f566852dfa7b0d3bf37771a76b') in 0.051107 seconds
Number of updated asset objects reloaded before import = 0
Number of asset objects unloaded after import = 3
========================================================================
Received Import Request.
  Time since last request: 0.000022 seconds.
  path: Assets/2D/SimplePixelUI/artwork/colorCustomizible/square/health_bar.png
  artifactKey: Guid(82306ec1555e74d41b5fc97d5e09f8e2) Importer(2089858483,0ecaa5967403d082aa24f35e1b516d23)
Start importing Assets/2D/SimplePixelUI/artwork/colorCustomizible/square/health_bar.png using Guid(82306ec1555e74d41b5fc97d5e09f8e2) Importer(2089858483,0ecaa5967403d082aa24f35e1b516d23)  -> (artifact id: '6566e2fb6d5a4d777f95eb99f7a9879e') in 0.020396 seconds
Number of updated asset objects reloaded before import = 0
Number of asset objects unloaded after import = 3
========================================================================
Received Import Request.
  Time since last request: 0.000016 seconds.
  path: Assets/MSC Animation Creator/Resources/pre_sliced_sprites/p1B/body.png
  artifactKey: Guid(256fc31cdc5c9a64781de723abc56cc8) Importer(2089858483,0ecaa5967403d082aa24f35e1b516d23)
Start importing Assets/MSC Animation Creator/Resources/pre_sliced_sprites/p1B/body.png using Guid(256fc31cdc5c9a64781de723abc56cc8) Importer(2089858483,0ecaa5967403d082aa24f35e1b516d23)  -> (artifact id: '7dfc6730a6b9d35fae11650ff2214aca') in 0.407122 seconds
Number of updated asset objects reloaded before import = 0
Number of asset objects unloaded after import = 66
========================================================================
Received Import Request.
  Time since last request: 0.000023 seconds.
  path: Assets/2D/SimplePixelUI/artwork/gray/rounded/Slot3D_rounded_GB.png
  artifactKey: Guid(e6740c9f7a7baa14295478a4b5643c75) Importer(2089858483,0ecaa5967403d082aa24f35e1b516d23)
Start importing Assets/2D/SimplePixelUI/artwork/gray/rounded/Slot3D_rounded_GB.png using Guid(e6740c9f7a7baa14295478a4b5643c75) Importer(2089858483,0ecaa5967403d082aa24f35e1b516d23)  -> (artifact id: '6ef9071170fdc72b41719e976e4622b1') in 0.024753 seconds
Number of updated asset objects reloaded before import = 0
Number of asset objects unloaded after import = 3
========================================================================
Received Import Request.
  Time since last request: 0.000023 seconds.
  path: Assets/2D/SimplePixelUI/artwork/halfcustomizible/rounded/Slot3D_rounded_HCC.png
  artifactKey: Guid(e9f6aafb7c1ac98418d3b3877065d261) Importer(2089858483,0ecaa5967403d082aa24f35e1b516d23)
Start importing Assets/2D/SimplePixelUI/artwork/halfcustomizible/rounded/Slot3D_rounded_HCC.png using Guid(e9f6aafb7c1ac98418d3b3877065d261) Importer(2089858483,0ecaa5967403d082aa24f35e1b516d23)  -> (artifact id: '73e60718d8cae4f5380c5b1ecfc24a15') in 0.045341 seconds
Number of updated asset objects reloaded before import = 0
Number of asset objects unloaded after import = 3
========================================================================
Received Import Request.
  Time since last request: 0.000018 seconds.
  path: Assets/2D/SimplePixelUI/artwork/halfcustomizible/rounded/border_Rounded_HCC.png
  artifactKey: Guid(0b9aaf1443f6b9844a66beafdcf25098) Importer(2089858483,0ecaa5967403d082aa24f35e1b516d23)
Start importing Assets/2D/SimplePixelUI/artwork/halfcustomizible/rounded/border_Rounded_HCC.png using Guid(0b9aaf1443f6b9844a66beafdcf25098) Importer(2089858483,0ecaa5967403d082aa24f35e1b516d23)  -> (artifact id: '964044a29056488c3cf258afc797f9aa') in 0.023392 seconds
Number of updated asset objects reloaded before import = 0
Number of asset objects unloaded after import = 3
========================================================================
Received Import Request.
  Time since last request: 0.000015 seconds.
  path: Assets/2D/SimplePixelUI/prefabs/color_customizible/rounded/Inventory.prefab
  artifactKey: Guid(fb7771b5a54c6d84d918b2f49b20468d) Importer(2089858483,0ecaa5967403d082aa24f35e1b516d23)
Start importing Assets/2D/SimplePixelUI/prefabs/color_customizible/rounded/Inventory.prefab using Guid(fb7771b5a54c6d84d918b2f49b20468d) Importer(2089858483,0ecaa5967403d082aa24f35e1b516d23)  -> (artifact id: 'b0f30d7baf628b9fe260bed815f0948e') in 0.041116 seconds
Number of updated asset objects reloaded before import = 0
Number of asset objects unloaded after import = 53
========================================================================
Received Import Request.
  Time since last request: 0.000026 seconds.
  path: Assets/2D/Tileset/Props/tora_vx_02 copia_70.asset
  artifactKey: Guid(e17788cb72a20bc4ea34c615a17656ee) Importer(2089858483,0ecaa5967403d082aa24f35e1b516d23)
Start importing Assets/2D/Tileset/Props/tora_vx_02 copia_70.asset using Guid(e17788cb72a20bc4ea34c615a17656ee) Importer(2089858483,0ecaa5967403d082aa24f35e1b516d23)  -> (artifact id: '00a074962823c43fe1ea3176630bb5fe') in 0.013127 seconds
Number of updated asset objects reloaded before import = 0
Number of asset objects unloaded after import = 3
========================================================================
Received Import Request.
  Time since last request: 0.000019 seconds.
  path: Assets/2D/SimplePixelUI/prefabs/Gray_black/rounded/Inventory.prefab
  artifactKey: Guid(569801959b8517443825f7b42a65f256) Importer(2089858483,0ecaa5967403d082aa24f35e1b516d23)
Start importing Assets/2D/SimplePixelUI/prefabs/Gray_black/rounded/Inventory.prefab using Guid(569801959b8517443825f7b42a65f256) Importer(2089858483,0ecaa5967403d082aa24f35e1b516d23)  -> (artifact id: '7c8195dd1af64f6421e1a29814888470') in 0.013452 seconds
Number of updated asset objects reloaded before import = 0
Number of asset objects unloaded after import = 53
========================================================================
Received Import Request.
  Time since last request: 0.000016 seconds.
  path: Assets/MSC Animation Creator/Resources/Animations/base/climb/bodyclimbup.anim
  artifactKey: Guid(c0285bf9dede415419a5a0923d6a69cd) Importer(2089858483,0ecaa5967403d082aa24f35e1b516d23)
Start importing Assets/MSC Animation Creator/Resources/Animations/base/climb/bodyclimbup.anim using Guid(c0285bf9dede415419a5a0923d6a69cd) Importer(2089858483,0ecaa5967403d082aa24f35e1b516d23)  -> (artifact id: 'db24fa45fe6b3c42ec71989c52f19292') in 0.363156 seconds
Number of updated asset objects reloaded before import = 0
Number of asset objects unloaded after import = 1
========================================================================
Received Import Request.
  Time since last request: 0.000853 seconds.
  path: Assets/2D/SimplePixelUI/prefabs/Half_color_customizible/square/backgroundHalfCustom.prefab
  artifactKey: Guid(34a5085941dd5244ea00b4973da6826c) Importer(2089858483,0ecaa5967403d082aa24f35e1b516d23)
Start importing Assets/2D/SimplePixelUI/prefabs/Half_color_customizible/square/backgroundHalfCustom.prefab using Guid(34a5085941dd5244ea00b4973da6826c) Importer(2089858483,0ecaa5967403d082aa24f35e1b516d23)  -> (artifact id: '82f8824e6935efcfd8fac01cb6d8e5ab') in 0.031483 seconds
Number of updated asset objects reloaded before import = 0
Number of asset objects unloaded after import = 7
========================================================================
Received Import Request.
  Time since last request: 0.000034 seconds.
  path: Assets/MSC Animation Creator/Resources/Animations/base/fishing/bodyfishingcastleft.anim
  artifactKey: Guid(b144bde4b21eddf49a58958e3688f078) Importer(2089858483,0ecaa5967403d082aa24f35e1b516d23)
Start importing Assets/MSC Animation Creator/Resources/Animations/base/fishing/bodyfishingcastleft.anim using Guid(b144bde4b21eddf49a58958e3688f078) Importer(2089858483,0ecaa5967403d082aa24f35e1b516d23)  -> (artifact id: '2d172d9bd821ef3c624ff52a9898d350') in 0.038151 seconds
Number of updated asset objects reloaded before import = 0
Number of asset objects unloaded after import = 1
========================================================================
Received Import Request.
  Time since last request: 0.000028 seconds.
  path: Assets/2D/SimplePixelUI/prefabs/Half_color_customizible/square/Inventory.prefab
  artifactKey: Guid(d7b27cefb8f78bf4b988766fe2ac0aca) Importer(2089858483,0ecaa5967403d082aa24f35e1b516d23)
Start importing Assets/2D/SimplePixelUI/prefabs/Half_color_customizible/square/Inventory.prefab using Guid(d7b27cefb8f78bf4b988766fe2ac0aca) Importer(2089858483,0ecaa5967403d082aa24f35e1b516d23)  -> (artifact id: '9d11d04bd1fcb2880044d0aee0fee334') in 0.136820 seconds
Number of updated asset objects reloaded before import = 0
Number of asset objects unloaded after import = 54
========================================================================
Received Import Request.
  Time since last request: 0.000035 seconds.
  path: Assets/MSC Animation Creator/Resources/Animations/base/jump/bodyjumpright.anim
  artifactKey: Guid(99e51103e6fb5b74a9ba6f3534b78660) Importer(2089858483,0ecaa5967403d082aa24f35e1b516d23)
Start importing Assets/MSC Animation Creator/Resources/Animations/base/jump/bodyjumpright.anim using Guid(99e51103e6fb5b74a9ba6f3534b78660) Importer(2089858483,0ecaa5967403d082aa24f35e1b516d23)  -> (artifact id: '646cc1ed31f28147259e765096e4c806') in 0.089909 seconds
Number of updated asset objects reloaded before import = 0
Number of asset objects unloaded after import = 1
========================================================================
Received Import Request.
  Time since last request: 0.000041 seconds.
  path: Assets/MSC Animation Creator/Resources/Animations/base/idle2/bodyidle2down.anim
  artifactKey: Guid(cb8344e56e0ef154a90a77f950ee152f) Importer(2089858483,0ecaa5967403d082aa24f35e1b516d23)
Start importing Assets/MSC Animation Creator/Resources/Animations/base/idle2/bodyidle2down.anim using Guid(cb8344e56e0ef154a90a77f950ee152f) Importer(2089858483,0ecaa5967403d082aa24f35e1b516d23)  -> (artifact id: 'bc4c399dde5814f9014529670ed0c1aa') in 0.038592 seconds
Number of updated asset objects reloaded before import = 0
Number of asset objects unloaded after import = 1
========================================================================
Received Import Request.
  Time since last request: 0.000692 seconds.
  path: Assets/MSC Animation Creator/Resources/Animations/base/jump/bodyjumpleft.anim
  artifactKey: Guid(2b03fea9936254e468c905dd2726b71c) Importer(2089858483,0ecaa5967403d082aa24f35e1b516d23)
Start importing Assets/MSC Animation Creator/Resources/Animations/base/jump/bodyjumpleft.anim using Guid(2b03fea9936254e468c905dd2726b71c) Importer(2089858483,0ecaa5967403d082aa24f35e1b516d23)  -> (artifact id: 'd3b0fb987ab327e77c7f2e6980b1c71c') in 0.028433 seconds
Number of updated asset objects reloaded before import = 0
Number of asset objects unloaded after import = 1
========================================================================
Received Import Request.
  Time since last request: 0.000099 seconds.
  path: Assets/MSC Animation Creator/Resources/Animations/base/idle/bodyidledown.anim
  artifactKey: Guid(d28f9abfac660e841a5e3a7bea0808b5) Importer(2089858483,0ecaa5967403d082aa24f35e1b516d23)
Start importing Assets/MSC Animation Creator/Resources/Animations/base/idle/bodyidledown.anim using Guid(d28f9abfac660e841a5e3a7bea0808b5) Importer(2089858483,0ecaa5967403d082aa24f35e1b516d23)  -> (artifact id: '642cae125ed05863f8406515ca10e49e') in 0.053673 seconds
Number of updated asset objects reloaded before import = 0
Number of asset objects unloaded after import = 1
========================================================================
Received Import Request.
  Time since last request: 0.000058 seconds.
  path: Assets/MSC Animation Creator/Resources/Animations/base/jump/bodyjumpdown.anim
  artifactKey: Guid(abfdcbe6c7fe28643b158432196417c6) Importer(2089858483,0ecaa5967403d082aa24f35e1b516d23)
Start importing Assets/MSC Animation Creator/Resources/Animations/base/jump/bodyjumpdown.anim using Guid(abfdcbe6c7fe28643b158432196417c6) Importer(2089858483,0ecaa5967403d082aa24f35e1b516d23)  -> (artifact id: '07208ff00af78af4a27538b2ee185632') in 0.027429 seconds
Number of updated asset objects reloaded before import = 0
Number of asset objects unloaded after import = 1
========================================================================
Received Import Request.
  Time since last request: 0.000026 seconds.
  path: Assets/MSC Animation Creator/Resources/Animations/base/fishing/bodyfishingshowup.anim
  artifactKey: Guid(9d11d0c597430284a9fe889c4f16d699) Importer(2089858483,0ecaa5967403d082aa24f35e1b516d23)
Start importing Assets/MSC Animation Creator/Resources/Animations/base/fishing/bodyfishingshowup.anim using Guid(9d11d0c597430284a9fe889c4f16d699) Importer(2089858483,0ecaa5967403d082aa24f35e1b516d23)  -> (artifact id: '01f3465382c90d802de3450e933f9cfa') in 0.030617 seconds
Number of updated asset objects reloaded before import = 0
Number of asset objects unloaded after import = 1
========================================================================
Received Import Request.
  Time since last request: 0.000043 seconds.
  path: Assets/2D/SimplePixelUI/prefabs/color_customizible/square/Inventory.prefab
  artifactKey: Guid(26a96e4af2e8ff64e88f7fcaca984c12) Importer(2089858483,0ecaa5967403d082aa24f35e1b516d23)
Start importing Assets/2D/SimplePixelUI/prefabs/color_customizible/square/Inventory.prefab using Guid(26a96e4af2e8ff64e88f7fcaca984c12) Importer(2089858483,0ecaa5967403d082aa24f35e1b516d23)  -> (artifact id: '1f6c39d7c92146fcf53939231f7ae73c') in 0.027834 seconds
Number of updated asset objects reloaded before import = 0
Number of asset objects unloaded after import = 54
========================================================================
Received Import Request.
  Time since last request: 0.000025 seconds.
  path: Assets/MSC Animation Creator/Resources/pre_sliced_sprites/p1C/faceitems.png
  artifactKey: Guid(dfac75279a9ba7d4091fcad5fc7ffe11) Importer(2089858483,0ecaa5967403d082aa24f35e1b516d23)
Start importing Assets/MSC Animation Creator/Resources/pre_sliced_sprites/p1C/faceitems.png using Guid(dfac75279a9ba7d4091fcad5fc7ffe11) Importer(2089858483,0ecaa5967403d082aa24f35e1b516d23)  -> (artifact id: 'd4582ac6b33f8ee5483ed4cd7eea8f0a') in 0.483847 seconds
Number of updated asset objects reloaded before import = 0
Number of asset objects unloaded after import = 66
========================================================================
Received Import Request.
  Time since last request: 0.000036 seconds.
  path: Assets/MSC Animation Creator/Resources/Animations/base/run/bodyrunright.anim
  artifactKey: Guid(fd6126452905f7e4ebeb65d69a43bbf6) Importer(2089858483,0ecaa5967403d082aa24f35e1b516d23)
Start importing Assets/MSC Animation Creator/Resources/Animations/base/run/bodyrunright.anim using Guid(fd6126452905f7e4ebeb65d69a43bbf6) Importer(2089858483,0ecaa5967403d082aa24f35e1b516d23)  -> (artifact id: '47b4c617b01a4093333046494ec6309c') in 0.033625 seconds
Number of updated asset objects reloaded before import = 0
Number of asset objects unloaded after import = 1
========================================================================
Received Import Request.
  Time since last request: 0.000037 seconds.
  path: Assets/MSC Animation Creator/Resources/Animations/base/sittingstool/bodysittingstoolleft.anim
  artifactKey: Guid(f12b1599cd958e247960c9e1844bee54) Importer(2089858483,0ecaa5967403d082aa24f35e1b516d23)
Start importing Assets/MSC Animation Creator/Resources/Animations/base/sittingstool/bodysittingstoolleft.anim using Guid(f12b1599cd958e247960c9e1844bee54) Importer(2089858483,0ecaa5967403d082aa24f35e1b516d23)  -> (artifact id: '5167e357cc6c54d77bc972a0e2b36349') in 0.021558 seconds
Number of updated asset objects reloaded before import = 0
Number of asset objects unloaded after import = 1
========================================================================
Received Import Request.
  Time since last request: 0.000023 seconds.
  path: Assets/MSC Animation Creator/Resources/Animations/base/sittingground/bodysittinggroundleft.anim
  artifactKey: Guid(f84aef0cab318754e8a445d93dde8c40) Importer(2089858483,0ecaa5967403d082aa24f35e1b516d23)
Start importing Assets/MSC Animation Creator/Resources/Animations/base/sittingground/bodysittinggroundleft.anim using Guid(f84aef0cab318754e8a445d93dde8c40) Importer(2089858483,0ecaa5967403d082aa24f35e1b516d23)  -> (artifact id: '4fb9f617e10b2c1394a3c6d1f8f8bb33') in 0.018896 seconds
Number of updated asset objects reloaded before import = 0
Number of asset objects unloaded after import = 1
========================================================================
Received Import Request.
  Time since last request: 0.000018 seconds.
  path: Assets/MSC Animation Creator/Resources/Animations/base/push/bodypushright.anim
  artifactKey: Guid(8f7f96bda5229874797adf1bc816fba1) Importer(2089858483,0ecaa5967403d082aa24f35e1b516d23)
Start importing Assets/MSC Animation Creator/Resources/Animations/base/push/bodypushright.anim using Guid(8f7f96bda5229874797adf1bc816fba1) Importer(2089858483,0ecaa5967403d082aa24f35e1b516d23)  -> (artifact id: '6536847de6719a0a816c06004b62bdaf') in 0.019135 seconds
Number of updated asset objects reloaded before import = 0
Number of asset objects unloaded after import = 1
========================================================================
Received Import Request.
  Time since last request: 0.000032 seconds.
  path: Assets/MSC Animation Creator/Resources/Animations/base/sideglance/bodysideglanceleft.anim
  artifactKey: Guid(4b799f95033612246b46242e1b3080f3) Importer(2089858483,0ecaa5967403d082aa24f35e1b516d23)
Start importing Assets/MSC Animation Creator/Resources/Animations/base/sideglance/bodysideglanceleft.anim using Guid(4b799f95033612246b46242e1b3080f3) Importer(2089858483,0ecaa5967403d082aa24f35e1b516d23)  -> (artifact id: '67d6100514051a1d8d4d03a56ab65a97') in 0.020950 seconds
Number of updated asset objects reloaded before import = 0
Number of asset objects unloaded after import = 1
========================================================================
Received Import Request.
  Time since last request: 0.000025 seconds.
  path: Assets/MSC Animation Creator/Resources/Animations/base/sittingground/bodysittinggroundright.anim
  artifactKey: Guid(e9dc9484f01689a4288dc8acb5828cb0) Importer(2089858483,0ecaa5967403d082aa24f35e1b516d23)
Start importing Assets/MSC Animation Creator/Resources/Animations/base/sittingground/bodysittinggroundright.anim using Guid(e9dc9484f01689a4288dc8acb5828cb0) Importer(2089858483,0ecaa5967403d082aa24f35e1b516d23)  -> (artifact id: 'e2ecbf327a656d5be5da09d518176d2a') in 0.021683 seconds
Number of updated asset objects reloaded before import = 0
Number of asset objects unloaded after import = 1
========================================================================
Received Import Request.
  Time since last request: 0.000022 seconds.
  path: Assets/MSC Animation Creator/Resources/Animations/base/pull/bodypullright.anim
  artifactKey: Guid(5b81d9cb19da6b3409dd88a8ad505df7) Importer(2089858483,0ecaa5967403d082aa24f35e1b516d23)
Start importing Assets/MSC Animation Creator/Resources/Animations/base/pull/bodypullright.anim using Guid(5b81d9cb19da6b3409dd88a8ad505df7) Importer(2089858483,0ecaa5967403d082aa24f35e1b516d23)  -> (artifact id: 'd784d622f3fcc677ca13e8c4d7dc975c') in 0.018802 seconds
Number of updated asset objects reloaded before import = 0
Number of asset objects unloaded after import = 1
========================================================================
Received Import Request.
  Time since last request: 0.000029 seconds.
  path: Assets/2D/SimplePixelUI/prefabs/Half_color_customizible/square/Border.prefab
  artifactKey: Guid(5a95ea74f5258b641b3edb0e9ac9cec5) Importer(2089858483,0ecaa5967403d082aa24f35e1b516d23)
Start importing Assets/2D/SimplePixelUI/prefabs/Half_color_customizible/square/Border.prefab using Guid(5a95ea74f5258b641b3edb0e9ac9cec5) Importer(2089858483,0ecaa5967403d082aa24f35e1b516d23)  -> (artifact id: '2974422401cafd063d1ce51bfdae2daa') in 0.018462 seconds
Number of updated asset objects reloaded before import = 0
Number of asset objects unloaded after import = 7
========================================================================
Received Import Request.
  Time since last request: 0.000017 seconds.
  path: Assets/2D/Tileset/Props/tora_vx_02 copia_85.asset
  artifactKey: Guid(c4fc064b4e328dc44a052e5dbc6604fb) Importer(2089858483,0ecaa5967403d082aa24f35e1b516d23)
Start importing Assets/2D/Tileset/Props/tora_vx_02 copia_85.asset using Guid(c4fc064b4e328dc44a052e5dbc6604fb) Importer(2089858483,0ecaa5967403d082aa24f35e1b516d23)  -> (artifact id: '5fd45aa39917924081ce4d27342a67e7') in 0.016119 seconds
Number of updated asset objects reloaded before import = 0
Number of asset objects unloaded after import = 3
========================================================================
Received Import Request.
  Time since last request: 0.000021 seconds.
  path: Assets/2D/SimplePixelUI/update 1.15/prefabs/Dropdown_rounded_HHC.prefab
  artifactKey: Guid(775847aaa5cc6944d8f6752abc6389a6) Importer(2089858483,0ecaa5967403d082aa24f35e1b516d23)
Start importing Assets/2D/SimplePixelUI/update 1.15/prefabs/Dropdown_rounded_HHC.prefab using Guid(775847aaa5cc6944d8f6752abc6389a6) Importer(2089858483,0ecaa5967403d082aa24f35e1b516d23)  -> (artifact id: '30cd067acfe630eb8497e84e21e7c129') in 0.023223 seconds
Number of updated asset objects reloaded before import = 0
Number of asset objects unloaded after import = 60
========================================================================
Received Import Request.
  Time since last request: 0.000019 seconds.
  path: Assets/MSC Animation Creator/Resources/Animations/base/push/bodypushdown.anim
  artifactKey: Guid(7cc2ea7f0c3cbbf42a80f5dd97e78156) Importer(2089858483,0ecaa5967403d082aa24f35e1b516d23)
Start importing Assets/MSC Animation Creator/Resources/Animations/base/push/bodypushdown.anim using Guid(7cc2ea7f0c3cbbf42a80f5dd97e78156) Importer(2089858483,0ecaa5967403d082aa24f35e1b516d23)  -> (artifact id: '36fdd5d8112efb8662d4474443723bf3') in 0.016335 seconds
Number of updated asset objects reloaded before import = 0
Number of asset objects unloaded after import = 1
========================================================================
Received Import Request.
  Time since last request: 0.000021 seconds.
  path: Assets/MSC Animation Creator/Resources/Animations/base/fishing/bodyfishingcastright.anim
  artifactKey: Guid(62dedd197f8fabe45b4cfd4151ebf979) Importer(2089858483,0ecaa5967403d082aa24f35e1b516d23)
Start importing Assets/MSC Animation Creator/Resources/Animations/base/fishing/bodyfishingcastright.anim using Guid(62dedd197f8fabe45b4cfd4151ebf979) Importer(2089858483,0ecaa5967403d082aa24f35e1b516d23)  -> (artifact id: '6cb1d219a7f8bcbeaf29ad307040bb17') in 0.018785 seconds
Number of updated asset objects reloaded before import = 0
Number of asset objects unloaded after import = 1
========================================================================
Received Import Request.
  Time since last request: 0.000020 seconds.
  path: Assets/2D/Tileset/Props/tora_vx_02 copia_17.asset
  artifactKey: Guid(68fb1bf8b7bc542458b2038b5baac699) Importer(2089858483,0ecaa5967403d082aa24f35e1b516d23)
Start importing Assets/2D/Tileset/Props/tora_vx_02 copia_17.asset using Guid(68fb1bf8b7bc542458b2038b5baac699) Importer(2089858483,0ecaa5967403d082aa24f35e1b516d23)  -> (artifact id: '2b6858e55f6ef2954482392d7b51c4c9') in 0.017944 seconds
Number of updated asset objects reloaded before import = 0
Number of asset objects unloaded after import = 3
========================================================================
Received Import Request.
  Time since last request: 0.000030 seconds.
  path: Assets/MSC Animation Creator/Resources/Animations/base/sittingstooldrinking/bodysittingstooldrinkingleft.anim
  artifactKey: Guid(90b31eaa84987db46b784a01cd2e449a) Importer(2089858483,0ecaa5967403d082aa24f35e1b516d23)
Start importing Assets/MSC Animation Creator/Resources/Animations/base/sittingstooldrinking/bodysittingstooldrinkingleft.anim using Guid(90b31eaa84987db46b784a01cd2e449a) Importer(2089858483,0ecaa5967403d082aa24f35e1b516d23)  -> (artifact id: '20b70cb0dc0d9671840f762c217b7294') in 0.019169 seconds
Number of updated asset objects reloaded before import = 0
Number of asset objects unloaded after import = 1
========================================================================
Received Import Request.
  Time since last request: 0.000022 seconds.
  path: Assets/MSC Animation Creator/Resources/Animations/base/sleep/bodysleepdown.anim
  artifactKey: Guid(ed7e991af8ae25b4f8e68480ca9cd02b) Importer(2089858483,0ecaa5967403d082aa24f35e1b516d23)
Start importing Assets/MSC Animation Creator/Resources/Animations/base/sleep/bodysleepdown.anim using Guid(ed7e991af8ae25b4f8e68480ca9cd02b) Importer(2089858483,0ecaa5967403d082aa24f35e1b516d23)  -> (artifact id: 'dd902125ccb16407e99046113d27be82') in 0.016411 seconds
Number of updated asset objects reloaded before import = 0
Number of asset objects unloaded after import = 1
========================================================================
Received Import Request.
  Time since last request: 0.000024 seconds.
  path: Assets/2D/SimplePixelUI/artwork/colorCustomizible/square/Buttons/button_1.png
  artifactKey: Guid(79042c13debeb044796be3b9aabbc85f) Importer(2089858483,0ecaa5967403d082aa24f35e1b516d23)
Start importing Assets/2D/SimplePixelUI/artwork/colorCustomizible/square/Buttons/button_1.png using Guid(79042c13debeb044796be3b9aabbc85f) Importer(2089858483,0ecaa5967403d082aa24f35e1b516d23)  -> (artifact id: '4e9d5a0dce90180305d8f8707eb95f53') in 0.030706 seconds
Number of updated asset objects reloaded before import = 0
Number of asset objects unloaded after import = 3
========================================================================
Received Import Request.
  Time since last request: 0.000023 seconds.
  path: Assets/2D/SimplePixelUI/artwork/colorCustomizible/square/Buttons/button_small_2.png
  artifactKey: Guid(503088ec4a4a1d4489b47a8a26098b49) Importer(2089858483,0ecaa5967403d082aa24f35e1b516d23)
Start importing Assets/2D/SimplePixelUI/artwork/colorCustomizible/square/Buttons/button_small_2.png using Guid(503088ec4a4a1d4489b47a8a26098b49) Importer(2089858483,0ecaa5967403d082aa24f35e1b516d23)  -> (artifact id: '62ee69cf23b03f9be12f2bb84dc4d34b') in 0.026531 seconds
Number of updated asset objects reloaded before import = 0
Number of asset objects unloaded after import = 3
========================================================================
Received Import Request.
  Time since last request: 0.000018 seconds.
  path: Assets/2D/SimplePixelUI/artwork/colorCustomizible/square/Buttons/button_small_1.png
  artifactKey: Guid(214e42740cbf6c1448b1f08fb3e30a55) Importer(2089858483,0ecaa5967403d082aa24f35e1b516d23)
Start importing Assets/2D/SimplePixelUI/artwork/colorCustomizible/square/Buttons/button_small_1.png using Guid(214e42740cbf6c1448b1f08fb3e30a55) Importer(2089858483,0ecaa5967403d082aa24f35e1b516d23)  -> (artifact id: '356983608cf7d39252ac5d49451555f9') in 0.029367 seconds
Number of updated asset objects reloaded before import = 0
Number of asset objects unloaded after import = 3
========================================================================
Received Import Request.
  Time since last request: 0.000023 seconds.
  path: Assets/2D/SimplePixelUI/artwork/colorCustomizible/rounded/buttons/button2_rounded_CC.png
  artifactKey: Guid(145f9f42fbe978947a25b213c84e7c2b) Importer(2089858483,0ecaa5967403d082aa24f35e1b516d23)
Start importing Assets/2D/SimplePixelUI/artwork/colorCustomizible/rounded/buttons/button2_rounded_CC.png using Guid(145f9f42fbe978947a25b213c84e7c2b) Importer(2089858483,0ecaa5967403d082aa24f35e1b516d23)  -> (artifact id: 'fd100ac1721e47f33d701d1d3def2ea5') in 0.032043 seconds
Number of updated asset objects reloaded before import = 0
Number of asset objects unloaded after import = 3
========================================================================
Received Import Request.
  Time since last request: 0.000019 seconds.
  path: Assets/MSC Animation Creator/Resources/Animations/base/sittingstoolasleep/bodysittingstoolasleepleft.anim
  artifactKey: Guid(150836a5f7292e149a68e718a2d7f23b) Importer(2089858483,0ecaa5967403d082aa24f35e1b516d23)
Start importing Assets/MSC Animation Creator/Resources/Animations/base/sittingstoolasleep/bodysittingstoolasleepleft.anim using Guid(150836a5f7292e149a68e718a2d7f23b) Importer(2089858483,0ecaa5967403d082aa24f35e1b516d23)  -> (artifact id: 'f45fca4cfd239ea990ebb04ff86a4890') in 0.012910 seconds
Number of updated asset objects reloaded before import = 0
Number of asset objects unloaded after import = 1
========================================================================
Received Import Request.
  Time since last request: 0.000051 seconds.
  path: Assets/2D/SimplePixelUI/artwork/colorCustomizible/rounded/buttons/button_rounded_CC.png
  artifactKey: Guid(434fa6af2ca63ad4ba4ea00b9270653b) Importer(2089858483,0ecaa5967403d082aa24f35e1b516d23)
Start importing Assets/2D/SimplePixelUI/artwork/colorCustomizible/rounded/buttons/button_rounded_CC.png using Guid(434fa6af2ca63ad4ba4ea00b9270653b) Importer(2089858483,0ecaa5967403d082aa24f35e1b516d23)  -> (artifact id: 'bfe1436b251b052ad8d251e3448463d7') in 0.030763 seconds
Number of updated asset objects reloaded before import = 0
Number of asset objects unloaded after import = 3
========================================================================
Received Import Request.
  Time since last request: 0.000053 seconds.
  path: Assets/MSC Animation Creator/Editor/Scripts/MSCAnimation.cs
  artifactKey: Guid(4007cd1675184174a8eb0ffa6401dc36) Importer(2089858483,0ecaa5967403d082aa24f35e1b516d23)
Start importing Assets/MSC Animation Creator/Editor/Scripts/MSCAnimation.cs using Guid(4007cd1675184174a8eb0ffa6401dc36) Importer(2089858483,0ecaa5967403d082aa24f35e1b516d23)  -> (artifact id: 'f389043ddc853146d2ad7448e306d1b9') in 0.019238 seconds
Number of updated asset objects reloaded before import = 0
Number of asset objects unloaded after import = 1
========================================================================
Received Import Request.
  Time since last request: 0.000036 seconds.
  path: Assets/2D/Tileset/Props/tora_vx_02 copia_128.asset
  artifactKey: Guid(26219023fa239294e8557414243e4c43) Importer(2089858483,0ecaa5967403d082aa24f35e1b516d23)
Start importing Assets/2D/Tileset/Props/tora_vx_02 copia_128.asset using Guid(26219023fa239294e8557414243e4c43) Importer(2089858483,0ecaa5967403d082aa24f35e1b516d23)  -> (artifact id: '155cf77bfb3a730643cc82b69c7858eb') in 0.020353 seconds
Number of updated asset objects reloaded before import = 0
Number of asset objects unloaded after import = 3
========================================================================
Received Import Request.
  Time since last request: 0.000034 seconds.
  path: Assets/2D/Tileset/Props/tora_vx_02 copia_72.asset
  artifactKey: Guid(54759685814695041b53ba16c467b006) Importer(2089858483,0ecaa5967403d082aa24f35e1b516d23)
Start importing Assets/2D/Tileset/Props/tora_vx_02 copia_72.asset using Guid(54759685814695041b53ba16c467b006) Importer(2089858483,0ecaa5967403d082aa24f35e1b516d23)  -> (artifact id: '4b8f04857485a3894a18e89aec8bb0f9') in 0.019161 seconds
Number of updated asset objects reloaded before import = 0
Number of asset objects unloaded after import = 3
========================================================================
Received Import Request.
  Time since last request: 0.000023 seconds.
  path: Assets/MSC Animation Creator/Resources/pre_sliced_sprites/p3/top.png
  artifactKey: Guid(003e5f0a93b217548937f39736d92935) Importer(2089858483,0ecaa5967403d082aa24f35e1b516d23)
Start importing Assets/MSC Animation Creator/Resources/pre_sliced_sprites/p3/top.png using Guid(003e5f0a93b217548937f39736d92935) Importer(2089858483,0ecaa5967403d082aa24f35e1b516d23)  -> (artifact id: 'f0c15688fcd892ace429ad5ad18fba3f') in 0.122411 seconds
Number of updated asset objects reloaded before import = 0
Number of asset objects unloaded after import = 38
========================================================================
Received Import Request.
  Time since last request: 0.000025 seconds.
  path: Assets/MSC Animation Creator/Resources/pre_sliced_sprites/p1C/body.png
  artifactKey: Guid(2b287c65df799a64bb3e6bcc4e7cdac1) Importer(2089858483,0ecaa5967403d082aa24f35e1b516d23)
Start importing Assets/MSC Animation Creator/Resources/pre_sliced_sprites/p1C/body.png using Guid(2b287c65df799a64bb3e6bcc4e7cdac1) Importer(2089858483,0ecaa5967403d082aa24f35e1b516d23)  -> (artifact id: '0989a948dccab064633ba8ec25e54c4a') in 0.186445 seconds
Number of updated asset objects reloaded before import = 0
Number of asset objects unloaded after import = 66
========================================================================
Received Import Request.
  Time since last request: 0.239343 seconds.
  path: Assets/2D/SimplePixelUI/artwork/gray/square/Buttons/button_2.png
  artifactKey: Guid(5e2d8e82a94c6fb4596a22577ff9e1a2) Importer(2089858483,0ecaa5967403d082aa24f35e1b516d23)
Start importing Assets/2D/SimplePixelUI/artwork/gray/square/Buttons/button_2.png using Guid(5e2d8e82a94c6fb4596a22577ff9e1a2) Importer(2089858483,0ecaa5967403d082aa24f35e1b516d23)  -> (artifact id: 'ddc1204a1e94e6b8506d9d7bafd9bc3c') in 0.031671 seconds
Number of updated asset objects reloaded before import = 0
Number of asset objects unloaded after import = 3
========================================================================
Received Import Request.
  Time since last request: 0.000018 seconds.
  path: Assets/2D/SimplePixelUI/prefabs/color_customizible/rounded/health_bar_rounded 1/HealthBar_RL.prefab
  artifactKey: Guid(21081b1a91bd06f41ba626b23bdefcbf) Importer(2089858483,0ecaa5967403d082aa24f35e1b516d23)
Start importing Assets/2D/SimplePixelUI/prefabs/color_customizible/rounded/health_bar_rounded 1/HealthBar_RL.prefab using Guid(21081b1a91bd06f41ba626b23bdefcbf) Importer(2089858483,0ecaa5967403d082aa24f35e1b516d23)  -> (artifact id: 'f256c2d03742ea9673ef2696f044b222') in 0.019761 seconds
Number of updated asset objects reloaded before import = 0
Number of asset objects unloaded after import = 16
========================================================================
Received Import Request.
  Time since last request: 0.000018 seconds.
  path: Assets/2D/SimplePixelUI/prefabs/Gray_black/rounded/buttons/button_1.prefab
  artifactKey: Guid(1b933ae2119feca4d806422d25371ffe) Importer(2089858483,0ecaa5967403d082aa24f35e1b516d23)
Start importing Assets/2D/SimplePixelUI/prefabs/Gray_black/rounded/buttons/button_1.prefab using Guid(1b933ae2119feca4d806422d25371ffe) Importer(2089858483,0ecaa5967403d082aa24f35e1b516d23)  -> (artifact id: 'e6cc9aaf7a30fdf25bf6211d64d62681') in 0.020671 seconds
Number of updated asset objects reloaded before import = 0
Number of asset objects unloaded after import = 9
========================================================================
Received Import Request.
  Time since last request: 0.000018 seconds.
  path: Assets/2D/SimplePixelUI/artwork/halfcustomizible/square/Buttons/button_1.png
  artifactKey: Guid(fa851e716c72bec419b716612454ae3d) Importer(2089858483,0ecaa5967403d082aa24f35e1b516d23)
Start importing Assets/2D/SimplePixelUI/artwork/halfcustomizible/square/Buttons/button_1.png using Guid(fa851e716c72bec419b716612454ae3d) Importer(2089858483,0ecaa5967403d082aa24f35e1b516d23)  -> (artifact id: '10244a078efe3e1de37943dbebd2a482') in 0.024699 seconds
Number of updated asset objects reloaded before import = 0
Number of asset objects unloaded after import = 3
========================================================================
Received Import Request.
  Time since last request: 0.000027 seconds.
  path: Assets/2D/SimplePixelUI/artwork/halfcustomizible/square/Slider/background_Vertical.png
  artifactKey: Guid(b49a694ebba53cd4bbf1230c480b77e7) Importer(2089858483,0ecaa5967403d082aa24f35e1b516d23)
Start importing Assets/2D/SimplePixelUI/artwork/halfcustomizible/square/Slider/background_Vertical.png using Guid(b49a694ebba53cd4bbf1230c480b77e7) Importer(2089858483,0ecaa5967403d082aa24f35e1b516d23)  -> (artifact id: '048224e3467c756cd9db484ce949a3a0') in 0.023499 seconds
Number of updated asset objects reloaded before import = 0
Number of asset objects unloaded after import = 3
========================================================================
Received Import Request.
  Time since last request: 0.000016 seconds.
  path: Assets/2D/SimplePixelUI/prefabs/color_customizible/square/buttons/button_small_1.prefab
  artifactKey: Guid(baf8abacef080a54687653ee61582d8f) Importer(2089858483,0ecaa5967403d082aa24f35e1b516d23)
Start importing Assets/2D/SimplePixelUI/prefabs/color_customizible/square/buttons/button_small_1.prefab using Guid(baf8abacef080a54687653ee61582d8f) Importer(2089858483,0ecaa5967403d082aa24f35e1b516d23)  -> (artifact id: '39e7a35a7c20db87d7b4676137e5db58') in 0.017117 seconds
Number of updated asset objects reloaded before import = 0
Number of asset objects unloaded after import = 9
========================================================================
Received Import Request.
  Time since last request: 0.000014 seconds.
  path: Assets/2D/SimplePixelUI/artwork/halfcustomizible/square/toogle/off2.png
  artifactKey: Guid(de91fcf09b3a58c40bd25a04beee4093) Importer(2089858483,0ecaa5967403d082aa24f35e1b516d23)
Start importing Assets/2D/SimplePixelUI/artwork/halfcustomizible/square/toogle/off2.png using Guid(de91fcf09b3a58c40bd25a04beee4093) Importer(2089858483,0ecaa5967403d082aa24f35e1b516d23)  -> (artifact id: 'fdf6a20d9f3255fad2661169988e4cab') in 0.029255 seconds
Number of updated asset objects reloaded before import = 0
Number of asset objects unloaded after import = 3
========================================================================
Received Import Request.
  Time since last request: 0.000020 seconds.
  path: Assets/2D/SimplePixelUI/artwork/halfcustomizible/square/toogle/on2.png
  artifactKey: Guid(0ddd7add4d7a82545b7a9d8e26102d78) Importer(2089858483,0ecaa5967403d082aa24f35e1b516d23)
Start importing Assets/2D/SimplePixelUI/artwork/halfcustomizible/square/toogle/on2.png using Guid(0ddd7add4d7a82545b7a9d8e26102d78) Importer(2089858483,0ecaa5967403d082aa24f35e1b516d23)  -> (artifact id: 'f38c326d8e5e3c148146fa173e57b653') in 0.025459 seconds
Number of updated asset objects reloaded before import = 0
Number of asset objects unloaded after import = 3
========================================================================
Received Import Request.
  Time since last request: 0.000021 seconds.
  path: Assets/2D/SimplePixelUI/prefabs/Half_color_customizible/square/buttons/button_small_2.prefab
  artifactKey: Guid(dd108cf816e16314a928d65c3e770d73) Importer(2089858483,0ecaa5967403d082aa24f35e1b516d23)
Start importing Assets/2D/SimplePixelUI/prefabs/Half_color_customizible/square/buttons/button_small_2.prefab using Guid(dd108cf816e16314a928d65c3e770d73) Importer(2089858483,0ecaa5967403d082aa24f35e1b516d23)  -> (artifact id: 'b20ea15dd1021c4d358ddec0827a0d7f') in 0.016795 seconds
Number of updated asset objects reloaded before import = 0
Number of asset objects unloaded after import = 9
========================================================================
Received Import Request.
  Time since last request: 0.000028 seconds.
  path: Assets/2D/SimplePixelUI/prefabs/Gray_black/square/buttons/button_small_1.prefab
  artifactKey: Guid(d1a4da542bab07340a1b73b2520fbbe6) Importer(2089858483,0ecaa5967403d082aa24f35e1b516d23)
Start importing Assets/2D/SimplePixelUI/prefabs/Gray_black/square/buttons/button_small_1.prefab using Guid(d1a4da542bab07340a1b73b2520fbbe6) Importer(2089858483,0ecaa5967403d082aa24f35e1b516d23)  -> (artifact id: '865c97624d0dbaf5ac0e7ab3be2283b3') in 0.019535 seconds
Number of updated asset objects reloaded before import = 0
Number of asset objects unloaded after import = 11
========================================================================
Received Import Request.
  Time since last request: 0.000015 seconds.
  path: Assets/2D/SimplePixelUI/prefabs/Half_color_customizible/square/Slider 2/Slider 2 BT.prefab
  artifactKey: Guid(2eb393c53a9960445b483c99f8d464ee) Importer(2089858483,0ecaa5967403d082aa24f35e1b516d23)
Start importing Assets/2D/SimplePixelUI/prefabs/Half_color_customizible/square/Slider 2/Slider 2 BT.prefab using Guid(2eb393c53a9960445b483c99f8d464ee) Importer(2089858483,0ecaa5967403d082aa24f35e1b516d23)  -> (artifact id: '9948cbf497623fb790ba580157b86067') in 0.018803 seconds
Number of updated asset objects reloaded before import = 0
Number of asset objects unloaded after import = 24
========================================================================
Received Import Request.
  Time since last request: 0.000024 seconds.
  path: Assets/2D/SimplePixelUI/prefabs/Gray_black/square/buttons/button_2.prefab
  artifactKey: Guid(2db082929c3b46443adf1a5830854219) Importer(2089858483,0ecaa5967403d082aa24f35e1b516d23)
Start importing Assets/2D/SimplePixelUI/prefabs/Gray_black/square/buttons/button_2.prefab using Guid(2db082929c3b46443adf1a5830854219) Importer(2089858483,0ecaa5967403d082aa24f35e1b516d23)  -> (artifact id: '75539dc477fa55a25d85af0b5a4fd339') in 0.018850 seconds
Number of updated asset objects reloaded before import = 0
Number of asset objects unloaded after import = 9
========================================================================
Received Import Request.
  Time since last request: 0.000019 seconds.
  path: Assets/2D/SimplePixelUI/artwork/halfcustomizible/rounded/buttons/button_rounded_HCC.png
  artifactKey: Guid(14858d71a730b4943b11f958bd10ae50) Importer(2089858483,0ecaa5967403d082aa24f35e1b516d23)
Start importing Assets/2D/SimplePixelUI/artwork/halfcustomizible/rounded/buttons/button_rounded_HCC.png using Guid(14858d71a730b4943b11f958bd10ae50) Importer(2089858483,0ecaa5967403d082aa24f35e1b516d23)  -> (artifact id: '3b5b5bde7df722989938e9df70e91072') in 0.027333 seconds
Number of updated asset objects reloaded before import = 0
Number of asset objects unloaded after import = 3
========================================================================
Received Import Request.
  Time since last request: 0.000016 seconds.
  path: Assets/2D/SimplePixelUI/prefabs/Gray_black/square/buttons/button_small_2.prefab
  artifactKey: Guid(1dab821edd288744a911586e55667f2e) Importer(2089858483,0ecaa5967403d082aa24f35e1b516d23)
Start importing Assets/2D/SimplePixelUI/prefabs/Gray_black/square/buttons/button_small_2.prefab using Guid(1dab821edd288744a911586e55667f2e) Importer(2089858483,0ecaa5967403d082aa24f35e1b516d23)  -> (artifact id: '4f88f4c84512a309fa50e99637422579') in 0.017961 seconds
Number of updated asset objects reloaded before import = 0
Number of asset objects unloaded after import = 9
========================================================================
Received Import Request.
  Time since last request: 0.000014 seconds.
  path: Assets/2D/SimplePixelUI/prefabs/Half_color_customizible/square/slider3/SliderTB.prefab
  artifactKey: Guid(39feac1c60bfc174d83998d2d90da827) Importer(2089858483,0ecaa5967403d082aa24f35e1b516d23)
Start importing Assets/2D/SimplePixelUI/prefabs/Half_color_customizible/square/slider3/SliderTB.prefab using Guid(39feac1c60bfc174d83998d2d90da827) Importer(2089858483,0ecaa5967403d082aa24f35e1b516d23)  -> (artifact id: '09bfe0d665cb86d90946080b35c15d29') in 0.016467 seconds
Number of updated asset objects reloaded before import = 0
Number of asset objects unloaded after import = 25
========================================================================
Received Import Request.
  Time since last request: 0.000017 seconds.
  path: Assets/2D/SimplePixelUI/artwork/halfcustomizible/square/Slider2/background_background.png
  artifactKey: Guid(cd411473b4cfcf74db90b5e7c62523eb) Importer(2089858483,0ecaa5967403d082aa24f35e1b516d23)
Start importing Assets/2D/SimplePixelUI/artwork/halfcustomizible/square/Slider2/background_background.png using Guid(cd411473b4cfcf74db90b5e7c62523eb) Importer(2089858483,0ecaa5967403d082aa24f35e1b516d23)  -> (artifact id: 'a88fbfde19d3a2fce3440f0099068d8d') in 0.025175 seconds
Number of updated asset objects reloaded before import = 0
Number of asset objects unloaded after import = 3
========================================================================
Received Import Request.
  Time since last request: 0.000016 seconds.
  path: Assets/2D/SimplePixelUI/artwork/halfcustomizible/square/Slider3/filled_vertical.png
  artifactKey: Guid(b8afb8b70f13a3f48806bf2a7550a7f5) Importer(2089858483,0ecaa5967403d082aa24f35e1b516d23)
Start importing Assets/2D/SimplePixelUI/artwork/halfcustomizible/square/Slider3/filled_vertical.png using Guid(b8afb8b70f13a3f48806bf2a7550a7f5) Importer(2089858483,0ecaa5967403d082aa24f35e1b516d23)  -> (artifact id: '685795c5884e9040b19e219df404953a') in 0.028508 seconds
Number of updated asset objects reloaded before import = 0
Number of asset objects unloaded after import = 3
========================================================================
Received Import Request.
  Time since last request: 0.000023 seconds.
  path: Assets/2D/SimplePixelUI/artwork/halfcustomizible/square/Slider2/background_vertical.png
  artifactKey: Guid(69a693142e97477459702cd63f94a7e0) Importer(2089858483,0ecaa5967403d082aa24f35e1b516d23)
Start importing Assets/2D/SimplePixelUI/artwork/halfcustomizible/square/Slider2/background_vertical.png using Guid(69a693142e97477459702cd63f94a7e0) Importer(2089858483,0ecaa5967403d082aa24f35e1b516d23)  -> (artifact id: 'a86ecbbb0a6afbf00884c71ea576c088') in 0.021669 seconds
Number of updated asset objects reloaded before import = 0
Number of asset objects unloaded after import = 3
========================================================================
Received Import Request.
  Time since last request: 0.086500 seconds.
  path: Assets/2D/Tileset/Props/steampunkish-tilec_50.asset
  artifactKey: Guid(5b26d4d89c51b1c4cb2ff1a58b6d31cc) Importer(2089858483,0ecaa5967403d082aa24f35e1b516d23)
Start importing Assets/2D/Tileset/Props/steampunkish-tilec_50.asset using Guid(5b26d4d89c51b1c4cb2ff1a58b6d31cc) Importer(2089858483,0ecaa5967403d082aa24f35e1b516d23)  -> (artifact id: '467f28057118855c33f899e91296427a') in 0.012366 seconds
Number of updated asset objects reloaded before import = 0
Number of asset objects unloaded after import = 3
========================================================================
Received Import Request.
  Time since last request: 0.000014 seconds.
  path: Assets/MSC Animation Creator/Resources/Animations/base/combat/swordshield/bodycombatswordshielddrawup.anim
  artifactKey: Guid(389949c8410ba284f844ed61dc287467) Importer(2089858483,0ecaa5967403d082aa24f35e1b516d23)
Start importing Assets/MSC Animation Creator/Resources/Animations/base/combat/swordshield/bodycombatswordshielddrawup.anim using Guid(389949c8410ba284f844ed61dc287467) Importer(2089858483,0ecaa5967403d082aa24f35e1b516d23)  -> (artifact id: 'd2e3563117d59e39bc4c984d0ea11198') in 0.013022 seconds
Number of updated asset objects reloaded before import = 0
Number of asset objects unloaded after import = 1
========================================================================
Received Import Request.
  Time since last request: 0.000023 seconds.
  path: Assets/MSC Animation Creator/Resources/Animations/base/combat/swordshield/bodycombatswordshielddrawleft.anim
  artifactKey: Guid(d6780d2189a5fb24ab149c7d77a70254) Importer(2089858483,0ecaa5967403d082aa24f35e1b516d23)
Start importing Assets/MSC Animation Creator/Resources/Animations/base/combat/swordshield/bodycombatswordshielddrawleft.anim using Guid(d6780d2189a5fb24ab149c7d77a70254) Importer(2089858483,0ecaa5967403d082aa24f35e1b516d23)  -> (artifact id: '5b86f58be02b11fd88c3d0ff1084b15a') in 0.013787 seconds
Number of updated asset objects reloaded before import = 0
Number of asset objects unloaded after import = 1
========================================================================
Received Import Request.
  Time since last request: 0.000023 seconds.
  path: Assets/MSC Animation Creator/Resources/Animations/base/combat/swordshield/bodycombatswordshieldsheathright.anim
  artifactKey: Guid(7a9fb596ac0140f4681b6f35e984e3be) Importer(2089858483,0ecaa5967403d082aa24f35e1b516d23)
Start importing Assets/MSC Animation Creator/Resources/Animations/base/combat/swordshield/bodycombatswordshieldsheathright.anim using Guid(7a9fb596ac0140f4681b6f35e984e3be) Importer(2089858483,0ecaa5967403d082aa24f35e1b516d23)  -> (artifact id: 'fe1d8ccd968fff278a83d2f740ccb1a8') in 0.012144 seconds
Number of updated asset objects reloaded before import = 0
Number of asset objects unloaded after import = 1
========================================================================
Received Import Request.
  Time since last request: 1.963397 seconds.
  path: Assets/2D/Tileset/Props/tora_vx_02 copia_141.asset
  artifactKey: Guid(b0f06a6d2e66b1b478b0858d594eb119) Importer(2089858483,0ecaa5967403d082aa24f35e1b516d23)
Start importing Assets/2D/Tileset/Props/tora_vx_02 copia_141.asset using Guid(b0f06a6d2e66b1b478b0858d594eb119) Importer(2089858483,0ecaa5967403d082aa24f35e1b516d23)  -> (artifact id: '0f1aed96c56ebe8c9c4fefcffe4570b3') in 0.016107 seconds
Number of updated asset objects reloaded before import = 0
Number of asset objects unloaded after import = 3
========================================================================
Received Import Request.
  Time since last request: 0.486757 seconds.
  path: Assets/2D/Tileset/Props/tora_vx_02 copia_44.asset
  artifactKey: Guid(91a7b1890d33a4a469158d552a1c8d4b) Importer(2089858483,0ecaa5967403d082aa24f35e1b516d23)
Start importing Assets/2D/Tileset/Props/tora_vx_02 copia_44.asset using Guid(91a7b1890d33a4a469158d552a1c8d4b) Importer(2089858483,0ecaa5967403d082aa24f35e1b516d23)  -> (artifact id: '63c4f7e7ea6b09b191fb36bfeb973c19') in 0.009939 seconds
Number of updated asset objects reloaded before import = 0
Number of asset objects unloaded after import = 3
========================================================================
Received Import Request.
  Time since last request: 6.615219 seconds.
  path: Assets/2D/Tileset/Props/steampunkish-tilec_107.asset
  artifactKey: Guid(b257895177fcd504c8e0c2eb2d57ba2b) Importer(2089858483,0ecaa5967403d082aa24f35e1b516d23)
Start importing Assets/2D/Tileset/Props/steampunkish-tilec_107.asset using Guid(b257895177fcd504c8e0c2eb2d57ba2b) Importer(2089858483,0ecaa5967403d082aa24f35e1b516d23)  -> (artifact id: '784c5b0cad697767abcd1631baf42973') in 0.263424 seconds
Number of updated asset objects reloaded before import = 0
Number of asset objects unloaded after import = 3
========================================================================
Received Import Request.
  Time since last request: 0.000020 seconds.
  path: Assets/2D/SimplePixelUI/artwork/gray/square/slot.png
  artifactKey: Guid(ab1037114fbed5141883fe36c5c1055d) Importer(2089858483,0ecaa5967403d082aa24f35e1b516d23)
Start importing Assets/2D/SimplePixelUI/artwork/gray/square/slot.png using Guid(ab1037114fbed5141883fe36c5c1055d) Importer(2089858483,0ecaa5967403d082aa24f35e1b516d23)  -> (artifact id: '19ddaacecc33b5a318cbc16a0bcdc97f') in 0.046016 seconds
Number of updated asset objects reloaded before import = 0
Number of asset objects unloaded after import = 3
========================================================================
Received Import Request.
  Time since last request: 0.000033 seconds.
  path: Assets/MSC Animation Creator/Resources/Animations/base/walk/bodywalkright.anim
  artifactKey: Guid(a91a0655924ddea4c838ac67e5f030d6) Importer(2089858483,0ecaa5967403d082aa24f35e1b516d23)
Start importing Assets/MSC Animation Creator/Resources/Animations/base/walk/bodywalkright.anim using Guid(a91a0655924ddea4c838ac67e5f030d6) Importer(2089858483,0ecaa5967403d082aa24f35e1b516d23)  -> (artifact id: '33170bda4624c0465b2c50415b051861') in 0.014559 seconds
Number of updated asset objects reloaded before import = 0
Number of asset objects unloaded after import = 1
========================================================================
Received Prepare
Begin MonoManager ReloadAssembly
- Loaded All Assemblies, in  0.517 seconds
Refreshing native plugins compatible for Editor in 3.19 ms, found 4 plugins.
Native extension for WindowsStandalone target not found
Native extension for Android target not found
Native extension for WebGL target not found
[Package Manager] Server::EnsureServerProcessIsRunning -- launch failed, reason: Unity was launched with the -noUpm command-line argument
[Package Manager] UpmClient::Send -- Unable to send message (not connected to UPM process).
[Package Manager] Cannot connect to Unity Package Manager local server
Mono: successfully reloaded assembly
- Finished resetting the current domain, in  1.043 seconds
Domain Reload Profiling: 1559ms
	BeginReloadAssembly (194ms)
		ExecutionOrderSort (0ms)
		DisableScriptedObjects (21ms)
		BackupInstance (0ms)
		ReleaseScriptingObjects (0ms)
		CreateAndSetChildDomain (45ms)
	RebuildCommonClasses (47ms)
	RebuildNativeTypeToScriptingClass (14ms)
	initialDomainReloadingComplete (24ms)
	LoadAllAssembliesAndSetupDomain (236ms)
		LoadAssemblies (302ms)
		RebuildTransferFunctionScriptingTraits (0ms)
		AnalyzeDomain (32ms)
			TypeCache.Refresh (12ms)
				TypeCache.ScanAssembly (0ms)
			ScanForSourceGeneratedMonoScriptInfo (15ms)
			ResolveRequiredComponents (4ms)
	FinalizeReload (1044ms)
		ReleaseScriptCaches (0ms)
		RebuildScriptCaches (0ms)
		SetupLoadedEditorAssemblies (515ms)
			LogAssemblyErrors (0ms)
			InitializePlatformSupportModulesInManaged (26ms)
			SetLoadedEditorAssemblies (5ms)
			RefreshPlugins (0ms)
			BeforeProcessingInitializeOnLoad (65ms)
			ProcessInitializeOnLoadAttributes (395ms)
			ProcessInitializeOnLoadMethodAttributes (22ms)
			AfterProcessingInitializeOnLoad (3ms)
			EditorAssembliesLoaded (0ms)
		ExecutionOrderSort2 (0ms)
		AwakeInstancesAfterBackupRestoration (11ms)
Refreshing native plugins compatible for Editor in 3.37 ms, found 4 plugins.
Preloading 0 native plugins for Editor in 0.00 ms.
Unloading 4390 Unused Serialized files (Serialized files now loaded: 0)
Unloading 43 unused Assets / (218.8 KB). Loaded Objects now: 4878.
Memory consumption went from 148.8 MB to 148.6 MB.
Total: 4.299300 ms (FindLiveObjects: 0.409500 ms CreateObjectMapping: 0.238000 ms MarkObjects: 3.335100 ms  DeleteObjects: 0.315400 ms)

Prepare: number of updated asset objects reloaded= 0
AssetImportParameters requested are different than current active one (requested -> active):
  custom:container-demuxer-ogg: 62fdf1f143b41e24485cea50d1cbac27 -> 
  custom:video-codec-MediaFoundation-h265: 746d11721c4dcdbdad8f713fa42b33f4 -> 
  custom:video-decoder-ogg-theora: a1e56fd34408186e4bbccfd4996cb3dc -> 
  custom:framework-win-MediaFoundation: 216162199b28c13a410421893ffa2e32 -> 
  custom:scripting/monoscript/fileName/PlayerView.cs: 2db4183b3e2e2181fada8a072fe3e50f -> 
  custom:CustomObjectIndexerAttribute: 756ad292c208cfabdd7b50bc23989ffe -> 
  custom:container-demuxer-webm: 4f35f7cbe854078d1ac9338744f61a02 -> 
  custom:container-muxer-webm: aa71ff27fc2769a1b78a27578f13a17b -> 
  custom:video-decoder-webm-vp8: 9c59270c3fd7afecdb556c50c9e8de78 -> 
  custom:SearchIndexIgnoredProperties: e643bd26f0fe6173181afceb89e7c659 -> 
  custom:AudioImporter_EditorPlatform: d09bf68614088b80899f8185d706f6e7 -> 
  custom:video-encoder-webm-vp8: eb34c28f22e8b96e1ab97ce403110664 -> 
  custom:audio-decoder-ogg-vorbis: bf7c407c2cedff20999df2af8eb42d56 -> 
  custom:audio-encoder-webm-vorbis: bf7c407c2cedff20999df2af8eb42d56 -> 
========================================================================
Received Prepare
Begin MonoManager ReloadAssembly
- Loaded All Assemblies, in  0.526 seconds
Refreshing native plugins compatible for Editor in 4.72 ms, found 4 plugins.
Native extension for WindowsStandalone target not found
Native extension for Android target not found
Native extension for WebGL target not found
[Package Manager] Server::EnsureServerProcessIsRunning -- launch failed, reason: Unity was launched with the -noUpm command-line argument
[Package Manager] UpmClient::Send -- Unable to send message (not connected to UPM process).
[Package Manager] Cannot connect to Unity Package Manager local server
Mono: successfully reloaded assembly
- Finished resetting the current domain, in  1.150 seconds
Domain Reload Profiling: 1675ms
	BeginReloadAssembly (200ms)
		ExecutionOrderSort (0ms)
		DisableScriptedObjects (16ms)
		BackupInstance (0ms)
		ReleaseScriptingObjects (0ms)
		CreateAndSetChildDomain (49ms)
	RebuildCommonClasses (34ms)
	RebuildNativeTypeToScriptingClass (9ms)
	initialDomainReloadingComplete (23ms)
	LoadAllAssembliesAndSetupDomain (258ms)
		LoadAssemblies (327ms)
		RebuildTransferFunctionScriptingTraits (0ms)
		AnalyzeDomain (34ms)
			TypeCache.Refresh (13ms)
				TypeCache.ScanAssembly (0ms)
			ScanForSourceGeneratedMonoScriptInfo (13ms)
			ResolveRequiredComponents (6ms)
	FinalizeReload (1150ms)
		ReleaseScriptCaches (0ms)
		RebuildScriptCaches (0ms)
		SetupLoadedEditorAssemblies (549ms)
			LogAssemblyErrors (0ms)
			InitializePlatformSupportModulesInManaged (19ms)
			SetLoadedEditorAssemblies (3ms)
			RefreshPlugins (0ms)
			BeforeProcessingInitializeOnLoad (61ms)
			ProcessInitializeOnLoadAttributes (438ms)
			ProcessInitializeOnLoadMethodAttributes (24ms)
			AfterProcessingInitializeOnLoad (3ms)
			EditorAssembliesLoaded (0ms)
		ExecutionOrderSort2 (0ms)
		AwakeInstancesAfterBackupRestoration (13ms)
Refreshing native plugins compatible for Editor in 3.27 ms, found 4 plugins.
Preloading 0 native plugins for Editor in 0.00 ms.
Unloading 4392 Unused Serialized files (Serialized files now loaded: 0)
Unloading 42 unused Assets / (217.8 KB). Loaded Objects now: 4883.
Memory consumption went from 149.1 MB to 148.8 MB.
Total: 3.207500 ms (FindLiveObjects: 0.271100 ms CreateObjectMapping: 0.142400 ms MarkObjects: 2.642100 ms  DeleteObjects: 0.150800 ms)

Prepare: number of updated asset objects reloaded= 0
AssetImportParameters requested are different than current active one (requested -> active):
  custom:container-demuxer-ogg: 62fdf1f143b41e24485cea50d1cbac27 -> 
  custom:video-codec-MediaFoundation-h265: 746d11721c4dcdbdad8f713fa42b33f4 -> 
  custom:video-decoder-ogg-theora: a1e56fd34408186e4bbccfd4996cb3dc -> 
  custom:framework-win-MediaFoundation: 216162199b28c13a410421893ffa2e32 -> 
  custom:CustomObjectIndexerAttribute: 756ad292c208cfabdd7b50bc23989ffe -> 
  custom:container-demuxer-webm: 4f35f7cbe854078d1ac9338744f61a02 -> 
  custom:container-muxer-webm: aa71ff27fc2769a1b78a27578f13a17b -> 
  custom:video-decoder-webm-vp8: 9c59270c3fd7afecdb556c50c9e8de78 -> 
  custom:SearchIndexIgnoredProperties: e643bd26f0fe6173181afceb89e7c659 -> 
  custom:AudioImporter_EditorPlatform: d09bf68614088b80899f8185d706f6e7 -> 
  custom:video-encoder-webm-vp8: eb34c28f22e8b96e1ab97ce403110664 -> 
  custom:audio-decoder-ogg-vorbis: bf7c407c2cedff20999df2af8eb42d56 -> 
  custom:audio-encoder-webm-vorbis: bf7c407c2cedff20999df2af8eb42d56 -> 
========================================================================
Received Prepare
Begin MonoManager ReloadAssembly
- Loaded All Assemblies, in  0.559 seconds
Refreshing native plugins compatible for Editor in 3.73 ms, found 4 plugins.
Native extension for WindowsStandalone target not found
Native extension for Android target not found
Native extension for WebGL target not found
[Package Manager] Server::EnsureServerProcessIsRunning -- launch failed, reason: Unity was launched with the -noUpm command-line argument
[Package Manager] UpmClient::Send -- Unable to send message (not connected to UPM process).
[Package Manager] Cannot connect to Unity Package Manager local server
Mono: successfully reloaded assembly
- Finished resetting the current domain, in  1.278 seconds
Domain Reload Profiling: 1835ms
	BeginReloadAssembly (215ms)
		ExecutionOrderSort (0ms)
		DisableScriptedObjects (12ms)
		BackupInstance (0ms)
		ReleaseScriptingObjects (0ms)
		CreateAndSetChildDomain (57ms)
	RebuildCommonClasses (45ms)
	RebuildNativeTypeToScriptingClass (11ms)
	initialDomainReloadingComplete (32ms)
	LoadAllAssembliesAndSetupDomain (255ms)
		LoadAssemblies (330ms)
		RebuildTransferFunctionScriptingTraits (0ms)
		AnalyzeDomain (37ms)
			TypeCache.Refresh (15ms)
				TypeCache.ScanAssembly (1ms)
			ScanForSourceGeneratedMonoScriptInfo (17ms)
			ResolveRequiredComponents (5ms)
	FinalizeReload (1279ms)
		ReleaseScriptCaches (0ms)
		RebuildScriptCaches (0ms)
		SetupLoadedEditorAssemblies (718ms)
			LogAssemblyErrors (0ms)
			InitializePlatformSupportModulesInManaged (36ms)
			SetLoadedEditorAssemblies (7ms)
			RefreshPlugins (0ms)
			BeforeProcessingInitializeOnLoad (88ms)
			ProcessInitializeOnLoadAttributes (558ms)
			ProcessInitializeOnLoadMethodAttributes (26ms)
			AfterProcessingInitializeOnLoad (3ms)
			EditorAssembliesLoaded (0ms)
		ExecutionOrderSort2 (0ms)
		AwakeInstancesAfterBackupRestoration (11ms)
Script is not up to date after domain reload: guid(45c694e928ec61c42a50be5264392748) path("Assets/Scripts/PlayerController.cs") state(2)
Refreshing native plugins compatible for Editor in 3.55 ms, found 4 plugins.
Preloading 0 native plugins for Editor in 0.00 ms.
Unloading 4391 Unused Serialized files (Serialized files now loaded: 0)
Unloading 42 unused Assets / (218.0 KB). Loaded Objects now: 4886.
Memory consumption went from 149.0 MB to 148.8 MB.
Total: 3.628400 ms (FindLiveObjects: 0.351500 ms CreateObjectMapping: 0.276700 ms MarkObjects: 2.842000 ms  DeleteObjects: 0.157000 ms)

Prepare: number of updated asset objects reloaded= 0
AssetImportParameters requested are different than current active one (requested -> active):
  custom:container-demuxer-ogg: 62fdf1f143b41e24485cea50d1cbac27 -> 
  custom:video-codec-MediaFoundation-h265: 746d11721c4dcdbdad8f713fa42b33f4 -> 
  custom:video-decoder-ogg-theora: a1e56fd34408186e4bbccfd4996cb3dc -> 
  custom:framework-win-MediaFoundation: 216162199b28c13a410421893ffa2e32 -> 
  custom:CustomObjectIndexerAttribute: 756ad292c208cfabdd7b50bc23989ffe -> 
  custom:container-demuxer-webm: 4f35f7cbe854078d1ac9338744f61a02 -> 
  custom:container-muxer-webm: aa71ff27fc2769a1b78a27578f13a17b -> 
  custom:video-decoder-webm-vp8: 9c59270c3fd7afecdb556c50c9e8de78 -> 
  custom:SearchIndexIgnoredProperties: e643bd26f0fe6173181afceb89e7c659 -> 
  custom:AudioImporter_EditorPlatform: d09bf68614088b80899f8185d706f6e7 -> 
  custom:video-encoder-webm-vp8: eb34c28f22e8b96e1ab97ce403110664 -> 
  custom:audio-decoder-ogg-vorbis: bf7c407c2cedff20999df2af8eb42d56 -> 
  custom:audio-encoder-webm-vorbis: bf7c407c2cedff20999df2af8eb42d56 -> 
========================================================================
Received Prepare
Begin MonoManager ReloadAssembly
- Loaded All Assemblies, in  0.447 seconds
Refreshing native plugins compatible for Editor in 4.06 ms, found 4 plugins.
Native extension for WindowsStandalone target not found
Native extension for Android target not found
Native extension for WebGL target not found
[Package Manager] Server::EnsureServerProcessIsRunning -- launch failed, reason: Unity was launched with the -noUpm command-line argument
[Package Manager] UpmClient::Send -- Unable to send message (not connected to UPM process).
[Package Manager] Cannot connect to Unity Package Manager local server
Mono: successfully reloaded assembly
- Finished resetting the current domain, in  0.953 seconds
Domain Reload Profiling: 1399ms
	BeginReloadAssembly (178ms)
		ExecutionOrderSort (0ms)
		DisableScriptedObjects (9ms)
		BackupInstance (0ms)
		ReleaseScriptingObjects (0ms)
		CreateAndSetChildDomain (34ms)
	RebuildCommonClasses (30ms)
	RebuildNativeTypeToScriptingClass (8ms)
	initialDomainReloadingComplete (21ms)
	LoadAllAssembliesAndSetupDomain (209ms)
		LoadAssemblies (289ms)
		RebuildTransferFunctionScriptingTraits (0ms)
		AnalyzeDomain (28ms)
			TypeCache.Refresh (9ms)
				TypeCache.ScanAssembly (0ms)
			ScanForSourceGeneratedMonoScriptInfo (12ms)
			ResolveRequiredComponents (6ms)
	FinalizeReload (953ms)
		ReleaseScriptCaches (0ms)
		RebuildScriptCaches (0ms)
		SetupLoadedEditorAssemblies (484ms)
			LogAssemblyErrors (0ms)
			InitializePlatformSupportModulesInManaged (19ms)
			SetLoadedEditorAssemblies (3ms)
			RefreshPlugins (0ms)
			BeforeProcessingInitializeOnLoad (58ms)
			ProcessInitializeOnLoadAttributes (376ms)
			ProcessInitializeOnLoadMethodAttributes (24ms)
			AfterProcessingInitializeOnLoad (3ms)
			EditorAssembliesLoaded (0ms)
		ExecutionOrderSort2 (0ms)
		AwakeInstancesAfterBackupRestoration (10ms)
Refreshing native plugins compatible for Editor in 3.27 ms, found 4 plugins.
Preloading 0 native plugins for Editor in 0.00 ms.
Unloading 4392 Unused Serialized files (Serialized files now loaded: 0)
Unloading 42 unused Assets / (218.0 KB). Loaded Objects now: 4891.
Memory consumption went from 149.1 MB to 148.8 MB.
Total: 3.332300 ms (FindLiveObjects: 0.300700 ms CreateObjectMapping: 0.156600 ms MarkObjects: 2.709900 ms  DeleteObjects: 0.164200 ms)

Prepare: number of updated asset objects reloaded= 0
AssetImportParameters requested are different than current active one (requested -> active):
  custom:container-demuxer-ogg: 62fdf1f143b41e24485cea50d1cbac27 -> 
  custom:video-codec-MediaFoundation-h265: 746d11721c4dcdbdad8f713fa42b33f4 -> 
  custom:video-decoder-ogg-theora: a1e56fd34408186e4bbccfd4996cb3dc -> 
  custom:framework-win-MediaFoundation: 216162199b28c13a410421893ffa2e32 -> 
  custom:CustomObjectIndexerAttribute: 756ad292c208cfabdd7b50bc23989ffe -> 
  custom:container-demuxer-webm: 4f35f7cbe854078d1ac9338744f61a02 -> 
  custom:container-muxer-webm: aa71ff27fc2769a1b78a27578f13a17b -> 
  custom:video-decoder-webm-vp8: 9c59270c3fd7afecdb556c50c9e8de78 -> 
  custom:SearchIndexIgnoredProperties: e643bd26f0fe6173181afceb89e7c659 -> 
  custom:AudioImporter_EditorPlatform: d09bf68614088b80899f8185d706f6e7 -> 
  custom:video-encoder-webm-vp8: eb34c28f22e8b96e1ab97ce403110664 -> 
  custom:audio-decoder-ogg-vorbis: bf7c407c2cedff20999df2af8eb42d56 -> 
  custom:audio-encoder-webm-vorbis: bf7c407c2cedff20999df2af8eb42d56 -> 
Editor requested this worker to shutdown with reason: Scaling down because of idle timeout
TcpMessagingSession - receive error: operation aborted. errorcode: 995, details: La operacin de E/S se anul por una salida de subproceso o por una solicitud de aplicacin.
AssetImportWorker is now disconnected from the server
Process exiting
Exiting without the bug reporter. Application will terminate with return code 0