Using pre-set license
Built from '2022.3/staging' branch; Version is '2022.3.8f1 (b5eafc012955) revision 11922172'; Using compiler version '192829333'; Build Type 'Release'
OS: 'Windows 10  (10.0.19045) 64bit Core' Language: 'es' Physical Memory: 32605 MB
BatchMode: 1, IsHumanControllingUs: 0, StartBugReporterOnCrash: 0, Is64bit: 1, IsPro: 1

COMMAND LINE ARGUMENTS:
D:\Program Files\Unity\2022.3.8f1\Editor\Unity.exe
-adb2
-batchMode
-noUpm
-name
AssetImportWorker11
-projectPath
D:/Users/denis/Desktop/Clothes_Shop_System
-logFile
Logs/AssetImportWorker11.log
-srvPort
64678
Successfully changed project path to: D:/Users/denis/Desktop/Clothes_Shop_System
D:/Users/denis/Desktop/Clothes_Shop_System
[UnityMemory] Configuration Parameters - Can be set up in boot.config
    "memorysetup-bucket-allocator-granularity=16"
    "memorysetup-bucket-allocator-bucket-count=8"
    "memorysetup-bucket-allocator-block-size=33554432"
    "memorysetup-bucket-allocator-block-count=8"
    "memorysetup-main-allocator-block-size=16777216"
    "memorysetup-thread-allocator-block-size=16777216"
    "memorysetup-gfx-main-allocator-block-size=16777216"
    "memorysetup-gfx-thread-allocator-block-size=16777216"
    "memorysetup-cache-allocator-block-size=4194304"
    "memorysetup-typetree-allocator-block-size=2097152"
    "memorysetup-profiler-bucket-allocator-granularity=16"
    "memorysetup-profiler-bucket-allocator-bucket-count=8"
    "memorysetup-profiler-bucket-allocator-block-size=33554432"
    "memorysetup-profiler-bucket-allocator-block-count=8"
    "memorysetup-profiler-allocator-block-size=16777216"
    "memorysetup-profiler-editor-allocator-block-size=1048576"
    "memorysetup-temp-allocator-size-main=16777216"
    "memorysetup-job-temp-allocator-block-size=2097152"
    "memorysetup-job-temp-allocator-block-size-background=1048576"
    "memorysetup-job-temp-allocator-reduction-small-platforms=262144"
    "memorysetup-allocator-temp-initial-block-size-main=262144"
    "memorysetup-allocator-temp-initial-block-size-worker=262144"
    "memorysetup-temp-allocator-size-background-worker=32768"
    "memorysetup-temp-allocator-size-job-worker=262144"
    "memorysetup-temp-allocator-size-preload-manager=33554432"
    "memorysetup-temp-allocator-size-nav-mesh-worker=65536"
    "memorysetup-temp-allocator-size-audio-worker=65536"
    "memorysetup-temp-allocator-size-cloud-worker=32768"
    "memorysetup-temp-allocator-size-gi-baking-worker=262144"
    "memorysetup-temp-allocator-size-gfx=262144"
Player connection [37268] Host "[IP] 192.168.1.8 [Port] 0 [Flags] 2 [Guid] 2875075723 [EditorId] 2875075723 [Version] 1048832 [Id] WindowsEditor(7,DESKTOP-2GSREEA) [Debug] 1 [PackageName] WindowsEditor [ProjectName] Editor" joined multi-casting on [225.0.0.222:54997]...

Player connection [37268] Host "[IP] 192.168.1.8 [Port] 0 [Flags] 2 [Guid] 2875075723 [EditorId] 2875075723 [Version] 1048832 [Id] WindowsEditor(7,DESKTOP-2GSREEA) [Debug] 1 [PackageName] WindowsEditor [ProjectName] Editor" joined alternative multi-casting on [225.0.0.222:34997]...

[Physics::Module] Initialized MultithreadedJobDispatcher with 15 workers.
Refreshing native plugins compatible for Editor in 12.55 ms, found 4 plugins.
Preloading 0 native plugins for Editor in 0.00 ms.
Initialize engine version: 2022.3.8f1 (b5eafc012955)
[Subsystems] Discovering subsystems at path D:/Program Files/Unity/2022.3.8f1/Editor/Data/Resources/UnitySubsystems
[Subsystems] Discovering subsystems at path D:/Users/denis/Desktop/Clothes_Shop_System/Assets
GfxDevice: creating device client; threaded=0; jobified=0
Direct3D:
    Version:  Direct3D 11.0 [level 11.1]
    Renderer: NVIDIA GeForce RTX 3080 (ID=0x2206)
    Vendor:   NVIDIA
    VRAM:     10067 MB
    Driver:   31.0.15.4617
Initialize mono
Mono path[0] = 'D:/Program Files/Unity/2022.3.8f1/Editor/Data/Managed'
Mono path[1] = 'D:/Program Files/Unity/2022.3.8f1/Editor/Data/MonoBleedingEdge/lib/mono/unityjit-win32'
Mono config path = 'D:/Program Files/Unity/2022.3.8f1/Editor/Data/MonoBleedingEdge/etc'
Using monoOptions --debugger-agent=transport=dt_socket,embedding=1,server=y,suspend=n,address=127.0.0.1:56244
Begin MonoManager ReloadAssembly
Registering precompiled unity dll's ...
Register platform support module: D:/Program Files/Unity/2022.3.8f1/Editor/Data/PlaybackEngines/WebGLSupport/UnityEditor.WebGL.Extensions.dll
Register platform support module: D:/Program Files/Unity/2022.3.8f1/Editor/Data/PlaybackEngines/AndroidPlayer/UnityEditor.Android.Extensions.dll
Register platform support module: D:/Program Files/Unity/2022.3.8f1/Editor/Data/PlaybackEngines/WindowsStandaloneSupport/UnityEditor.WindowsStandalone.Extensions.dll
Registered in 0.008309 seconds.
- Loaded All Assemblies, in  0.434 seconds
Native extension for WindowsStandalone target not found
Native extension for Android target not found
Android Extension - Scanning For ADB Devices 401 ms
Native extension for WebGL target not found
Mono: successfully reloaded assembly
- Finished resetting the current domain, in  0.920 seconds
Domain Reload Profiling: 1354ms
	BeginReloadAssembly (115ms)
		ExecutionOrderSort (0ms)
		DisableScriptedObjects (0ms)
		BackupInstance (0ms)
		ReleaseScriptingObjects (0ms)
		CreateAndSetChildDomain (1ms)
	RebuildCommonClasses (30ms)
	RebuildNativeTypeToScriptingClass (10ms)
	initialDomainReloadingComplete (56ms)
	LoadAllAssembliesAndSetupDomain (223ms)
		LoadAssemblies (116ms)
		RebuildTransferFunctionScriptingTraits (0ms)
		AnalyzeDomain (220ms)
			TypeCache.Refresh (216ms)
				TypeCache.ScanAssembly (173ms)
			ScanForSourceGeneratedMonoScriptInfo (1ms)
			ResolveRequiredComponents (1ms)
	FinalizeReload (921ms)
		ReleaseScriptCaches (0ms)
		RebuildScriptCaches (0ms)
		SetupLoadedEditorAssemblies (747ms)
			LogAssemblyErrors (0ms)
			InitializePlatformSupportModulesInManaged (573ms)
			SetLoadedEditorAssemblies (5ms)
			RefreshPlugins (0ms)
			BeforeProcessingInitializeOnLoad (3ms)
			ProcessInitializeOnLoadAttributes (118ms)
			ProcessInitializeOnLoadMethodAttributes (47ms)
			AfterProcessingInitializeOnLoad (0ms)
			EditorAssembliesLoaded (0ms)
		ExecutionOrderSort2 (0ms)
		AwakeInstancesAfterBackupRestoration (0ms)
========================================================================
Worker process is ready to serve import requests
Begin MonoManager ReloadAssembly
- Loaded All Assemblies, in  0.631 seconds
Refreshing native plugins compatible for Editor in 4.31 ms, found 4 plugins.
Native extension for WindowsStandalone target not found
Native extension for Android target not found
Native extension for WebGL target not found
Package Manager log level set to [2]
[Package Manager] Server::EnsureServerProcessIsRunning -- launch failed, reason: Unity was launched with the -noUpm command-line argument
[Package Manager] UpmClient::Send -- Unable to send message (not connected to UPM process).
[Package Manager] Cannot connect to Unity Package Manager local server
Mono: successfully reloaded assembly
- Finished resetting the current domain, in  1.234 seconds
Domain Reload Profiling: 1865ms
	BeginReloadAssembly (152ms)
		ExecutionOrderSort (0ms)
		DisableScriptedObjects (5ms)
		BackupInstance (0ms)
		ReleaseScriptingObjects (0ms)
		CreateAndSetChildDomain (25ms)
	RebuildCommonClasses (36ms)
	RebuildNativeTypeToScriptingClass (10ms)
	initialDomainReloadingComplete (33ms)
	LoadAllAssembliesAndSetupDomain (399ms)
		LoadAssemblies (297ms)
		RebuildTransferFunctionScriptingTraits (0ms)
		AnalyzeDomain (193ms)
			TypeCache.Refresh (165ms)
				TypeCache.ScanAssembly (146ms)
			ScanForSourceGeneratedMonoScriptInfo (22ms)
			ResolveRequiredComponents (4ms)
	FinalizeReload (1235ms)
		ReleaseScriptCaches (0ms)
		RebuildScriptCaches (0ms)
		SetupLoadedEditorAssemblies (745ms)
			LogAssemblyErrors (0ms)
			InitializePlatformSupportModulesInManaged (44ms)
			SetLoadedEditorAssemblies (5ms)
			RefreshPlugins (0ms)
			BeforeProcessingInitializeOnLoad (88ms)
			ProcessInitializeOnLoadAttributes (562ms)
			ProcessInitializeOnLoadMethodAttributes (42ms)
			AfterProcessingInitializeOnLoad (4ms)
			EditorAssembliesLoaded (0ms)
		ExecutionOrderSort2 (0ms)
		AwakeInstancesAfterBackupRestoration (6ms)
Launched and connected shader compiler UnityShaderCompiler.exe after 0.05 seconds
Refreshing native plugins compatible for Editor in 4.67 ms, found 4 plugins.
Preloading 0 native plugins for Editor in 0.00 ms.
Unloading 4401 Unused Serialized files (Serialized files now loaded: 0)
Unloading 76 unused Assets / (246.5 KB). Loaded Objects now: 4863.
Memory consumption went from 153.5 MB to 153.3 MB.
Total: 5.112500 ms (FindLiveObjects: 0.270000 ms CreateObjectMapping: 0.219300 ms MarkObjects: 4.285800 ms  DeleteObjects: 0.335500 ms)

AssetImportParameters requested are different than current active one (requested -> active):
  custom:scripting/monoscript/fileName/MSCUnityEditor.cs: cb8378178ca7a45029f0d5030132dc5b -> 
  custom:container-demuxer-ogg: 62fdf1f143b41e24485cea50d1cbac27 -> 
  custom:scripting/monoscript/fileName/SO_AnimationSettings.cs: 0a2c705b873f7f81a5a0981346553bdd -> 
  custom:video-codec-MediaFoundation-h265: 746d11721c4dcdbdad8f713fa42b33f4 -> 
  custom:video-decoder-ogg-theora: a1e56fd34408186e4bbccfd4996cb3dc -> 
  custom:framework-win-MediaFoundation: 216162199b28c13a410421893ffa2e32 -> 
  custom:CustomObjectIndexerAttribute: 756ad292c208cfabdd7b50bc23989ffe -> 
  custom:scripting/monoscript/fileName/MSCAnimation.cs: 5794202198e1a10da4e8603e58a5da7f -> 
  custom:scripting/monoscript/fileName/MovementAnimationParameterControl.cs: 27a29551f84f01b772ef011249800151 -> 
  custom:container-demuxer-webm: 4f35f7cbe854078d1ac9338744f61a02 -> 
  custom:container-muxer-webm: aa71ff27fc2769a1b78a27578f13a17b -> 
  custom:scripting/monoscript/fileName/EventHandler.cs: 6813de9ecd0fa4692988c21d03bb644f -> 
  custom:video-decoder-webm-vp8: 9c59270c3fd7afecdb556c50c9e8de78 -> 
  custom:SearchIndexIgnoredProperties: e643bd26f0fe6173181afceb89e7c659 -> 
  custom:AudioImporter_EditorPlatform: d09bf68614088b80899f8185d706f6e7 -> 
  custom:scripting/monoscript/fileName/MSCAnimationSettings.cs: 1954b3e38ad8530c82f36a623f70b858 -> 
  custom:video-encoder-webm-vp8: eb34c28f22e8b96e1ab97ce403110664 -> 
  custom:audio-decoder-ogg-vorbis: bf7c407c2cedff20999df2af8eb42d56 -> 
  custom:scripting/monoscript/fileName/MSCNpcEditor.cs: a57804d23c8c5e9c1c4941ed6b4ac709 -> 
  custom:scripting/monoscript/fileName/Player.cs: efa14f782fa9ac90772d9fe8f2cb1f59 -> 
  custom:audio-encoder-webm-vorbis: bf7c407c2cedff20999df2af8eb42d56 -> 
========================================================================
Received Import Request.
  Time since last request: 12529.066838 seconds.
  path: Assets/2D/Tileset/Background/Walls_11.asset
  artifactKey: Guid(3194c59507dc4d8409c0180c29775283) Importer(815301076,1909f56bfc062723c751e8b465ee728b)
Start importing Assets/2D/Tileset/Background/Walls_11.asset using Guid(3194c59507dc4d8409c0180c29775283) Importer(815301076,1909f56bfc062723c751e8b465ee728b)  -> (artifact id: '6bc07fd79912c42bc1d847c9d69add58') in 0.050566 seconds
Number of updated asset objects reloaded before import = 0
Number of asset objects unloaded after import = 3
========================================================================
Received Import Request.
  Time since last request: 0.925232 seconds.
  path: Assets/2D/Tileset/Background/Walls.png
  artifactKey: Guid(8ad2e30ae1dd7fa4f8e34a378f34fcc9) Importer(815301076,1909f56bfc062723c751e8b465ee728b)
Start importing Assets/2D/Tileset/Background/Walls.png using Guid(8ad2e30ae1dd7fa4f8e34a378f34fcc9) Importer(815301076,1909f56bfc062723c751e8b465ee728b)  -> (artifact id: '150beee36a7ae7cc4f20827f7d4bfed3') in 0.088991 seconds
Number of updated asset objects reloaded before import = 0
Number of asset objects unloaded after import = 22
========================================================================
Received Import Request.
  Time since last request: 0.000016 seconds.
  path: Assets/2D/Tileset/Background/Walls_5.asset
  artifactKey: Guid(e28b529e4245a204d9a515af8350191a) Importer(815301076,1909f56bfc062723c751e8b465ee728b)
Start importing Assets/2D/Tileset/Background/Walls_5.asset using Guid(e28b529e4245a204d9a515af8350191a) Importer(815301076,1909f56bfc062723c751e8b465ee728b)  -> (artifact id: '4338fd4b19cda0ffcfd397ffda7fc8a7') in 0.004910 seconds
Number of updated asset objects reloaded before import = 0
Number of asset objects unloaded after import = 3
========================================================================
Received Import Request.
  Time since last request: 0.000028 seconds.
  path: Assets/2D/Tileset/Background/Walls_9.asset
  artifactKey: Guid(4433ff782dbbdcb408f2c9bb61103d38) Importer(815301076,1909f56bfc062723c751e8b465ee728b)
Start importing Assets/2D/Tileset/Background/Walls_9.asset using Guid(4433ff782dbbdcb408f2c9bb61103d38) Importer(815301076,1909f56bfc062723c751e8b465ee728b)  -> (artifact id: 'bc9c69b556b50981cd18a43dbe50010c') in 0.004258 seconds
Number of updated asset objects reloaded before import = 0
Number of asset objects unloaded after import = 3
========================================================================
Received Import Request.
  Time since last request: 40.608277 seconds.
  path: Assets/2D/Tileset/Background/Walls.png
  artifactKey: Guid(8ad2e30ae1dd7fa4f8e34a378f34fcc9) Importer(815301076,1909f56bfc062723c751e8b465ee728b)
Start importing Assets/2D/Tileset/Background/Walls.png using Guid(8ad2e30ae1dd7fa4f8e34a378f34fcc9) Importer(815301076,1909f56bfc062723c751e8b465ee728b)  -> (artifact id: '98e90148186300a4fabea162f2577e3e') in 0.073254 seconds
Number of updated asset objects reloaded before import = 0
Number of asset objects unloaded after import = 25
========================================================================
Received Import Request.
  Time since last request: 162.168990 seconds.
  path: Assets/2D/Tileset/Background/Floor.png
  artifactKey: Guid(c5ef99481a1b6ea4baed8c893f8b73b4) Importer(815301076,1909f56bfc062723c751e8b465ee728b)
Start importing Assets/2D/Tileset/Background/Floor.png using Guid(c5ef99481a1b6ea4baed8c893f8b73b4) Importer(815301076,1909f56bfc062723c751e8b465ee728b)  -> (artifact id: '0cb5b42f5353246412fd322a7fba632d') in 0.046775 seconds
Number of updated asset objects reloaded before import = 0
Number of asset objects unloaded after import = 8
========================================================================
Received Import Request.
  Time since last request: 8.787029 seconds.
  path: Assets/2D/Tileset/Background/Floor_4.asset
  artifactKey: Guid(33436acd0e907e243b4d2135147d9b77) Importer(815301076,1909f56bfc062723c751e8b465ee728b)
Start importing Assets/2D/Tileset/Background/Floor_4.asset using Guid(33436acd0e907e243b4d2135147d9b77) Importer(815301076,1909f56bfc062723c751e8b465ee728b)  -> (artifact id: '411d765f5457f12420db0485870026d5') in 0.010846 seconds
Number of updated asset objects reloaded before import = 0
Number of asset objects unloaded after import = 3
========================================================================
Received Import Request.
  Time since last request: 175.297327 seconds.
  path: Assets/2D/Tileset/Props
  artifactKey: Guid(765202bc8e5b16a45afa1252b96e6e32) Importer(815301076,1909f56bfc062723c751e8b465ee728b)
Start importing Assets/2D/Tileset/Props using Guid(765202bc8e5b16a45afa1252b96e6e32) Importer(815301076,1909f56bfc062723c751e8b465ee728b)  -> (artifact id: 'b0e1145e568ef0339fc3ff7714096699') in 0.000549 seconds
Number of updated asset objects reloaded before import = 0
Number of asset objects unloaded after import = 0
========================================================================
Received Import Request.
  Time since last request: 56.192048 seconds.
  path: Assets/2D/Tileset/Props/steampunkish-tilec_0.asset
  artifactKey: Guid(b574ea9c639240840badf8481b802602) Importer(815301076,1909f56bfc062723c751e8b465ee728b)
Start importing Assets/2D/Tileset/Props/steampunkish-tilec_0.asset using Guid(b574ea9c639240840badf8481b802602) Importer(815301076,1909f56bfc062723c751e8b465ee728b)  -> (artifact id: 'd969e422bf8e296049eb962a8c69d5dc') in 0.013557 seconds
Number of updated asset objects reloaded before import = 0
Number of asset objects unloaded after import = 3
========================================================================
Received Import Request.
  Time since last request: 0.002996 seconds.
  path: Assets/2D/Tileset/Props/steampunkish-tilec_2.asset
  artifactKey: Guid(2e00b036f10d8344687f9f6fe7b1b7ea) Importer(815301076,1909f56bfc062723c751e8b465ee728b)
Start importing Assets/2D/Tileset/Props/steampunkish-tilec_2.asset using Guid(2e00b036f10d8344687f9f6fe7b1b7ea) Importer(815301076,1909f56bfc062723c751e8b465ee728b)  -> (artifact id: 'dbb95b90f2a6aaca37c80731bc6dab0b') in 0.010911 seconds
Number of updated asset objects reloaded before import = 0
Number of asset objects unloaded after import = 3
========================================================================
Received Import Request.
  Time since last request: 0.000012 seconds.
  path: Assets/2D/Tileset/Props/steampunkish-tilec_11.asset
  artifactKey: Guid(4c95cf3d1ac74d64fbc3d8dbe7e22231) Importer(815301076,1909f56bfc062723c751e8b465ee728b)
Start importing Assets/2D/Tileset/Props/steampunkish-tilec_11.asset using Guid(4c95cf3d1ac74d64fbc3d8dbe7e22231) Importer(815301076,1909f56bfc062723c751e8b465ee728b)  -> (artifact id: '3cfb787dedf411e1bd3118388d61809a') in 0.011059 seconds
Number of updated asset objects reloaded before import = 0
Number of asset objects unloaded after import = 3
========================================================================
Received Import Request.
  Time since last request: 0.000021 seconds.
  path: Assets/2D/Tileset/Props/steampunkish-tilec_13.asset
  artifactKey: Guid(1f97754a4e0737843a9926beef041ac3) Importer(815301076,1909f56bfc062723c751e8b465ee728b)
Start importing Assets/2D/Tileset/Props/steampunkish-tilec_13.asset using Guid(1f97754a4e0737843a9926beef041ac3) Importer(815301076,1909f56bfc062723c751e8b465ee728b)  -> (artifact id: '6cc15fc4178fe576fdeca89f5c1dd77b') in 0.010884 seconds
Number of updated asset objects reloaded before import = 0
Number of asset objects unloaded after import = 3
========================================================================
Received Import Request.
  Time since last request: 0.000017 seconds.
  path: Assets/2D/Tileset/Props/steampunkish-tilec_16.asset
  artifactKey: Guid(4874522030dee684cbaef788f6c31aab) Importer(815301076,1909f56bfc062723c751e8b465ee728b)
Start importing Assets/2D/Tileset/Props/steampunkish-tilec_16.asset using Guid(4874522030dee684cbaef788f6c31aab) Importer(815301076,1909f56bfc062723c751e8b465ee728b)  -> (artifact id: '7b57ad890acdd81f17e9d026d3d7ce1e') in 0.009034 seconds
Number of updated asset objects reloaded before import = 0
Number of asset objects unloaded after import = 3
========================================================================
Received Import Request.
  Time since last request: 0.000012 seconds.
  path: Assets/2D/Tileset/Props/steampunkish-tilec_12.asset
  artifactKey: Guid(dec52213f620f26459515d00dff74072) Importer(815301076,1909f56bfc062723c751e8b465ee728b)
Start importing Assets/2D/Tileset/Props/steampunkish-tilec_12.asset using Guid(dec52213f620f26459515d00dff74072) Importer(815301076,1909f56bfc062723c751e8b465ee728b)  -> (artifact id: '6f6d3ec3980bd3594f40c3e54405e99e') in 0.009572 seconds
Number of updated asset objects reloaded before import = 0
Number of asset objects unloaded after import = 3
========================================================================
Received Import Request.
  Time since last request: 0.000012 seconds.
  path: Assets/2D/Tileset/Props/steampunkish-tilec_15.asset
  artifactKey: Guid(e9e604bcb66a7a64cbedb92d0e7e163c) Importer(815301076,1909f56bfc062723c751e8b465ee728b)
Start importing Assets/2D/Tileset/Props/steampunkish-tilec_15.asset using Guid(e9e604bcb66a7a64cbedb92d0e7e163c) Importer(815301076,1909f56bfc062723c751e8b465ee728b)  -> (artifact id: '309459ff14be6bb9aa789c74951e8255') in 0.008914 seconds
Number of updated asset objects reloaded before import = 0
Number of asset objects unloaded after import = 3
========================================================================
Received Import Request.
  Time since last request: 0.000024 seconds.
  path: Assets/2D/Tileset/Props/steampunkish-tilec_3.asset
  artifactKey: Guid(c26709a19c71f834086cfaf8b1954829) Importer(815301076,1909f56bfc062723c751e8b465ee728b)
Start importing Assets/2D/Tileset/Props/steampunkish-tilec_3.asset using Guid(c26709a19c71f834086cfaf8b1954829) Importer(815301076,1909f56bfc062723c751e8b465ee728b)  -> (artifact id: 'e1c5af3aa79aad32c2083c78119aee7a') in 0.009333 seconds
Number of updated asset objects reloaded before import = 0
Number of asset objects unloaded after import = 3
========================================================================
Received Import Request.
  Time since last request: 0.000029 seconds.
  path: Assets/2D/Tileset/Props/steampunkish-tilec_5.asset
  artifactKey: Guid(139e47680766ce141ab90a316e002b66) Importer(815301076,1909f56bfc062723c751e8b465ee728b)
Start importing Assets/2D/Tileset/Props/steampunkish-tilec_5.asset using Guid(139e47680766ce141ab90a316e002b66) Importer(815301076,1909f56bfc062723c751e8b465ee728b)  -> (artifact id: 'a5cae07f5bf62b75997ae1a2e9222e49') in 0.009475 seconds
Number of updated asset objects reloaded before import = 0
Number of asset objects unloaded after import = 3
========================================================================
Received Import Request.
  Time since last request: 0.954456 seconds.
  path: Assets/2D/Tileset/Props/steampunkish-tilec_17.asset
  artifactKey: Guid(976076ba22e7d0e42963959450cdb7f1) Importer(815301076,1909f56bfc062723c751e8b465ee728b)
Start importing Assets/2D/Tileset/Props/steampunkish-tilec_17.asset using Guid(976076ba22e7d0e42963959450cdb7f1) Importer(815301076,1909f56bfc062723c751e8b465ee728b)  -> (artifact id: '88a8a6990af22fc180265bb0df1e9315') in 0.012151 seconds
Number of updated asset objects reloaded before import = 0
Number of asset objects unloaded after import = 3
========================================================================
Received Import Request.
  Time since last request: 0.020551 seconds.
  path: Assets/2D/Tileset/Props/steampunkish-tilec_19.asset
  artifactKey: Guid(d7d98c2b8ab00b64b956a5113ba3035d) Importer(815301076,1909f56bfc062723c751e8b465ee728b)
Start importing Assets/2D/Tileset/Props/steampunkish-tilec_19.asset using Guid(d7d98c2b8ab00b64b956a5113ba3035d) Importer(815301076,1909f56bfc062723c751e8b465ee728b)  -> (artifact id: 'cb88b50fb900ed5d09d7b7aed3bce3c7') in 0.009933 seconds
Number of updated asset objects reloaded before import = 0
Number of asset objects unloaded after import = 3
========================================================================
Received Import Request.
  Time since last request: 1.607177 seconds.
  path: Assets/2D/Tileset/Props/steampunkish-tilec_21.asset
  artifactKey: Guid(d473642aa84249b4f937cbc830d51db4) Importer(815301076,1909f56bfc062723c751e8b465ee728b)
Start importing Assets/2D/Tileset/Props/steampunkish-tilec_21.asset using Guid(d473642aa84249b4f937cbc830d51db4) Importer(815301076,1909f56bfc062723c751e8b465ee728b)  -> (artifact id: '623076077b6c733ab4f7b2c3102b91fe') in 0.009662 seconds
Number of updated asset objects reloaded before import = 0
Number of asset objects unloaded after import = 3
========================================================================
Received Import Request.
  Time since last request: 0.000027 seconds.
  path: Assets/2D/Tileset/Props/steampunkish-tilec_25.asset
  artifactKey: Guid(e83618df70dd6b54dbeba29d1f6c22a7) Importer(815301076,1909f56bfc062723c751e8b465ee728b)
Start importing Assets/2D/Tileset/Props/steampunkish-tilec_25.asset using Guid(e83618df70dd6b54dbeba29d1f6c22a7) Importer(815301076,1909f56bfc062723c751e8b465ee728b)  -> (artifact id: 'ff71c41b8c95cd59c3db72b330982ba5') in 0.009577 seconds
Number of updated asset objects reloaded before import = 0
Number of asset objects unloaded after import = 3
========================================================================
Received Import Request.
  Time since last request: 0.000020 seconds.
  path: Assets/2D/Tileset/Props/steampunkish-tilec_23.asset
  artifactKey: Guid(aa2e1976979605248a90b4de8c573689) Importer(815301076,1909f56bfc062723c751e8b465ee728b)
Start importing Assets/2D/Tileset/Props/steampunkish-tilec_23.asset using Guid(aa2e1976979605248a90b4de8c573689) Importer(815301076,1909f56bfc062723c751e8b465ee728b)  -> (artifact id: 'd93cc2e13a1b85593078899d3c4b8e9e') in 0.010206 seconds
Number of updated asset objects reloaded before import = 0
Number of asset objects unloaded after import = 3
========================================================================
Received Import Request.
  Time since last request: 0.013016 seconds.
  path: Assets/2D/Tileset/Props/steampunkish-tilec_52.asset
  artifactKey: Guid(bb976ce4874c2334cac330939baf201e) Importer(815301076,1909f56bfc062723c751e8b465ee728b)
Start importing Assets/2D/Tileset/Props/steampunkish-tilec_52.asset using Guid(bb976ce4874c2334cac330939baf201e) Importer(815301076,1909f56bfc062723c751e8b465ee728b)  -> (artifact id: 'a88b5aef76f8534200d4c1445e087f60') in 0.010588 seconds
Number of updated asset objects reloaded before import = 0
Number of asset objects unloaded after import = 3
========================================================================
Received Import Request.
  Time since last request: 0.000023 seconds.
  path: Assets/2D/Tileset/Props/steampunkish-tilec_66.asset
  artifactKey: Guid(34701bf6b5717fa48839aaa498209306) Importer(815301076,1909f56bfc062723c751e8b465ee728b)
Start importing Assets/2D/Tileset/Props/steampunkish-tilec_66.asset using Guid(34701bf6b5717fa48839aaa498209306) Importer(815301076,1909f56bfc062723c751e8b465ee728b)  -> (artifact id: 'a24d900021d6bcc6c479dd55f16be991') in 0.010948 seconds
Number of updated asset objects reloaded before import = 0
Number of asset objects unloaded after import = 3
========================================================================
Received Import Request.
  Time since last request: 0.000021 seconds.
  path: Assets/2D/Tileset/Props/steampunkish-tilec_68.asset
  artifactKey: Guid(d244214ce210e6b45b8e798bfee53065) Importer(815301076,1909f56bfc062723c751e8b465ee728b)
Start importing Assets/2D/Tileset/Props/steampunkish-tilec_68.asset using Guid(d244214ce210e6b45b8e798bfee53065) Importer(815301076,1909f56bfc062723c751e8b465ee728b)  -> (artifact id: 'aa81e058f2d18e12b5ece7f507ece3ce') in 0.010479 seconds
Number of updated asset objects reloaded before import = 0
Number of asset objects unloaded after import = 3
========================================================================
Received Import Request.
  Time since last request: 0.000013 seconds.
  path: Assets/2D/Tileset/Props/steampunkish-tilec_67.asset
  artifactKey: Guid(ebf4a2d36a68dce4898511a1ae61c0bf) Importer(815301076,1909f56bfc062723c751e8b465ee728b)
Start importing Assets/2D/Tileset/Props/steampunkish-tilec_67.asset using Guid(ebf4a2d36a68dce4898511a1ae61c0bf) Importer(815301076,1909f56bfc062723c751e8b465ee728b)  -> (artifact id: '13b9c8e40aaee975c3cd2e30fb0554e1') in 0.009248 seconds
Number of updated asset objects reloaded before import = 0
Number of asset objects unloaded after import = 3
========================================================================
Received Import Request.
  Time since last request: 0.000022 seconds.
  path: Assets/2D/Tileset/Props/steampunkish-tilec_56.asset
  artifactKey: Guid(ddc4ca62047217e47b064744f159d2c4) Importer(815301076,1909f56bfc062723c751e8b465ee728b)
Start importing Assets/2D/Tileset/Props/steampunkish-tilec_56.asset using Guid(ddc4ca62047217e47b064744f159d2c4) Importer(815301076,1909f56bfc062723c751e8b465ee728b)  -> (artifact id: 'beef020d7898f34648ef8c875f9ccfc2') in 0.010328 seconds
Number of updated asset objects reloaded before import = 0
Number of asset objects unloaded after import = 3
========================================================================
Received Import Request.
  Time since last request: 0.000015 seconds.
  path: Assets/2D/Tileset/Props/steampunkish-tilec_62.asset
  artifactKey: Guid(428566f46428d484ea15bc55dc6daa2d) Importer(815301076,1909f56bfc062723c751e8b465ee728b)
Start importing Assets/2D/Tileset/Props/steampunkish-tilec_62.asset using Guid(428566f46428d484ea15bc55dc6daa2d) Importer(815301076,1909f56bfc062723c751e8b465ee728b)  -> (artifact id: 'a8cda2f2b8c19baa8d34b5569605a701') in 0.010474 seconds
Number of updated asset objects reloaded before import = 0
Number of asset objects unloaded after import = 3
========================================================================
Received Import Request.
  Time since last request: 0.000032 seconds.
  path: Assets/2D/Tileset/Props/steampunkish-tilec_61.asset
  artifactKey: Guid(35a0270b47a6482488b0031fabac4fec) Importer(815301076,1909f56bfc062723c751e8b465ee728b)
Start importing Assets/2D/Tileset/Props/steampunkish-tilec_61.asset using Guid(35a0270b47a6482488b0031fabac4fec) Importer(815301076,1909f56bfc062723c751e8b465ee728b)  -> (artifact id: '76547d25cade76b69522b734b39bda46') in 0.013305 seconds
Number of updated asset objects reloaded before import = 0
Number of asset objects unloaded after import = 3
========================================================================
Received Import Request.
  Time since last request: 0.000017 seconds.
  path: Assets/2D/Tileset/Props/steampunkish-tilec_145.asset
  artifactKey: Guid(d93ca1e8c82f5f8438b02f60e190dda3) Importer(815301076,1909f56bfc062723c751e8b465ee728b)
Start importing Assets/2D/Tileset/Props/steampunkish-tilec_145.asset using Guid(d93ca1e8c82f5f8438b02f60e190dda3) Importer(815301076,1909f56bfc062723c751e8b465ee728b)  -> (artifact id: 'f4fbc55746e3cd00f733c3da7110a2ff') in 0.010512 seconds
Number of updated asset objects reloaded before import = 0
Number of asset objects unloaded after import = 3
========================================================================
Received Import Request.
  Time since last request: 0.000038 seconds.
  path: Assets/2D/Tileset/Props/steampunkish-tilec_148.asset
  artifactKey: Guid(e8e368ba2d8bae24bbb15e1650ceeeb3) Importer(815301076,1909f56bfc062723c751e8b465ee728b)
Start importing Assets/2D/Tileset/Props/steampunkish-tilec_148.asset using Guid(e8e368ba2d8bae24bbb15e1650ceeeb3) Importer(815301076,1909f56bfc062723c751e8b465ee728b)  -> (artifact id: '05b6c2407c14e1d32c0e904884d4bb41') in 0.009939 seconds
Number of updated asset objects reloaded before import = 0
Number of asset objects unloaded after import = 3
========================================================================
Received Import Request.
  Time since last request: 0.000020 seconds.
  path: Assets/2D/Tileset/Props/steampunkish-tilec_159.asset
  artifactKey: Guid(b8d1caffe0eff6c49bfd7e84b1e05d33) Importer(815301076,1909f56bfc062723c751e8b465ee728b)
Start importing Assets/2D/Tileset/Props/steampunkish-tilec_159.asset using Guid(b8d1caffe0eff6c49bfd7e84b1e05d33) Importer(815301076,1909f56bfc062723c751e8b465ee728b)  -> (artifact id: 'fa0b9d281c03d7bf8e9e207d89e05189') in 0.010849 seconds
Number of updated asset objects reloaded before import = 0
Number of asset objects unloaded after import = 3
========================================================================
Received Import Request.
  Time since last request: 0.000014 seconds.
  path: Assets/2D/Tileset/Props/steampunkish-tilec_144.asset
  artifactKey: Guid(7d2365a841668234c91dc2bc54a80b8d) Importer(815301076,1909f56bfc062723c751e8b465ee728b)
Start importing Assets/2D/Tileset/Props/steampunkish-tilec_144.asset using Guid(7d2365a841668234c91dc2bc54a80b8d) Importer(815301076,1909f56bfc062723c751e8b465ee728b)  -> (artifact id: 'cf0d1a7714c9a995ae337fee92961c01') in 0.009825 seconds
Number of updated asset objects reloaded before import = 0
Number of asset objects unloaded after import = 3
========================================================================
Received Import Request.
  Time since last request: 0.000018 seconds.
  path: Assets/2D/Tileset/Props/steampunkish-tilec_151.asset
  artifactKey: Guid(d502030afb4ae1f42967bf1aa6226e69) Importer(815301076,1909f56bfc062723c751e8b465ee728b)
Start importing Assets/2D/Tileset/Props/steampunkish-tilec_151.asset using Guid(d502030afb4ae1f42967bf1aa6226e69) Importer(815301076,1909f56bfc062723c751e8b465ee728b)  -> (artifact id: '946e10a04cf9ef3e6623f28f12fec935') in 0.009599 seconds
Number of updated asset objects reloaded before import = 0
Number of asset objects unloaded after import = 3
========================================================================
Received Import Request.
  Time since last request: 0.000018 seconds.
  path: Assets/2D/Tileset/Props/steampunkish-tilec_160.asset
  artifactKey: Guid(fbfb56bf54bd2174395e284effc85404) Importer(815301076,1909f56bfc062723c751e8b465ee728b)
Start importing Assets/2D/Tileset/Props/steampunkish-tilec_160.asset using Guid(fbfb56bf54bd2174395e284effc85404) Importer(815301076,1909f56bfc062723c751e8b465ee728b)  -> (artifact id: 'd6e5f2d16663c1658960e628bb4260f2') in 0.008785 seconds
Number of updated asset objects reloaded before import = 0
Number of asset objects unloaded after import = 3
========================================================================
Received Import Request.
  Time since last request: 0.000014 seconds.
  path: Assets/2D/Tileset/Props/steampunkish-tilec_192.asset
  artifactKey: Guid(f780c29fb89cad04e9b479e1b480f758) Importer(815301076,1909f56bfc062723c751e8b465ee728b)
Start importing Assets/2D/Tileset/Props/steampunkish-tilec_192.asset using Guid(f780c29fb89cad04e9b479e1b480f758) Importer(815301076,1909f56bfc062723c751e8b465ee728b)  -> (artifact id: '157f952d33ef2460b75d4874e26fd104') in 0.009454 seconds
Number of updated asset objects reloaded before import = 0
Number of asset objects unloaded after import = 3
========================================================================
Received Import Request.
  Time since last request: 0.000033 seconds.
  path: Assets/2D/Tileset/Props/steampunkish-tilec_178.asset
  artifactKey: Guid(f7f2ba6d398de924bb4edd7aff614bd1) Importer(815301076,1909f56bfc062723c751e8b465ee728b)
Start importing Assets/2D/Tileset/Props/steampunkish-tilec_178.asset using Guid(f7f2ba6d398de924bb4edd7aff614bd1) Importer(815301076,1909f56bfc062723c751e8b465ee728b)  -> (artifact id: 'a1a756a150081e0210d6a59a4278620c') in 0.008952 seconds
Number of updated asset objects reloaded before import = 0
Number of asset objects unloaded after import = 3
========================================================================
Received Import Request.
  Time since last request: 0.000014 seconds.
  path: Assets/2D/Tileset/Props/steampunkish-tilec_181.asset
  artifactKey: Guid(72e90b680b76b644ab6d2d29a993f729) Importer(815301076,1909f56bfc062723c751e8b465ee728b)
Start importing Assets/2D/Tileset/Props/steampunkish-tilec_181.asset using Guid(72e90b680b76b644ab6d2d29a993f729) Importer(815301076,1909f56bfc062723c751e8b465ee728b)  -> (artifact id: '1162fdf3a0085a629cb39a09031d459c') in 0.009560 seconds
Number of updated asset objects reloaded before import = 0
Number of asset objects unloaded after import = 3
========================================================================
Received Import Request.
  Time since last request: 0.000025 seconds.
  path: Assets/2D/Tileset/Props/steampunkish-tilec_188.asset
  artifactKey: Guid(168e77c18898af547a9e6c5c2eebe8e1) Importer(815301076,1909f56bfc062723c751e8b465ee728b)
Start importing Assets/2D/Tileset/Props/steampunkish-tilec_188.asset using Guid(168e77c18898af547a9e6c5c2eebe8e1) Importer(815301076,1909f56bfc062723c751e8b465ee728b)  -> (artifact id: 'eac21aa593bc33451b9c8edd66b0cc4f') in 0.009284 seconds
Number of updated asset objects reloaded before import = 0
Number of asset objects unloaded after import = 3
========================================================================
Received Import Request.
  Time since last request: 0.000014 seconds.
  path: Assets/2D/Tileset/Props/steampunkish-tilec_180.asset
  artifactKey: Guid(58f7bb3309ead3d46b1a9471e901a423) Importer(815301076,1909f56bfc062723c751e8b465ee728b)
Start importing Assets/2D/Tileset/Props/steampunkish-tilec_180.asset using Guid(58f7bb3309ead3d46b1a9471e901a423) Importer(815301076,1909f56bfc062723c751e8b465ee728b)  -> (artifact id: '67b450451abd4601dae3806ff808e807') in 0.008433 seconds
Number of updated asset objects reloaded before import = 0
Number of asset objects unloaded after import = 3
========================================================================
Received Import Request.
  Time since last request: 0.000012 seconds.
  path: Assets/2D/Tileset/Props/steampunkish-tilec_183.asset
  artifactKey: Guid(3e31e01f6d9e5064389b0d150ad2b7d2) Importer(815301076,1909f56bfc062723c751e8b465ee728b)
Start importing Assets/2D/Tileset/Props/steampunkish-tilec_183.asset using Guid(3e31e01f6d9e5064389b0d150ad2b7d2) Importer(815301076,1909f56bfc062723c751e8b465ee728b)  -> (artifact id: 'e4c26ef127cbbed87dda8418fd2debf2') in 0.010507 seconds
Number of updated asset objects reloaded before import = 0
Number of asset objects unloaded after import = 3
========================================================================
Received Import Request.
  Time since last request: 0.000019 seconds.
  path: Assets/2D/Tileset/Props/steampunkish-tilec_187.asset
  artifactKey: Guid(8dafc513dca1d994bbb0b768c52d9aa4) Importer(815301076,1909f56bfc062723c751e8b465ee728b)
Start importing Assets/2D/Tileset/Props/steampunkish-tilec_187.asset using Guid(8dafc513dca1d994bbb0b768c52d9aa4) Importer(815301076,1909f56bfc062723c751e8b465ee728b)  -> (artifact id: '01b29ef639cfec71861df10a4a4a7e1b') in 0.008783 seconds
Number of updated asset objects reloaded before import = 0
Number of asset objects unloaded after import = 3
========================================================================
Received Import Request.
  Time since last request: 0.000017 seconds.
  path: Assets/2D/Tileset/Props/steampunkish-tilec_186.asset
  artifactKey: Guid(5ee5987c0b724ac459cd6dfc0e792130) Importer(815301076,1909f56bfc062723c751e8b465ee728b)
Start importing Assets/2D/Tileset/Props/steampunkish-tilec_186.asset using Guid(5ee5987c0b724ac459cd6dfc0e792130) Importer(815301076,1909f56bfc062723c751e8b465ee728b)  -> (artifact id: 'b36b425abaa328a086ad270102645dcc') in 0.009715 seconds
Number of updated asset objects reloaded before import = 0
Number of asset objects unloaded after import = 3
========================================================================
Received Import Request.
  Time since last request: 0.000019 seconds.
  path: Assets/2D/Tileset/Props/steampunkish-tilec_203.asset
  artifactKey: Guid(5b33fca11f8ec9f4fbc58bd1bd585be0) Importer(815301076,1909f56bfc062723c751e8b465ee728b)
Start importing Assets/2D/Tileset/Props/steampunkish-tilec_203.asset using Guid(5b33fca11f8ec9f4fbc58bd1bd585be0) Importer(815301076,1909f56bfc062723c751e8b465ee728b)  -> (artifact id: '1a0313b3c79dc1bca7f6f95e7a893d4f') in 0.009442 seconds
Number of updated asset objects reloaded before import = 0
Number of asset objects unloaded after import = 3
========================================================================
Received Import Request.
  Time since last request: 0.000017 seconds.
  path: Assets/2D/Tileset/Props/steampunkish-tilec_207.asset
  artifactKey: Guid(49c368dad1e308e46b90eddd469bb493) Importer(815301076,1909f56bfc062723c751e8b465ee728b)
Start importing Assets/2D/Tileset/Props/steampunkish-tilec_207.asset using Guid(49c368dad1e308e46b90eddd469bb493) Importer(815301076,1909f56bfc062723c751e8b465ee728b)  -> (artifact id: 'fbb920db5179955f16f91c1cb8667f99') in 0.010271 seconds
Number of updated asset objects reloaded before import = 0
Number of asset objects unloaded after import = 3
========================================================================
Received Import Request.
  Time since last request: 0.000012 seconds.
  path: Assets/2D/Tileset/Props/steampunkish-tilec_208.asset
  artifactKey: Guid(aad6d6eeaa3806f46b2cd2b6a2f3e373) Importer(815301076,1909f56bfc062723c751e8b465ee728b)
Start importing Assets/2D/Tileset/Props/steampunkish-tilec_208.asset using Guid(aad6d6eeaa3806f46b2cd2b6a2f3e373) Importer(815301076,1909f56bfc062723c751e8b465ee728b)  -> (artifact id: '95a95eb92324cc2b89405a88226b7c5a') in 0.009981 seconds
Number of updated asset objects reloaded before import = 0
Number of asset objects unloaded after import = 3
========================================================================
Received Import Request.
  Time since last request: 0.000021 seconds.
  path: Assets/2D/Tileset/Props/steampunkish-tilec_218.asset
  artifactKey: Guid(dcb457da1402c82489653f3be1d53dee) Importer(815301076,1909f56bfc062723c751e8b465ee728b)
Start importing Assets/2D/Tileset/Props/steampunkish-tilec_218.asset using Guid(dcb457da1402c82489653f3be1d53dee) Importer(815301076,1909f56bfc062723c751e8b465ee728b)  -> (artifact id: 'ebfccb1a12bd090dc8c8b40feca5e38c') in 0.010780 seconds
Number of updated asset objects reloaded before import = 0
Number of asset objects unloaded after import = 3
========================================================================
Received Import Request.
  Time since last request: 0.000013 seconds.
  path: Assets/2D/Tileset/Props/steampunkish-tilec_209.asset
  artifactKey: Guid(f9f444f8804106d47bce0316aeb8f1b3) Importer(815301076,1909f56bfc062723c751e8b465ee728b)
Start importing Assets/2D/Tileset/Props/steampunkish-tilec_209.asset using Guid(f9f444f8804106d47bce0316aeb8f1b3) Importer(815301076,1909f56bfc062723c751e8b465ee728b)  -> (artifact id: '3f9dac291cc722b308a21050cd1a25f6') in 0.010080 seconds
Number of updated asset objects reloaded before import = 0
Number of asset objects unloaded after import = 3
========================================================================
Received Import Request.
  Time since last request: 0.000020 seconds.
  path: Assets/2D/Tileset/Props/steampunkish-tilec_205.asset
  artifactKey: Guid(a30c57dba8ff9bd42b4183bb34ff2c94) Importer(815301076,1909f56bfc062723c751e8b465ee728b)
Start importing Assets/2D/Tileset/Props/steampunkish-tilec_205.asset using Guid(a30c57dba8ff9bd42b4183bb34ff2c94) Importer(815301076,1909f56bfc062723c751e8b465ee728b)  -> (artifact id: 'bcff2421db8d1c5540016c89a5901f84') in 0.009480 seconds
Number of updated asset objects reloaded before import = 0
Number of asset objects unloaded after import = 3
========================================================================
Received Import Request.
  Time since last request: 0.000017 seconds.
  path: Assets/2D/Tileset/Props/steampunkish-tilec_242.asset
  artifactKey: Guid(220b8b9c2d62c3f4c88888c0cd5c58ff) Importer(815301076,1909f56bfc062723c751e8b465ee728b)
Start importing Assets/2D/Tileset/Props/steampunkish-tilec_242.asset using Guid(220b8b9c2d62c3f4c88888c0cd5c58ff) Importer(815301076,1909f56bfc062723c751e8b465ee728b)  -> (artifact id: '7bf12427742ec54b6e3088026c6e7655') in 0.008954 seconds
Number of updated asset objects reloaded before import = 0
Number of asset objects unloaded after import = 3
========================================================================
Received Import Request.
  Time since last request: 0.000016 seconds.
  path: Assets/2D/Tileset/Props/steampunkish-tilec_248.asset
  artifactKey: Guid(8d7d1bf864fd6644e85afd4d0349e61d) Importer(815301076,1909f56bfc062723c751e8b465ee728b)
Start importing Assets/2D/Tileset/Props/steampunkish-tilec_248.asset using Guid(8d7d1bf864fd6644e85afd4d0349e61d) Importer(815301076,1909f56bfc062723c751e8b465ee728b)  -> (artifact id: 'be339134470d57ace444bc3527543748') in 0.009126 seconds
Number of updated asset objects reloaded before import = 0
Number of asset objects unloaded after import = 3
========================================================================
Received Import Request.
  Time since last request: 0.000029 seconds.
  path: Assets/2D/Tileset/Props/steampunkish-tilec_245.asset
  artifactKey: Guid(27f896ebd37dc374383bc80895c444b2) Importer(815301076,1909f56bfc062723c751e8b465ee728b)
Start importing Assets/2D/Tileset/Props/steampunkish-tilec_245.asset using Guid(27f896ebd37dc374383bc80895c444b2) Importer(815301076,1909f56bfc062723c751e8b465ee728b)  -> (artifact id: '1a4fbfdce856d315f5545fad085c22dc') in 0.009168 seconds
Number of updated asset objects reloaded before import = 0
Number of asset objects unloaded after import = 3
========================================================================
Received Import Request.
  Time since last request: 0.000019 seconds.
  path: Assets/2D/Tileset/Props/steampunkish-tilec_152.asset
  artifactKey: Guid(670b0d6c501d9b648bcfe35c2d25e940) Importer(815301076,1909f56bfc062723c751e8b465ee728b)
Start importing Assets/2D/Tileset/Props/steampunkish-tilec_152.asset using Guid(670b0d6c501d9b648bcfe35c2d25e940) Importer(815301076,1909f56bfc062723c751e8b465ee728b)  -> (artifact id: 'ef61121e6552b47890e30955927087bc') in 0.011539 seconds
Number of updated asset objects reloaded before import = 0
Number of asset objects unloaded after import = 3
========================================================================
Received Import Request.
  Time since last request: 0.000019 seconds.
  path: Assets/2D/Tileset/Props/steampunkish-tilec_206.asset
  artifactKey: Guid(7fa0bb609c1356c47832f69ca9cb7b24) Importer(815301076,1909f56bfc062723c751e8b465ee728b)
Start importing Assets/2D/Tileset/Props/steampunkish-tilec_206.asset using Guid(7fa0bb609c1356c47832f69ca9cb7b24) Importer(815301076,1909f56bfc062723c751e8b465ee728b)  -> (artifact id: 'a16c17152dea5c1b0ceec0aa1d0581ac') in 0.011305 seconds
Number of updated asset objects reloaded before import = 0
Number of asset objects unloaded after import = 3
========================================================================
Received Import Request.
  Time since last request: 0.000028 seconds.
  path: Assets/2D/Tileset/Props/steampunkish-tilec_65.asset
  artifactKey: Guid(31301c6d4e22fbd4088d0dd36ee8ccad) Importer(815301076,1909f56bfc062723c751e8b465ee728b)
Start importing Assets/2D/Tileset/Props/steampunkish-tilec_65.asset using Guid(31301c6d4e22fbd4088d0dd36ee8ccad) Importer(815301076,1909f56bfc062723c751e8b465ee728b)  -> (artifact id: 'b63a9765535d161269563ec379fde90b') in 0.009869 seconds
Number of updated asset objects reloaded before import = 0
Number of asset objects unloaded after import = 3
========================================================================
Received Import Request.
  Time since last request: 0.000024 seconds.
  path: Assets/2D/Tileset/Props/steampunkish-tilec_236.asset
  artifactKey: Guid(0f7835e2194121442909fdb2149b87f7) Importer(815301076,1909f56bfc062723c751e8b465ee728b)
Start importing Assets/2D/Tileset/Props/steampunkish-tilec_236.asset using Guid(0f7835e2194121442909fdb2149b87f7) Importer(815301076,1909f56bfc062723c751e8b465ee728b)  -> (artifact id: '9c34be2bda3c70e5b6161384ed03a2ee') in 0.009558 seconds
Number of updated asset objects reloaded before import = 0
Number of asset objects unloaded after import = 3
========================================================================
Received Import Request.
  Time since last request: 0.000022 seconds.
  path: Assets/2D/Tileset/Props/tora_vx_02 copia_3.asset
  artifactKey: Guid(5d9e08693367330409f6ea16ea0d6806) Importer(815301076,1909f56bfc062723c751e8b465ee728b)
Start importing Assets/2D/Tileset/Props/tora_vx_02 copia_3.asset using Guid(5d9e08693367330409f6ea16ea0d6806) Importer(815301076,1909f56bfc062723c751e8b465ee728b)  -> (artifact id: '759ea3fbf16f7c60b140a725b23eb6cc') in 0.009451 seconds
Number of updated asset objects reloaded before import = 0
Number of asset objects unloaded after import = 3
========================================================================
Received Import Request.
  Time since last request: 0.000011 seconds.
  path: Assets/2D/Tileset/Props/tora_vx_02 copia_9.asset
  artifactKey: Guid(ccc69f28fda052a45a66b376e58d48a2) Importer(815301076,1909f56bfc062723c751e8b465ee728b)
Start importing Assets/2D/Tileset/Props/tora_vx_02 copia_9.asset using Guid(ccc69f28fda052a45a66b376e58d48a2) Importer(815301076,1909f56bfc062723c751e8b465ee728b)  -> (artifact id: '439d68cc96b1d2baf40bdcce29b49666') in 0.009669 seconds
Number of updated asset objects reloaded before import = 0
Number of asset objects unloaded after import = 3
========================================================================
Received Import Request.
  Time since last request: 0.000014 seconds.
  path: Assets/2D/Tileset/Props/tora_vx_02 copia_10.asset
  artifactKey: Guid(9f9322064f0d65d43b59806bce340e52) Importer(815301076,1909f56bfc062723c751e8b465ee728b)
Start importing Assets/2D/Tileset/Props/tora_vx_02 copia_10.asset using Guid(9f9322064f0d65d43b59806bce340e52) Importer(815301076,1909f56bfc062723c751e8b465ee728b)  -> (artifact id: '4050a9440dbac508a567ca85ce77a8b2') in 0.009582 seconds
Number of updated asset objects reloaded before import = 0
Number of asset objects unloaded after import = 3
========================================================================
Received Import Request.
  Time since last request: 0.000017 seconds.
  path: Assets/2D/Tileset/Props/tora_vx_02 copia_1.asset
  artifactKey: Guid(eb63057d7f81a924e9b3da6c1b2592a9) Importer(815301076,1909f56bfc062723c751e8b465ee728b)
Start importing Assets/2D/Tileset/Props/tora_vx_02 copia_1.asset using Guid(eb63057d7f81a924e9b3da6c1b2592a9) Importer(815301076,1909f56bfc062723c751e8b465ee728b)  -> (artifact id: '71a19b6a9c392fec5adf6018fd003f80') in 0.013715 seconds
Number of updated asset objects reloaded before import = 0
Number of asset objects unloaded after import = 3
========================================================================
Received Import Request.
  Time since last request: 0.000015 seconds.
  path: Assets/2D/Tileset/Props/steampunkish-tilec_233.asset
  artifactKey: Guid(b40bb32d2183556499d1cbef2a8158db) Importer(815301076,1909f56bfc062723c751e8b465ee728b)
Start importing Assets/2D/Tileset/Props/steampunkish-tilec_233.asset using Guid(b40bb32d2183556499d1cbef2a8158db) Importer(815301076,1909f56bfc062723c751e8b465ee728b)  -> (artifact id: '6b8fb84a60f77ab49f8f3f3ea398d019') in 0.009157 seconds
Number of updated asset objects reloaded before import = 0
Number of asset objects unloaded after import = 3
========================================================================
Received Import Request.
  Time since last request: 0.000014 seconds.
  path: Assets/2D/Tileset/Props/steampunkish-tilec_235.asset
  artifactKey: Guid(b37c554f8ecce2d4782a92e1c41ebaac) Importer(815301076,1909f56bfc062723c751e8b465ee728b)
Start importing Assets/2D/Tileset/Props/steampunkish-tilec_235.asset using Guid(b37c554f8ecce2d4782a92e1c41ebaac) Importer(815301076,1909f56bfc062723c751e8b465ee728b)  -> (artifact id: '0b9ce8e6e37e570d8fc93f326ca55c71') in 0.008251 seconds
Number of updated asset objects reloaded before import = 0
Number of asset objects unloaded after import = 3
========================================================================
Received Import Request.
  Time since last request: 0.000015 seconds.
  path: Assets/2D/Tileset/Props/steampunkish-tilec_234.asset
  artifactKey: Guid(13423bdc23650bc4799054d4d2b2ebf9) Importer(815301076,1909f56bfc062723c751e8b465ee728b)
Start importing Assets/2D/Tileset/Props/steampunkish-tilec_234.asset using Guid(13423bdc23650bc4799054d4d2b2ebf9) Importer(815301076,1909f56bfc062723c751e8b465ee728b)  -> (artifact id: 'be1582e83fb6e8f2d409f1adbca4e6e7') in 0.008625 seconds
Number of updated asset objects reloaded before import = 0
Number of asset objects unloaded after import = 3
========================================================================
Received Import Request.
  Time since last request: 0.000015 seconds.
  path: Assets/2D/Tileset/Props/steampunkish-tilec_254.asset
  artifactKey: Guid(d641b34d0bf2cdd47b8f6380c7d55e57) Importer(815301076,1909f56bfc062723c751e8b465ee728b)
Start importing Assets/2D/Tileset/Props/steampunkish-tilec_254.asset using Guid(d641b34d0bf2cdd47b8f6380c7d55e57) Importer(815301076,1909f56bfc062723c751e8b465ee728b)  -> (artifact id: 'b6ac8dcc0c144c36066d0fe56fba679c') in 0.009321 seconds
Number of updated asset objects reloaded before import = 0
Number of asset objects unloaded after import = 3
========================================================================
Received Import Request.
  Time since last request: 0.000029 seconds.
  path: Assets/2D/Tileset/Props/tora_vx_02 copia_20.asset
  artifactKey: Guid(fd8fe2201f47e7748bcdb3aff28c7f32) Importer(815301076,1909f56bfc062723c751e8b465ee728b)
Start importing Assets/2D/Tileset/Props/tora_vx_02 copia_20.asset using Guid(fd8fe2201f47e7748bcdb3aff28c7f32) Importer(815301076,1909f56bfc062723c751e8b465ee728b)  -> (artifact id: 'e0b676b941e5fffccbb08a98996c88b2') in 0.010765 seconds
Number of updated asset objects reloaded before import = 0
Number of asset objects unloaded after import = 3
========================================================================
Received Import Request.
  Time since last request: 0.000017 seconds.
  path: Assets/2D/Tileset/Props/tora_vx_02 copia_14.asset
  artifactKey: Guid(f9699eb9b370d4443a909bc639db655b) Importer(815301076,1909f56bfc062723c751e8b465ee728b)
Start importing Assets/2D/Tileset/Props/tora_vx_02 copia_14.asset using Guid(f9699eb9b370d4443a909bc639db655b) Importer(815301076,1909f56bfc062723c751e8b465ee728b)  -> (artifact id: 'dac1689e41fde4525b9814bd1debd80b') in 0.009959 seconds
Number of updated asset objects reloaded before import = 0
Number of asset objects unloaded after import = 3
========================================================================
Received Import Request.
  Time since last request: 0.000013 seconds.
  path: Assets/2D/Tileset/Props/tora_vx_02 copia_22.asset
  artifactKey: Guid(719e6e4687c25dd48863701abf7b6ab9) Importer(815301076,1909f56bfc062723c751e8b465ee728b)
Start importing Assets/2D/Tileset/Props/tora_vx_02 copia_22.asset using Guid(719e6e4687c25dd48863701abf7b6ab9) Importer(815301076,1909f56bfc062723c751e8b465ee728b)  -> (artifact id: '7136233c64538815ea66cf8d7702fca5') in 0.010101 seconds
Number of updated asset objects reloaded before import = 0
Number of asset objects unloaded after import = 3
========================================================================
Received Import Request.
  Time since last request: 0.000014 seconds.
  path: Assets/2D/Tileset/Props/tora_vx_02 copia_16.asset
  artifactKey: Guid(eb6ea698e4e20464b966aef2729a4f91) Importer(815301076,1909f56bfc062723c751e8b465ee728b)
Start importing Assets/2D/Tileset/Props/tora_vx_02 copia_16.asset using Guid(eb6ea698e4e20464b966aef2729a4f91) Importer(815301076,1909f56bfc062723c751e8b465ee728b)  -> (artifact id: 'a988b1c89f09e14166963859f9c0e220') in 0.009952 seconds
Number of updated asset objects reloaded before import = 0
Number of asset objects unloaded after import = 3
========================================================================
Received Import Request.
  Time since last request: 0.000017 seconds.
  path: Assets/2D/Tileset/Props/tora_vx_02 copia_19.asset
  artifactKey: Guid(227faf1d2704c3c4e9021455e39e7154) Importer(815301076,1909f56bfc062723c751e8b465ee728b)
Start importing Assets/2D/Tileset/Props/tora_vx_02 copia_19.asset using Guid(227faf1d2704c3c4e9021455e39e7154) Importer(815301076,1909f56bfc062723c751e8b465ee728b)  -> (artifact id: 'b63c5c2ae3b2f55f0590029d397f4e4c') in 0.009001 seconds
Number of updated asset objects reloaded before import = 0
Number of asset objects unloaded after import = 3
========================================================================
Received Import Request.
  Time since last request: 0.000020 seconds.
  path: Assets/2D/Tileset/Props/tora_vx_02 copia_18.asset
  artifactKey: Guid(cf5413f447c46034aa542542d84b4741) Importer(815301076,1909f56bfc062723c751e8b465ee728b)
Start importing Assets/2D/Tileset/Props/tora_vx_02 copia_18.asset using Guid(cf5413f447c46034aa542542d84b4741) Importer(815301076,1909f56bfc062723c751e8b465ee728b)  -> (artifact id: 'e46e81255582b91354b86d15627e51a3') in 0.009151 seconds
Number of updated asset objects reloaded before import = 0
Number of asset objects unloaded after import = 3
========================================================================
Received Import Request.
  Time since last request: 0.000010 seconds.
  path: Assets/2D/Tileset/Props/steampunkish-tilec_212.asset
  artifactKey: Guid(e8aedf8031f4e2d49a4a60ae39d235dd) Importer(815301076,1909f56bfc062723c751e8b465ee728b)
Start importing Assets/2D/Tileset/Props/steampunkish-tilec_212.asset using Guid(e8aedf8031f4e2d49a4a60ae39d235dd) Importer(815301076,1909f56bfc062723c751e8b465ee728b)  -> (artifact id: '929fdcd0096d2bad882f937e94cade11') in 0.009655 seconds
Number of updated asset objects reloaded before import = 0
Number of asset objects unloaded after import = 3
========================================================================
Received Import Request.
  Time since last request: 0.000013 seconds.
  path: Assets/2D/Tileset/Props/tora_vx_02 copia_25.asset
  artifactKey: Guid(5951e3bbed03cc64d9603469417a57e4) Importer(815301076,1909f56bfc062723c751e8b465ee728b)
Start importing Assets/2D/Tileset/Props/tora_vx_02 copia_25.asset using Guid(5951e3bbed03cc64d9603469417a57e4) Importer(815301076,1909f56bfc062723c751e8b465ee728b)  -> (artifact id: 'ff718f3d2ad13330c1fc6ed41bf5bad1') in 0.009724 seconds
Number of updated asset objects reloaded before import = 0
Number of asset objects unloaded after import = 3
========================================================================
Received Import Request.
  Time since last request: 0.000013 seconds.
  path: Assets/2D/Tileset/Props/tora_vx_02 copia_28.asset
  artifactKey: Guid(de3aed335ead5384caad2858d9210d89) Importer(815301076,1909f56bfc062723c751e8b465ee728b)
Start importing Assets/2D/Tileset/Props/tora_vx_02 copia_28.asset using Guid(de3aed335ead5384caad2858d9210d89) Importer(815301076,1909f56bfc062723c751e8b465ee728b)  -> (artifact id: '2250bba8e23e1b5d024b75c45274f407') in 0.010242 seconds
Number of updated asset objects reloaded before import = 0
Number of asset objects unloaded after import = 3
========================================================================
Received Import Request.
  Time since last request: 0.000017 seconds.
  path: Assets/2D/Tileset/Props/tora_vx_02 copia_7.asset
  artifactKey: Guid(83e577055e590644f9e1c797e3f085eb) Importer(815301076,1909f56bfc062723c751e8b465ee728b)
Start importing Assets/2D/Tileset/Props/tora_vx_02 copia_7.asset using Guid(83e577055e590644f9e1c797e3f085eb) Importer(815301076,1909f56bfc062723c751e8b465ee728b)  -> (artifact id: '80d42a7d58e40343053d67c0f70dddc3') in 0.010612 seconds
Number of updated asset objects reloaded before import = 0
Number of asset objects unloaded after import = 3
========================================================================
Received Import Request.
  Time since last request: 0.000014 seconds.
  path: Assets/2D/Tileset/Props/tora_vx_02 copia_21.asset
  artifactKey: Guid(8a24f8e08b1fead449949c199c541ffe) Importer(815301076,1909f56bfc062723c751e8b465ee728b)
Start importing Assets/2D/Tileset/Props/tora_vx_02 copia_21.asset using Guid(8a24f8e08b1fead449949c199c541ffe) Importer(815301076,1909f56bfc062723c751e8b465ee728b)  -> (artifact id: 'fb46e6e4b96b6064dc595764cf50d88e') in 0.009293 seconds
Number of updated asset objects reloaded before import = 0
Number of asset objects unloaded after import = 3
========================================================================
Received Import Request.
  Time since last request: 0.000015 seconds.
  path: Assets/2D/Tileset/Props/steampunkish-tilec_214.asset
  artifactKey: Guid(3bee56aee3f982b419c83a09b49bc72c) Importer(815301076,1909f56bfc062723c751e8b465ee728b)
Start importing Assets/2D/Tileset/Props/steampunkish-tilec_214.asset using Guid(3bee56aee3f982b419c83a09b49bc72c) Importer(815301076,1909f56bfc062723c751e8b465ee728b)  -> (artifact id: 'b717b4174e299cd909935476fe3ce5f3') in 0.009210 seconds
Number of updated asset objects reloaded before import = 0
Number of asset objects unloaded after import = 3
========================================================================
Received Import Request.
  Time since last request: 0.000017 seconds.
  path: Assets/2D/Tileset/Props/tora_vx_02 copia_6.asset
  artifactKey: Guid(3087596a096e1d64ea75fd46f7f29bd5) Importer(815301076,1909f56bfc062723c751e8b465ee728b)
Start importing Assets/2D/Tileset/Props/tora_vx_02 copia_6.asset using Guid(3087596a096e1d64ea75fd46f7f29bd5) Importer(815301076,1909f56bfc062723c751e8b465ee728b)  -> (artifact id: '5479f7d312ed224f13d5940dfad05972') in 0.009453 seconds
Number of updated asset objects reloaded before import = 0
Number of asset objects unloaded after import = 3
========================================================================
Received Import Request.
  Time since last request: 0.000014 seconds.
  path: Assets/2D/Tileset/Props/steampunkish-tilec_239.asset
  artifactKey: Guid(9b9082f385aaec745bcc3e26e35310b1) Importer(815301076,1909f56bfc062723c751e8b465ee728b)
Start importing Assets/2D/Tileset/Props/steampunkish-tilec_239.asset using Guid(9b9082f385aaec745bcc3e26e35310b1) Importer(815301076,1909f56bfc062723c751e8b465ee728b)  -> (artifact id: 'cd0568b30af6bcbcf5d6f7b540b02404') in 0.009551 seconds
Number of updated asset objects reloaded before import = 0
Number of asset objects unloaded after import = 3
========================================================================
Received Import Request.
  Time since last request: 0.000014 seconds.
  path: Assets/2D/Tileset/Props/steampunkish-tilec_153.asset
  artifactKey: Guid(d43ab726118550a47b4ef24566770b4b) Importer(815301076,1909f56bfc062723c751e8b465ee728b)
Start importing Assets/2D/Tileset/Props/steampunkish-tilec_153.asset using Guid(d43ab726118550a47b4ef24566770b4b) Importer(815301076,1909f56bfc062723c751e8b465ee728b)  -> (artifact id: '64242c38d85ff4735078937f40f21f9e') in 0.008810 seconds
Number of updated asset objects reloaded before import = 0
Number of asset objects unloaded after import = 3
========================================================================
Received Import Request.
  Time since last request: 0.000015 seconds.
  path: Assets/2D/Tileset/Props/steampunkish-tilec_149.asset
  artifactKey: Guid(65a8af446658ee84e8a6e959e31808e9) Importer(815301076,1909f56bfc062723c751e8b465ee728b)
Start importing Assets/2D/Tileset/Props/steampunkish-tilec_149.asset using Guid(65a8af446658ee84e8a6e959e31808e9) Importer(815301076,1909f56bfc062723c751e8b465ee728b)  -> (artifact id: 'f3dde03eb059dfb3d6f07d673318cfbd') in 0.009966 seconds
Number of updated asset objects reloaded before import = 0
Number of asset objects unloaded after import = 3
========================================================================
Received Import Request.
  Time since last request: 0.000017 seconds.
  path: Assets/2D/Tileset/Props/steampunkish-tilec_150.asset
  artifactKey: Guid(d33832153a9bc1848bfc9e27f8a10e22) Importer(815301076,1909f56bfc062723c751e8b465ee728b)
Start importing Assets/2D/Tileset/Props/steampunkish-tilec_150.asset using Guid(d33832153a9bc1848bfc9e27f8a10e22) Importer(815301076,1909f56bfc062723c751e8b465ee728b)  -> (artifact id: 'fb9d10a8e400249b2652b15e9238bfbb') in 0.009582 seconds
Number of updated asset objects reloaded before import = 0
Number of asset objects unloaded after import = 3
========================================================================
Received Import Request.
  Time since last request: 27.002121 seconds.
  path: Assets/Tileset Palette/Props Palette.prefab
  artifactKey: Guid(b5c280c7f100bb847a4ec896e9d69a29) Importer(815301076,1909f56bfc062723c751e8b465ee728b)
Start importing Assets/Tileset Palette/Props Palette.prefab using Guid(b5c280c7f100bb847a4ec896e9d69a29) Importer(815301076,1909f56bfc062723c751e8b465ee728b)  -> (artifact id: 'b7f247f43a82b3b44bb2ba063f5f5ad0') in 0.104541 seconds
Number of updated asset objects reloaded before import = 0
Number of asset objects unloaded after import = 297
========================================================================
Received Import Request.
  Time since last request: 477.918965 seconds.
  path: Assets/2D/Tileset/Props/steampunkish-tilec_28.asset
  artifactKey: Guid(0f7bf5003f991ec4d863c000d1477550) Importer(815301076,1909f56bfc062723c751e8b465ee728b)
Start importing Assets/2D/Tileset/Props/steampunkish-tilec_28.asset using Guid(0f7bf5003f991ec4d863c000d1477550) Importer(815301076,1909f56bfc062723c751e8b465ee728b)  -> (artifact id: 'dc74bdb1aba294b62f189824b5c12822') in 0.016803 seconds
Number of updated asset objects reloaded before import = 0
Number of asset objects unloaded after import = 3
========================================================================
Received Import Request.
  Time since last request: 0.000021 seconds.
  path: Assets/2D/Tileset/Props/steampunkish-tilec_29.asset
  artifactKey: Guid(4c8f2857db22eec448a607aa5f0dff4e) Importer(815301076,1909f56bfc062723c751e8b465ee728b)
Start importing Assets/2D/Tileset/Props/steampunkish-tilec_29.asset using Guid(4c8f2857db22eec448a607aa5f0dff4e) Importer(815301076,1909f56bfc062723c751e8b465ee728b)  -> (artifact id: 'fbfcabee4041ab8256aaca2a3883e359') in 0.010824 seconds
Number of updated asset objects reloaded before import = 0
Number of asset objects unloaded after import = 3
========================================================================
Received Import Request.
  Time since last request: 6.298453 seconds.
  path: Assets/2D/Tileset/Props/tora_vx_02 copia_4.asset
  artifactKey: Guid(2693aa17a81a44344a45747243f7589d) Importer(815301076,1909f56bfc062723c751e8b465ee728b)
Start importing Assets/2D/Tileset/Props/tora_vx_02 copia_4.asset using Guid(2693aa17a81a44344a45747243f7589d) Importer(815301076,1909f56bfc062723c751e8b465ee728b)  -> (artifact id: '55c912ebe5cc0666e5cb12cf831413c6') in 0.019472 seconds
Number of updated asset objects reloaded before import = 0
Number of asset objects unloaded after import = 3
========================================================================
Received Import Request.
  Time since last request: 0.000025 seconds.
  path: Assets/2D/Tileset/Props/tora_vx_02 copia_20.asset
  artifactKey: Guid(fd8fe2201f47e7748bcdb3aff28c7f32) Importer(815301076,1909f56bfc062723c751e8b465ee728b)
Start importing Assets/2D/Tileset/Props/tora_vx_02 copia_20.asset using Guid(fd8fe2201f47e7748bcdb3aff28c7f32) Importer(815301076,1909f56bfc062723c751e8b465ee728b)  -> (artifact id: '19618428cc2fe1cc2c16c6f360d6d996') in 0.012075 seconds
Number of updated asset objects reloaded before import = 0
Number of asset objects unloaded after import = 3
========================================================================
Received Import Request.
  Time since last request: 0.000021 seconds.
  path: Assets/2D/Tileset/Props/tora_vx_02 copia_25.asset
  artifactKey: Guid(5951e3bbed03cc64d9603469417a57e4) Importer(815301076,1909f56bfc062723c751e8b465ee728b)
Start importing Assets/2D/Tileset/Props/tora_vx_02 copia_25.asset using Guid(5951e3bbed03cc64d9603469417a57e4) Importer(815301076,1909f56bfc062723c751e8b465ee728b)  -> (artifact id: '64bf9de07700faea60ad569695a72ddc') in 0.002699 seconds
Number of updated asset objects reloaded before import = 0
Number of asset objects unloaded after import = 1
========================================================================
Received Import Request.
  Time since last request: 0.000017 seconds.
  path: Assets/2D/Tileset/Props/tora_vx_02 copia_14.asset
  artifactKey: Guid(f9699eb9b370d4443a909bc639db655b) Importer(815301076,1909f56bfc062723c751e8b465ee728b)
Start importing Assets/2D/Tileset/Props/tora_vx_02 copia_14.asset using Guid(f9699eb9b370d4443a909bc639db655b) Importer(815301076,1909f56bfc062723c751e8b465ee728b)  -> (artifact id: 'cba625e1300a9ef98372f6e032fc9fdb') in 0.013064 seconds
Number of updated asset objects reloaded before import = 0
Number of asset objects unloaded after import = 3
========================================================================
Received Import Request.
  Time since last request: 0.000014 seconds.
  path: Assets/2D/Tileset/Props/tora_vx_02 copia_13.asset
  artifactKey: Guid(f6bc00ca74924ac449ec467c38d0f725) Importer(815301076,1909f56bfc062723c751e8b465ee728b)
Start importing Assets/2D/Tileset/Props/tora_vx_02 copia_13.asset using Guid(f6bc00ca74924ac449ec467c38d0f725) Importer(815301076,1909f56bfc062723c751e8b465ee728b)  -> (artifact id: '7a6d6e9b142a98afd1dfdca666e05e3c') in 0.012365 seconds
Number of updated asset objects reloaded before import = 0
Number of asset objects unloaded after import = 3
========================================================================
Received Import Request.
  Time since last request: 0.000015 seconds.
  path: Assets/2D/Tileset/Props/tora_vx_02 copia_28.asset
  artifactKey: Guid(de3aed335ead5384caad2858d9210d89) Importer(815301076,1909f56bfc062723c751e8b465ee728b)
Start importing Assets/2D/Tileset/Props/tora_vx_02 copia_28.asset using Guid(de3aed335ead5384caad2858d9210d89) Importer(815301076,1909f56bfc062723c751e8b465ee728b)  -> (artifact id: '8b954434f590193055e2cadadf3fd774') in 0.004634 seconds
Number of updated asset objects reloaded before import = 0
Number of asset objects unloaded after import = 3
========================================================================
Received Import Request.
  Time since last request: 0.000020 seconds.
  path: Assets/2D/Tileset/Props/tora_vx_02 copia_26.asset
  artifactKey: Guid(3c3c341c8f2dbf849a1f8c3c287028c8) Importer(815301076,1909f56bfc062723c751e8b465ee728b)
Start importing Assets/2D/Tileset/Props/tora_vx_02 copia_26.asset using Guid(3c3c341c8f2dbf849a1f8c3c287028c8) Importer(815301076,1909f56bfc062723c751e8b465ee728b)  -> (artifact id: '5c2f6a200fc1c3c17ebee67201f12512') in 0.002388 seconds
Number of updated asset objects reloaded before import = 0
Number of asset objects unloaded after import = 1
========================================================================
Received Import Request.
  Time since last request: 0.000017 seconds.
  path: Assets/2D/Tileset/Props/tora_vx_02 copia_22.asset
  artifactKey: Guid(719e6e4687c25dd48863701abf7b6ab9) Importer(815301076,1909f56bfc062723c751e8b465ee728b)
Start importing Assets/2D/Tileset/Props/tora_vx_02 copia_22.asset using Guid(719e6e4687c25dd48863701abf7b6ab9) Importer(815301076,1909f56bfc062723c751e8b465ee728b)  -> (artifact id: 'e81b7550e804c44240280f225f7e42a1') in 0.014516 seconds
Number of updated asset objects reloaded before import = 0
Number of asset objects unloaded after import = 3
========================================================================
Received Import Request.
  Time since last request: 0.000022 seconds.
  path: Assets/2D/Tileset/Props/tora_vx_02 copia_19.asset
  artifactKey: Guid(227faf1d2704c3c4e9021455e39e7154) Importer(815301076,1909f56bfc062723c751e8b465ee728b)
Start importing Assets/2D/Tileset/Props/tora_vx_02 copia_19.asset using Guid(227faf1d2704c3c4e9021455e39e7154) Importer(815301076,1909f56bfc062723c751e8b465ee728b)  -> (artifact id: 'ca06a2ede7931bb30f71b34b85edf92e') in 0.016592 seconds
Number of updated asset objects reloaded before import = 0
Number of asset objects unloaded after import = 3
========================================================================
Received Import Request.
  Time since last request: 0.000018 seconds.
  path: Assets/2D/Tileset/Props/tora_vx_02 copia_15.asset
  artifactKey: Guid(558e1932ec37e48419f11895f693d5de) Importer(815301076,1909f56bfc062723c751e8b465ee728b)
Start importing Assets/2D/Tileset/Props/tora_vx_02 copia_15.asset using Guid(558e1932ec37e48419f11895f693d5de) Importer(815301076,1909f56bfc062723c751e8b465ee728b)  -> (artifact id: 'e21c80c77ed2e063c4db052db0842997') in 0.014078 seconds
Number of updated asset objects reloaded before import = 0
Number of asset objects unloaded after import = 3
========================================================================
Received Import Request.
  Time since last request: 0.000024 seconds.
  path: Assets/2D/Tileset/Props/tora_vx_02 copia_21.asset
  artifactKey: Guid(8a24f8e08b1fead449949c199c541ffe) Importer(815301076,1909f56bfc062723c751e8b465ee728b)
Start importing Assets/2D/Tileset/Props/tora_vx_02 copia_21.asset using Guid(8a24f8e08b1fead449949c199c541ffe) Importer(815301076,1909f56bfc062723c751e8b465ee728b)  -> (artifact id: '9ee2170ef5aa3a11dc7782000900dcca') in 0.013915 seconds
Number of updated asset objects reloaded before import = 0
Number of asset objects unloaded after import = 3
========================================================================
Received Import Request.
  Time since last request: 0.824050 seconds.
  path: Assets/2D/Tileset/Props/tora_vx_02 copia_0.asset
  artifactKey: Guid(079315527363e924985f4ae7e5fdc35d) Importer(815301076,1909f56bfc062723c751e8b465ee728b)
Start importing Assets/2D/Tileset/Props/tora_vx_02 copia_0.asset using Guid(079315527363e924985f4ae7e5fdc35d) Importer(815301076,1909f56bfc062723c751e8b465ee728b)  -> (artifact id: 'f881dc3f311dfca30b1289c9c2583630') in 0.008639 seconds
Number of updated asset objects reloaded before import = 0
Number of asset objects unloaded after import = 3
========================================================================
Received Import Request.
  Time since last request: 0.000026 seconds.
  path: Assets/2D/Tileset/Props/tora_vx_02 copia_2.asset
  artifactKey: Guid(46567942b70bd514bbe6d8b6dc44b987) Importer(815301076,1909f56bfc062723c751e8b465ee728b)
Start importing Assets/2D/Tileset/Props/tora_vx_02 copia_2.asset using Guid(46567942b70bd514bbe6d8b6dc44b987) Importer(815301076,1909f56bfc062723c751e8b465ee728b)  -> (artifact id: '4a02056cb502102b22c280fbb88801d5') in 0.009518 seconds
Number of updated asset objects reloaded before import = 0
Number of asset objects unloaded after import = 3
========================================================================
Received Import Request.
  Time since last request: 0.025275 seconds.
  path: Assets/2D/Tileset/Props/steampunkish-tilec_250.asset
  artifactKey: Guid(41ed712e86ffc6649b203c6b8cc8ebb5) Importer(815301076,1909f56bfc062723c751e8b465ee728b)
Start importing Assets/2D/Tileset/Props/steampunkish-tilec_250.asset using Guid(41ed712e86ffc6649b203c6b8cc8ebb5) Importer(815301076,1909f56bfc062723c751e8b465ee728b)  -> (artifact id: 'dc558c7a886b110d82ca6a05ab62ccc9') in 0.009214 seconds
Number of updated asset objects reloaded before import = 0
Number of asset objects unloaded after import = 3
========================================================================
Received Import Request.
  Time since last request: 0.508556 seconds.
  path: Assets/2D/Tileset/Props/steampunkish-tilec_224.asset
  artifactKey: Guid(fecdd28714c9fb849b6a4c86dd3be5e1) Importer(815301076,1909f56bfc062723c751e8b465ee728b)
Start importing Assets/2D/Tileset/Props/steampunkish-tilec_224.asset using Guid(fecdd28714c9fb849b6a4c86dd3be5e1) Importer(815301076,1909f56bfc062723c751e8b465ee728b)  -> (artifact id: '2b83ed7a4454a6db051c143f96787cda') in 0.067350 seconds
Number of updated asset objects reloaded before import = 0
Number of asset objects unloaded after import = 3
========================================================================
Received Import Request.
  Time since last request: 0.000030 seconds.
  path: Assets/2D/Tileset/Props/steampunkish-tilec_227.asset
  artifactKey: Guid(32bd2fa6bacf30d4b914d5915ba4aefe) Importer(815301076,1909f56bfc062723c751e8b465ee728b)
Start importing Assets/2D/Tileset/Props/steampunkish-tilec_227.asset using Guid(32bd2fa6bacf30d4b914d5915ba4aefe) Importer(815301076,1909f56bfc062723c751e8b465ee728b)  -> (artifact id: '6409c53351f6d91219dbafd8a858c222') in 0.014978 seconds
Number of updated asset objects reloaded before import = 0
Number of asset objects unloaded after import = 3
========================================================================
Received Import Request.
  Time since last request: 0.000063 seconds.
  path: Assets/2D/Tileset/Props/steampunkish-tilec_221.asset
  artifactKey: Guid(34109e266fb715340b130d87d83dfcbe) Importer(815301076,1909f56bfc062723c751e8b465ee728b)
Start importing Assets/2D/Tileset/Props/steampunkish-tilec_221.asset using Guid(34109e266fb715340b130d87d83dfcbe) Importer(815301076,1909f56bfc062723c751e8b465ee728b)  -> (artifact id: '9027747ae1e3c66218e468417b67d8b1') in 0.014034 seconds
Number of updated asset objects reloaded before import = 0
Number of asset objects unloaded after import = 3
========================================================================
Received Import Request.
  Time since last request: 0.000026 seconds.
  path: Assets/2D/Tileset/Props/steampunkish-tilec_219.asset
  artifactKey: Guid(cb5701a4136d64e4f9f6577270bd37ab) Importer(815301076,1909f56bfc062723c751e8b465ee728b)
Start importing Assets/2D/Tileset/Props/steampunkish-tilec_219.asset using Guid(cb5701a4136d64e4f9f6577270bd37ab) Importer(815301076,1909f56bfc062723c751e8b465ee728b)  -> (artifact id: '842c2b9b767afd3d896dc43a927b9d7e') in 0.015491 seconds
Number of updated asset objects reloaded before import = 0
Number of asset objects unloaded after import = 3
========================================================================
Received Import Request.
  Time since last request: 4.043305 seconds.
  path: Assets/2D/Tileset/Props/steampunkish-tilec_200.asset
  artifactKey: Guid(9c352aab4826e8b47830e4756cb53bb3) Importer(815301076,1909f56bfc062723c751e8b465ee728b)
Start importing Assets/2D/Tileset/Props/steampunkish-tilec_200.asset using Guid(9c352aab4826e8b47830e4756cb53bb3) Importer(815301076,1909f56bfc062723c751e8b465ee728b)  -> (artifact id: '974de3ecd2af10e3bfc2e0577ef75932') in 0.013536 seconds
Number of updated asset objects reloaded before import = 0
Number of asset objects unloaded after import = 3
========================================================================
Received Import Request.
  Time since last request: 0.000014 seconds.
  path: Assets/2D/Tileset/Props/steampunkish-tilec_198.asset
  artifactKey: Guid(3ad1d5a349fc295488da091429ab6811) Importer(815301076,1909f56bfc062723c751e8b465ee728b)
Start importing Assets/2D/Tileset/Props/steampunkish-tilec_198.asset using Guid(3ad1d5a349fc295488da091429ab6811) Importer(815301076,1909f56bfc062723c751e8b465ee728b)  -> (artifact id: 'c4cb7ddd2e1dee7bd28283c98f49a67a') in 0.013022 seconds
Number of updated asset objects reloaded before import = 0
Number of asset objects unloaded after import = 3
========================================================================
Received Import Request.
  Time since last request: 0.000013 seconds.
  path: Assets/2D/Tileset/Props/steampunkish-tilec_175.asset
  artifactKey: Guid(bfbfffc80084d3f40880ebef06e37392) Importer(815301076,1909f56bfc062723c751e8b465ee728b)
Start importing Assets/2D/Tileset/Props/steampunkish-tilec_175.asset using Guid(bfbfffc80084d3f40880ebef06e37392) Importer(815301076,1909f56bfc062723c751e8b465ee728b)  -> (artifact id: 'ab0701b4c5f38fcdeae7acf43ff2c6a9') in 0.011647 seconds
Number of updated asset objects reloaded before import = 0
Number of asset objects unloaded after import = 3
========================================================================
Received Import Request.
  Time since last request: 0.071391 seconds.
  path: Assets/2D/Tileset/Props/steampunkish-tilec_70.asset
  artifactKey: Guid(8f564e456180aa74bb0a02e758140187) Importer(815301076,1909f56bfc062723c751e8b465ee728b)
Start importing Assets/2D/Tileset/Props/steampunkish-tilec_70.asset using Guid(8f564e456180aa74bb0a02e758140187) Importer(815301076,1909f56bfc062723c751e8b465ee728b)  -> (artifact id: 'b1391b8c122d31b16a69664cc0b7c4dd') in 0.009934 seconds
Number of updated asset objects reloaded before import = 0
Number of asset objects unloaded after import = 3
========================================================================
Received Import Request.
  Time since last request: 0.000015 seconds.
  path: Assets/2D/Tileset/Props/steampunkish-tilec_76.asset
  artifactKey: Guid(fd499489d4d7c6642a2d363ab9ba31cf) Importer(815301076,1909f56bfc062723c751e8b465ee728b)
Start importing Assets/2D/Tileset/Props/steampunkish-tilec_76.asset using Guid(fd499489d4d7c6642a2d363ab9ba31cf) Importer(815301076,1909f56bfc062723c751e8b465ee728b)  -> (artifact id: '614d35c387058a8848eca8c955da6271') in 0.010712 seconds
Number of updated asset objects reloaded before import = 0
Number of asset objects unloaded after import = 3
========================================================================
Received Import Request.
  Time since last request: 0.000016 seconds.
  path: Assets/2D/Tileset/Props/steampunkish-tilec_82.asset
  artifactKey: Guid(ce7371df17c287e4d83da43ed8e65832) Importer(815301076,1909f56bfc062723c751e8b465ee728b)
Start importing Assets/2D/Tileset/Props/steampunkish-tilec_82.asset using Guid(ce7371df17c287e4d83da43ed8e65832) Importer(815301076,1909f56bfc062723c751e8b465ee728b)  -> (artifact id: 'fa7212fd0d0c1889227d1f89920d0f12') in 0.013823 seconds
Number of updated asset objects reloaded before import = 0
Number of asset objects unloaded after import = 3
========================================================================
Received Import Request.
  Time since last request: 0.000017 seconds.
  path: Assets/2D/Tileset/Props/steampunkish-tilec_96.asset
  artifactKey: Guid(9a7cb20c1661e4b4b9fe1811aae74be8) Importer(815301076,1909f56bfc062723c751e8b465ee728b)
Start importing Assets/2D/Tileset/Props/steampunkish-tilec_96.asset using Guid(9a7cb20c1661e4b4b9fe1811aae74be8) Importer(815301076,1909f56bfc062723c751e8b465ee728b)  -> (artifact id: 'cab3e171627b9d98b425962102ba2fc1') in 0.015848 seconds
Number of updated asset objects reloaded before import = 0
Number of asset objects unloaded after import = 3
========================================================================
Received Import Request.
  Time since last request: 0.000018 seconds.
  path: Assets/2D/Tileset/Props/steampunkish-tilec_94.asset
  artifactKey: Guid(0e20baabb8060fc49a305bf94e36ca0e) Importer(815301076,1909f56bfc062723c751e8b465ee728b)
Start importing Assets/2D/Tileset/Props/steampunkish-tilec_94.asset using Guid(0e20baabb8060fc49a305bf94e36ca0e) Importer(815301076,1909f56bfc062723c751e8b465ee728b)  -> (artifact id: '5c274c85fcc36048d5cdc2782b78af6f') in 0.011273 seconds
Number of updated asset objects reloaded before import = 0
Number of asset objects unloaded after import = 3
========================================================================
Received Import Request.
  Time since last request: 0.000013 seconds.
  path: Assets/2D/Tileset/Props/steampunkish-tilec_77.asset
  artifactKey: Guid(438140fd414b08c4cbc216978832076f) Importer(815301076,1909f56bfc062723c751e8b465ee728b)
Start importing Assets/2D/Tileset/Props/steampunkish-tilec_77.asset using Guid(438140fd414b08c4cbc216978832076f) Importer(815301076,1909f56bfc062723c751e8b465ee728b)  -> (artifact id: '10788dcb4fdb254ca682bae5ec5899b2') in 0.014229 seconds
Number of updated asset objects reloaded before import = 0
Number of asset objects unloaded after import = 3
========================================================================
Received Import Request.
  Time since last request: 0.000021 seconds.
  path: Assets/2D/Tileset/Props/steampunkish-tilec_91.asset
  artifactKey: Guid(3dbb9665aab93a84f93bc6c3e77253d0) Importer(815301076,1909f56bfc062723c751e8b465ee728b)
Start importing Assets/2D/Tileset/Props/steampunkish-tilec_91.asset using Guid(3dbb9665aab93a84f93bc6c3e77253d0) Importer(815301076,1909f56bfc062723c751e8b465ee728b)  -> (artifact id: 'aa7d38b8d050313cde10f64badc03f6c') in 0.011030 seconds
Number of updated asset objects reloaded before import = 0
Number of asset objects unloaded after import = 3
========================================================================
Received Import Request.
  Time since last request: 0.047174 seconds.
  path: Assets/2D/Tileset/Props/steampunkish-tilec_40.asset
  artifactKey: Guid(a673af7293558b242bfdf2978f1f672e) Importer(815301076,1909f56bfc062723c751e8b465ee728b)
Start importing Assets/2D/Tileset/Props/steampunkish-tilec_40.asset using Guid(a673af7293558b242bfdf2978f1f672e) Importer(815301076,1909f56bfc062723c751e8b465ee728b)  -> (artifact id: 'eac417ba57a7c898c0040e1e50f248ec') in 0.010513 seconds
Number of updated asset objects reloaded before import = 0
Number of asset objects unloaded after import = 3
========================================================================
Received Import Request.
  Time since last request: 0.000015 seconds.
  path: Assets/2D/Tileset/Props/steampunkish-tilec_43.asset
  artifactKey: Guid(7d6d2d4758755d9479ae9181b35f2f4e) Importer(815301076,1909f56bfc062723c751e8b465ee728b)
Start importing Assets/2D/Tileset/Props/steampunkish-tilec_43.asset using Guid(7d6d2d4758755d9479ae9181b35f2f4e) Importer(815301076,1909f56bfc062723c751e8b465ee728b)  -> (artifact id: '5f3bb53811612fc41203a6352a7b08a5') in 0.010340 seconds
Number of updated asset objects reloaded before import = 0
Number of asset objects unloaded after import = 3
========================================================================
Received Import Request.
  Time since last request: 0.000018 seconds.
  path: Assets/2D/Tileset/Props/steampunkish-tilec_46.asset
  artifactKey: Guid(d05f614b7239247418af4cfd978fee90) Importer(815301076,1909f56bfc062723c751e8b465ee728b)
Start importing Assets/2D/Tileset/Props/steampunkish-tilec_46.asset using Guid(d05f614b7239247418af4cfd978fee90) Importer(815301076,1909f56bfc062723c751e8b465ee728b)  -> (artifact id: 'bcff5b2d780333506d7b84a740cdd909') in 0.009993 seconds
Number of updated asset objects reloaded before import = 0
Number of asset objects unloaded after import = 3
========================================================================
Received Import Request.
  Time since last request: 0.042481 seconds.
  path: Assets/2D/Tileset/Props/steampunkish-tilec_33.asset
  artifactKey: Guid(638fca5bce1ded44993210ab9f1e1b76) Importer(815301076,1909f56bfc062723c751e8b465ee728b)
Start importing Assets/2D/Tileset/Props/steampunkish-tilec_33.asset using Guid(638fca5bce1ded44993210ab9f1e1b76) Importer(815301076,1909f56bfc062723c751e8b465ee728b)  -> (artifact id: '38e91a93092df3ca9178a8b156f68ff1') in 0.009652 seconds
Number of updated asset objects reloaded before import = 0
Number of asset objects unloaded after import = 3
========================================================================
Received Import Request.
  Time since last request: 0.000016 seconds.
  path: Assets/2D/Tileset/Props/steampunkish-tilec_36.asset
  artifactKey: Guid(313c431c8de983e40b4335c7caa1899d) Importer(815301076,1909f56bfc062723c751e8b465ee728b)
Start importing Assets/2D/Tileset/Props/steampunkish-tilec_36.asset using Guid(313c431c8de983e40b4335c7caa1899d) Importer(815301076,1909f56bfc062723c751e8b465ee728b)  -> (artifact id: '6811775c5b7a525f349c9cb41956bb17') in 0.009749 seconds
Number of updated asset objects reloaded before import = 0
Number of asset objects unloaded after import = 3
========================================================================
Received Import Request.
  Time since last request: 4.647134 seconds.
  path: Assets/2D/Tileset/Props/steampunkish-tilec_102.asset
  artifactKey: Guid(94bee33bc4125c4428d8a3ebf3966bcd) Importer(815301076,1909f56bfc062723c751e8b465ee728b)
Start importing Assets/2D/Tileset/Props/steampunkish-tilec_102.asset using Guid(94bee33bc4125c4428d8a3ebf3966bcd) Importer(815301076,1909f56bfc062723c751e8b465ee728b)  -> (artifact id: '13639a2b092d1593de57bbd0a18b879f') in 0.011732 seconds
Number of updated asset objects reloaded before import = 0
Number of asset objects unloaded after import = 3
========================================================================
Received Import Request.
  Time since last request: 0.057167 seconds.
  path: Assets/2D/Tileset/Props/steampunkish-tilec_106.asset
  artifactKey: Guid(970e53af957282242a38c2924b9d8ab6) Importer(815301076,1909f56bfc062723c751e8b465ee728b)
Start importing Assets/2D/Tileset/Props/steampunkish-tilec_106.asset using Guid(970e53af957282242a38c2924b9d8ab6) Importer(815301076,1909f56bfc062723c751e8b465ee728b)  -> (artifact id: 'e106690c8d6414deb44330bea81b00da') in 0.011666 seconds
Number of updated asset objects reloaded before import = 0
Number of asset objects unloaded after import = 3
========================================================================
Received Import Request.
  Time since last request: 0.000013 seconds.
  path: Assets/2D/Tileset/Props/steampunkish-tilec_109.asset
  artifactKey: Guid(0d1e1fdba455ac84c85b2ee1c023dd3a) Importer(815301076,1909f56bfc062723c751e8b465ee728b)
Start importing Assets/2D/Tileset/Props/steampunkish-tilec_109.asset using Guid(0d1e1fdba455ac84c85b2ee1c023dd3a) Importer(815301076,1909f56bfc062723c751e8b465ee728b)  -> (artifact id: 'faa37102ee84704b347524cc521d98df') in 0.013210 seconds
Number of updated asset objects reloaded before import = 0
Number of asset objects unloaded after import = 3
========================================================================
Received Import Request.
  Time since last request: 0.205811 seconds.
  path: Assets/2D/Tileset/Props/steampunkish-tilec_114.asset
  artifactKey: Guid(f39bb408b33cf2a40bcd96f03ec13c89) Importer(815301076,1909f56bfc062723c751e8b465ee728b)
Start importing Assets/2D/Tileset/Props/steampunkish-tilec_114.asset using Guid(f39bb408b33cf2a40bcd96f03ec13c89) Importer(815301076,1909f56bfc062723c751e8b465ee728b)  -> (artifact id: '64e53ebff3fc32c0790927cfd268ce02') in 0.012762 seconds
Number of updated asset objects reloaded before import = 0
Number of asset objects unloaded after import = 3
========================================================================
Received Import Request.
  Time since last request: 0.022757 seconds.
  path: Assets/2D/Tileset/Props/steampunkish-tilec_118.asset
  artifactKey: Guid(7a52504ab7015d84e87ebbb3f087d864) Importer(815301076,1909f56bfc062723c751e8b465ee728b)
Start importing Assets/2D/Tileset/Props/steampunkish-tilec_118.asset using Guid(7a52504ab7015d84e87ebbb3f087d864) Importer(815301076,1909f56bfc062723c751e8b465ee728b)  -> (artifact id: '4e00517d047bffbc04cbf9fb067b610b') in 0.011828 seconds
Number of updated asset objects reloaded before import = 0
Number of asset objects unloaded after import = 3
========================================================================
Received Import Request.
  Time since last request: 0.047549 seconds.
  path: Assets/2D/Tileset/Props/steampunkish-tilec_122.asset
  artifactKey: Guid(b14a2527ce19536469e6a261cae4643f) Importer(815301076,1909f56bfc062723c751e8b465ee728b)
Start importing Assets/2D/Tileset/Props/steampunkish-tilec_122.asset using Guid(b14a2527ce19536469e6a261cae4643f) Importer(815301076,1909f56bfc062723c751e8b465ee728b)  -> (artifact id: '640cb53fcfc8a79ff8510d74c5320f97') in 0.016372 seconds
Number of updated asset objects reloaded before import = 0
Number of asset objects unloaded after import = 3
========================================================================
Received Import Request.
  Time since last request: 0.201505 seconds.
  path: Assets/2D/Tileset/Props/steampunkish-tilec_126.asset
  artifactKey: Guid(2ac20bca8b3be1c409f5a7b8ab069a70) Importer(815301076,1909f56bfc062723c751e8b465ee728b)
Start importing Assets/2D/Tileset/Props/steampunkish-tilec_126.asset using Guid(2ac20bca8b3be1c409f5a7b8ab069a70) Importer(815301076,1909f56bfc062723c751e8b465ee728b)  -> (artifact id: '8cab132f544f06dcf9ebd9ffa50fe270') in 0.016636 seconds
Number of updated asset objects reloaded before import = 0
Number of asset objects unloaded after import = 3
========================================================================
Received Import Request.
  Time since last request: 0.066873 seconds.
  path: Assets/2D/Tileset/Props/steampunkish-tilec_130.asset
  artifactKey: Guid(955b4f677e45a284b96af96b197b9aa6) Importer(815301076,1909f56bfc062723c751e8b465ee728b)
Start importing Assets/2D/Tileset/Props/steampunkish-tilec_130.asset using Guid(955b4f677e45a284b96af96b197b9aa6) Importer(815301076,1909f56bfc062723c751e8b465ee728b)  -> (artifact id: '0b50f0790f5e7f0e9be57da2ba3297b0') in 0.013766 seconds
Number of updated asset objects reloaded before import = 0
Number of asset objects unloaded after import = 3
========================================================================
Received Import Request.
  Time since last request: 0.000013 seconds.
  path: Assets/2D/Tileset/Props/steampunkish-tilec_135.asset
  artifactKey: Guid(6d58f447cba387b4ebceb29f98fcad1e) Importer(815301076,1909f56bfc062723c751e8b465ee728b)
Start importing Assets/2D/Tileset/Props/steampunkish-tilec_135.asset using Guid(6d58f447cba387b4ebceb29f98fcad1e) Importer(815301076,1909f56bfc062723c751e8b465ee728b)  -> (artifact id: '7bb3b6f5bce26d354eb958e0cad3bae8') in 0.010168 seconds
Number of updated asset objects reloaded before import = 0
Number of asset objects unloaded after import = 3
========================================================================
Received Import Request.
  Time since last request: 0.212684 seconds.
  path: Assets/2D/Tileset/Props/steampunkish-tilec_138.asset
  artifactKey: Guid(3814cae8d9d952c4b9ea7a131ba512a5) Importer(815301076,1909f56bfc062723c751e8b465ee728b)
Start importing Assets/2D/Tileset/Props/steampunkish-tilec_138.asset using Guid(3814cae8d9d952c4b9ea7a131ba512a5) Importer(815301076,1909f56bfc062723c751e8b465ee728b)  -> (artifact id: '66607a14a3f077105cad366f7ddb8755') in 0.015060 seconds
Number of updated asset objects reloaded before import = 0
Number of asset objects unloaded after import = 3
========================================================================
Received Import Request.
  Time since last request: 0.070989 seconds.
  path: Assets/2D/Tileset/Props/steampunkish-tilec_142.asset
  artifactKey: Guid(20750fc28d0b36a4c872c1679792f18a) Importer(815301076,1909f56bfc062723c751e8b465ee728b)
Start importing Assets/2D/Tileset/Props/steampunkish-tilec_142.asset using Guid(20750fc28d0b36a4c872c1679792f18a) Importer(815301076,1909f56bfc062723c751e8b465ee728b)  -> (artifact id: '32e2a21e066a4b8e32d9db3eda835e24') in 0.009469 seconds
Number of updated asset objects reloaded before import = 0
Number of asset objects unloaded after import = 3
========================================================================
Received Import Request.
  Time since last request: 0.470243 seconds.
  path: Assets/2D/Tileset/Props/steampunkish-tilec_162.asset
  artifactKey: Guid(30085439b0a530e43bb0f6367fa25773) Importer(815301076,1909f56bfc062723c751e8b465ee728b)
Start importing Assets/2D/Tileset/Props/steampunkish-tilec_162.asset using Guid(30085439b0a530e43bb0f6367fa25773) Importer(815301076,1909f56bfc062723c751e8b465ee728b)  -> (artifact id: 'dcc68a409e6315657f8fd8b9be780dac') in 0.014408 seconds
Number of updated asset objects reloaded before import = 0
Number of asset objects unloaded after import = 3
========================================================================
Received Import Request.
  Time since last request: 0.303814 seconds.
  path: Assets/2D/Tileset/Props/steampunkish-tilec_166.asset
  artifactKey: Guid(e0352c05b247f2547956e03f22e0b54d) Importer(815301076,1909f56bfc062723c751e8b465ee728b)
Start importing Assets/2D/Tileset/Props/steampunkish-tilec_166.asset using Guid(e0352c05b247f2547956e03f22e0b54d) Importer(815301076,1909f56bfc062723c751e8b465ee728b)  -> (artifact id: 'd92634e98e938c5f3c392ea59a32455a') in 0.017333 seconds
Number of updated asset objects reloaded before import = 0
Number of asset objects unloaded after import = 3
========================================================================
Received Import Request.
  Time since last request: 0.023041 seconds.
  path: Assets/2D/Tileset/Props/steampunkish-tilec_170.asset
  artifactKey: Guid(cc33420c6078cf04b88348ad5f0d838e) Importer(815301076,1909f56bfc062723c751e8b465ee728b)
Start importing Assets/2D/Tileset/Props/steampunkish-tilec_170.asset using Guid(cc33420c6078cf04b88348ad5f0d838e) Importer(815301076,1909f56bfc062723c751e8b465ee728b)  -> (artifact id: '1b3107f4c8c2e4b3f474b45665efcd20') in 0.012008 seconds
Number of updated asset objects reloaded before import = 0
Number of asset objects unloaded after import = 3
========================================================================
Received Import Request.
  Time since last request: 0.045966 seconds.
  path: Assets/2D/Tileset/Props/steampunkish-tilec_174.asset
  artifactKey: Guid(b478edb2727f417468102e605b4225ab) Importer(815301076,1909f56bfc062723c751e8b465ee728b)
Start importing Assets/2D/Tileset/Props/steampunkish-tilec_174.asset using Guid(b478edb2727f417468102e605b4225ab) Importer(815301076,1909f56bfc062723c751e8b465ee728b)  -> (artifact id: '24a0edc97bfae9675f06a202377fc557') in 0.010530 seconds
Number of updated asset objects reloaded before import = 0
Number of asset objects unloaded after import = 3
========================================================================
Received Import Request.
  Time since last request: 14.130975 seconds.
  path: Assets/2D/Tileset/Background/Walls_12.asset
  artifactKey: Guid(c61dada83a7f9ec48a08fd77d0b0dfa4) Importer(815301076,1909f56bfc062723c751e8b465ee728b)
Start importing Assets/2D/Tileset/Background/Walls_12.asset using Guid(c61dada83a7f9ec48a08fd77d0b0dfa4) Importer(815301076,1909f56bfc062723c751e8b465ee728b)  -> (artifact id: '2e2e4b86565c7771e72c7315996a120a') in 0.009141 seconds
Number of updated asset objects reloaded before import = 0
Number of asset objects unloaded after import = 3
========================================================================
Received Import Request.
  Time since last request: 0.000016 seconds.
  path: Assets/2D/Tileset/Background/Walls_15.asset
  artifactKey: Guid(29e7b74dcfe42a246ad3c2d9430357a2) Importer(815301076,1909f56bfc062723c751e8b465ee728b)
Start importing Assets/2D/Tileset/Background/Walls_15.asset using Guid(29e7b74dcfe42a246ad3c2d9430357a2) Importer(815301076,1909f56bfc062723c751e8b465ee728b)  -> (artifact id: '82e3af04c068d5a532f626939bbb06ba') in 0.009683 seconds
Number of updated asset objects reloaded before import = 0
Number of asset objects unloaded after import = 3
========================================================================
Received Import Request.
  Time since last request: 0.000013 seconds.
  path: Assets/2D/Tileset/Background/Walls_20.asset
  artifactKey: Guid(cb7dce056849b3546a6d49ae31b5d68d) Importer(815301076,1909f56bfc062723c751e8b465ee728b)
Start importing Assets/2D/Tileset/Background/Walls_20.asset using Guid(cb7dce056849b3546a6d49ae31b5d68d) Importer(815301076,1909f56bfc062723c751e8b465ee728b)  -> (artifact id: '9a95da756ec93c73c86e25c6fce9181f') in 0.009491 seconds
Number of updated asset objects reloaded before import = 0
Number of asset objects unloaded after import = 3
Editor requested this worker to shutdown with reason: Scaling down because of idle timeout
TcpMessagingSession - receive error: operation aborted. errorcode: 995, details: La operacin de E/S se anul por una salida de subproceso o por una solicitud de aplicacin.
AssetImportWorker is now disconnected from the server
Process exiting
Exiting without the bug reporter. Application will terminate with return code 0