Using pre-set license
Built from '2022.3/staging' branch; Version is '2022.3.8f1 (b5eafc012955) revision 11922172'; Using compiler version '192829333'; Build Type 'Release'
OS: 'Windows 10  (10.0.19045) 64bit Core' Language: 'es' Physical Memory: 32605 MB
BatchMode: 1, IsHumanControllingUs: 0, StartBugReporterOnCrash: 0, Is64bit: 1, IsPro: 1

COMMAND LINE ARGUMENTS:
D:\Program Files\Unity\2022.3.8f1\Editor\Unity.exe
-adb2
-batchMode
-noUpm
-name
AssetImportWorker4
-projectPath
D:/Users/denis/Desktop/Clothes_Shop_System
-logFile
Logs/AssetImportWorker4.log
-srvPort
64678
Successfully changed project path to: D:/Users/denis/Desktop/Clothes_Shop_System
D:/Users/denis/Desktop/Clothes_Shop_System
[UnityMemory] Configuration Parameters - Can be set up in boot.config
    "memorysetup-bucket-allocator-granularity=16"
    "memorysetup-bucket-allocator-bucket-count=8"
    "memorysetup-bucket-allocator-block-size=33554432"
    "memorysetup-bucket-allocator-block-count=8"
    "memorysetup-main-allocator-block-size=16777216"
    "memorysetup-thread-allocator-block-size=16777216"
    "memorysetup-gfx-main-allocator-block-size=16777216"
    "memorysetup-gfx-thread-allocator-block-size=16777216"
    "memorysetup-cache-allocator-block-size=4194304"
    "memorysetup-typetree-allocator-block-size=2097152"
    "memorysetup-profiler-bucket-allocator-granularity=16"
    "memorysetup-profiler-bucket-allocator-bucket-count=8"
    "memorysetup-profiler-bucket-allocator-block-size=33554432"
    "memorysetup-profiler-bucket-allocator-block-count=8"
    "memorysetup-profiler-allocator-block-size=16777216"
    "memorysetup-profiler-editor-allocator-block-size=1048576"
    "memorysetup-temp-allocator-size-main=16777216"
    "memorysetup-job-temp-allocator-block-size=2097152"
    "memorysetup-job-temp-allocator-block-size-background=1048576"
    "memorysetup-job-temp-allocator-reduction-small-platforms=262144"
    "memorysetup-allocator-temp-initial-block-size-main=262144"
    "memorysetup-allocator-temp-initial-block-size-worker=262144"
    "memorysetup-temp-allocator-size-background-worker=32768"
    "memorysetup-temp-allocator-size-job-worker=262144"
    "memorysetup-temp-allocator-size-preload-manager=33554432"
    "memorysetup-temp-allocator-size-nav-mesh-worker=65536"
    "memorysetup-temp-allocator-size-audio-worker=65536"
    "memorysetup-temp-allocator-size-cloud-worker=32768"
    "memorysetup-temp-allocator-size-gi-baking-worker=262144"
    "memorysetup-temp-allocator-size-gfx=262144"
Player connection [34236] Host "[IP] 192.168.1.8 [Port] 0 [Flags] 2 [Guid] 1440132018 [EditorId] 1440132018 [Version] 1048832 [Id] WindowsEditor(7,DESKTOP-2GSREEA) [Debug] 1 [PackageName] WindowsEditor [ProjectName] Editor" joined multi-casting on [225.0.0.222:54997]...

Player connection [34236] Host "[IP] 192.168.1.8 [Port] 0 [Flags] 2 [Guid] 1440132018 [EditorId] 1440132018 [Version] 1048832 [Id] WindowsEditor(7,DESKTOP-2GSREEA) [Debug] 1 [PackageName] WindowsEditor [ProjectName] Editor" joined alternative multi-casting on [225.0.0.222:34997]...

[Physics::Module] Initialized MultithreadedJobDispatcher with 15 workers.
Refreshing native plugins compatible for Editor in 8.92 ms, found 4 plugins.
Preloading 0 native plugins for Editor in 0.00 ms.
Initialize engine version: 2022.3.8f1 (b5eafc012955)
[Subsystems] Discovering subsystems at path D:/Program Files/Unity/2022.3.8f1/Editor/Data/Resources/UnitySubsystems
[Subsystems] Discovering subsystems at path D:/Users/denis/Desktop/Clothes_Shop_System/Assets
GfxDevice: creating device client; threaded=0; jobified=0
Direct3D:
    Version:  Direct3D 11.0 [level 11.1]
    Renderer: NVIDIA GeForce RTX 3080 (ID=0x2206)
    Vendor:   NVIDIA
    VRAM:     10067 MB
    Driver:   31.0.15.4617
Initialize mono
Mono path[0] = 'D:/Program Files/Unity/2022.3.8f1/Editor/Data/Managed'
Mono path[1] = 'D:/Program Files/Unity/2022.3.8f1/Editor/Data/MonoBleedingEdge/lib/mono/unityjit-win32'
Mono config path = 'D:/Program Files/Unity/2022.3.8f1/Editor/Data/MonoBleedingEdge/etc'
Using monoOptions --debugger-agent=transport=dt_socket,embedding=1,server=y,suspend=n,address=127.0.0.1:56664
Begin MonoManager ReloadAssembly
Registering precompiled unity dll's ...
Register platform support module: D:/Program Files/Unity/2022.3.8f1/Editor/Data/PlaybackEngines/WebGLSupport/UnityEditor.WebGL.Extensions.dll
Register platform support module: D:/Program Files/Unity/2022.3.8f1/Editor/Data/PlaybackEngines/AndroidPlayer/UnityEditor.Android.Extensions.dll
Register platform support module: D:/Program Files/Unity/2022.3.8f1/Editor/Data/PlaybackEngines/WindowsStandaloneSupport/UnityEditor.WindowsStandalone.Extensions.dll
Registered in 0.005763 seconds.
- Loaded All Assemblies, in  0.304 seconds
Native extension for WindowsStandalone target not found
Native extension for Android target not found
Android Extension - Scanning For ADB Devices 278 ms
Native extension for WebGL target not found
Mono: successfully reloaded assembly
- Finished resetting the current domain, in  0.629 seconds
Domain Reload Profiling: 933ms
	BeginReloadAssembly (101ms)
		ExecutionOrderSort (0ms)
		DisableScriptedObjects (0ms)
		BackupInstance (0ms)
		ReleaseScriptingObjects (0ms)
		CreateAndSetChildDomain (1ms)
	RebuildCommonClasses (26ms)
	RebuildNativeTypeToScriptingClass (10ms)
	initialDomainReloadingComplete (47ms)
	LoadAllAssembliesAndSetupDomain (121ms)
		LoadAssemblies (101ms)
		RebuildTransferFunctionScriptingTraits (0ms)
		AnalyzeDomain (118ms)
			TypeCache.Refresh (116ms)
				TypeCache.ScanAssembly (106ms)
			ScanForSourceGeneratedMonoScriptInfo (0ms)
			ResolveRequiredComponents (0ms)
	FinalizeReload (630ms)
		ReleaseScriptCaches (0ms)
		RebuildScriptCaches (0ms)
		SetupLoadedEditorAssemblies (564ms)
			LogAssemblyErrors (0ms)
			InitializePlatformSupportModulesInManaged (439ms)
			SetLoadedEditorAssemblies (3ms)
			RefreshPlugins (0ms)
			BeforeProcessingInitializeOnLoad (2ms)
			ProcessInitializeOnLoadAttributes (82ms)
			ProcessInitializeOnLoadMethodAttributes (38ms)
			AfterProcessingInitializeOnLoad (0ms)
			EditorAssembliesLoaded (0ms)
		ExecutionOrderSort2 (0ms)
		AwakeInstancesAfterBackupRestoration (0ms)
========================================================================
Worker process is ready to serve import requests
Begin MonoManager ReloadAssembly
- Loaded All Assemblies, in  0.480 seconds
Refreshing native plugins compatible for Editor in 3.26 ms, found 4 plugins.
Native extension for WindowsStandalone target not found
Native extension for Android target not found
Native extension for WebGL target not found
Package Manager log level set to [2]
[Package Manager] Server::EnsureServerProcessIsRunning -- launch failed, reason: Unity was launched with the -noUpm command-line argument
[Package Manager] UpmClient::Send -- Unable to send message (not connected to UPM process).
[Package Manager] Cannot connect to Unity Package Manager local server
Mono: successfully reloaded assembly
- Finished resetting the current domain, in  0.615 seconds
Domain Reload Profiling: 1094ms
	BeginReloadAssembly (118ms)
		ExecutionOrderSort (0ms)
		DisableScriptedObjects (4ms)
		BackupInstance (0ms)
		ReleaseScriptingObjects (0ms)
		CreateAndSetChildDomain (17ms)
	RebuildCommonClasses (25ms)
	RebuildNativeTypeToScriptingClass (8ms)
	initialDomainReloadingComplete (29ms)
	LoadAllAssembliesAndSetupDomain (298ms)
		LoadAssemblies (236ms)
		RebuildTransferFunctionScriptingTraits (0ms)
		AnalyzeDomain (136ms)
			TypeCache.Refresh (116ms)
				TypeCache.ScanAssembly (103ms)
			ScanForSourceGeneratedMonoScriptInfo (16ms)
			ResolveRequiredComponents (3ms)
	FinalizeReload (615ms)
		ReleaseScriptCaches (0ms)
		RebuildScriptCaches (0ms)
		SetupLoadedEditorAssemblies (489ms)
			LogAssemblyErrors (0ms)
			InitializePlatformSupportModulesInManaged (20ms)
			SetLoadedEditorAssemblies (3ms)
			RefreshPlugins (0ms)
			BeforeProcessingInitializeOnLoad (49ms)
			ProcessInitializeOnLoadAttributes (386ms)
			ProcessInitializeOnLoadMethodAttributes (28ms)
			AfterProcessingInitializeOnLoad (3ms)
			EditorAssembliesLoaded (0ms)
		ExecutionOrderSort2 (0ms)
		AwakeInstancesAfterBackupRestoration (5ms)
Launched and connected shader compiler UnityShaderCompiler.exe after 0.06 seconds
Refreshing native plugins compatible for Editor in 3.66 ms, found 4 plugins.
Preloading 0 native plugins for Editor in 0.00 ms.
Unloading 4401 Unused Serialized files (Serialized files now loaded: 0)
Unloading 76 unused Assets / (246.5 KB). Loaded Objects now: 4863.
Memory consumption went from 153.5 MB to 153.2 MB.
Total: 3.227100 ms (FindLiveObjects: 0.280600 ms CreateObjectMapping: 0.154000 ms MarkObjects: 2.619300 ms  DeleteObjects: 0.172400 ms)

AssetImportParameters requested are different than current active one (requested -> active):
  custom:scripting/monoscript/fileName/MSCUnityEditor.cs: cb8378178ca7a45029f0d5030132dc5b -> 
  custom:container-demuxer-ogg: 62fdf1f143b41e24485cea50d1cbac27 -> 
  custom:scripting/monoscript/fileName/SO_AnimationSettings.cs: 0a2c705b873f7f81a5a0981346553bdd -> 
  custom:video-codec-MediaFoundation-h265: 746d11721c4dcdbdad8f713fa42b33f4 -> 
  custom:video-decoder-ogg-theora: a1e56fd34408186e4bbccfd4996cb3dc -> 
  custom:framework-win-MediaFoundation: 216162199b28c13a410421893ffa2e32 -> 
  custom:CustomObjectIndexerAttribute: 756ad292c208cfabdd7b50bc23989ffe -> 
  custom:scripting/monoscript/fileName/MSCAnimation.cs: 5794202198e1a10da4e8603e58a5da7f -> 
  custom:scripting/monoscript/fileName/MovementAnimationParameterControl.cs: 27a29551f84f01b772ef011249800151 -> 
  custom:container-demuxer-webm: 4f35f7cbe854078d1ac9338744f61a02 -> 
  custom:container-muxer-webm: aa71ff27fc2769a1b78a27578f13a17b -> 
  custom:scripting/monoscript/fileName/EventHandler.cs: 6813de9ecd0fa4692988c21d03bb644f -> 
  custom:video-decoder-webm-vp8: 9c59270c3fd7afecdb556c50c9e8de78 -> 
  custom:SearchIndexIgnoredProperties: e643bd26f0fe6173181afceb89e7c659 -> 
  custom:AudioImporter_EditorPlatform: d09bf68614088b80899f8185d706f6e7 -> 
  custom:scripting/monoscript/fileName/MSCAnimationSettings.cs: 1954b3e38ad8530c82f36a623f70b858 -> 
  custom:video-encoder-webm-vp8: eb34c28f22e8b96e1ab97ce403110664 -> 
  custom:audio-decoder-ogg-vorbis: bf7c407c2cedff20999df2af8eb42d56 -> 
  custom:scripting/monoscript/fileName/MSCNpcEditor.cs: a57804d23c8c5e9c1c4941ed6b4ac709 -> 
  custom:scripting/monoscript/fileName/Player.cs: efa14f782fa9ac90772d9fe8f2cb1f59 -> 
  custom:audio-encoder-webm-vorbis: bf7c407c2cedff20999df2af8eb42d56 -> 
========================================================================
Received Import Request.
  Time since last request: 10331.958661 seconds.
  path: Assets/Tileset Palette/Background Palette.prefab
  artifactKey: Guid(73b52b162c3c4664b9fabf3544ca2c7e) Importer(815301076,1909f56bfc062723c751e8b465ee728b)
Start importing Assets/Tileset Palette/Background Palette.prefab using Guid(73b52b162c3c4664b9fabf3544ca2c7e) Importer(815301076,1909f56bfc062723c751e8b465ee728b)  -> (artifact id: '9a3a1fd4bb62b6bc12b5fd5d145a8b82') in 0.094476 seconds
Number of updated asset objects reloaded before import = 0
Number of asset objects unloaded after import = 29
========================================================================
Received Import Request.
  Time since last request: 48.052076 seconds.
  path: Assets/Tileset Palette/Background Palette.prefab
  artifactKey: Guid(73b52b162c3c4664b9fabf3544ca2c7e) Importer(815301076,1909f56bfc062723c751e8b465ee728b)
Start importing Assets/Tileset Palette/Background Palette.prefab using Guid(73b52b162c3c4664b9fabf3544ca2c7e) Importer(815301076,1909f56bfc062723c751e8b465ee728b)  -> (artifact id: 'a16c6fb1fd3c4284cec8f97f7feeee0b') in 0.012990 seconds
Number of updated asset objects reloaded before import = 0
Number of asset objects unloaded after import = 29
========================================================================
Received Import Request.
  Time since last request: 362.256518 seconds.
  path: Assets/2D/Tileset/New Folder
  artifactKey: Guid(765202bc8e5b16a45afa1252b96e6e32) Importer(815301076,1909f56bfc062723c751e8b465ee728b)
Start importing Assets/2D/Tileset/New Folder using Guid(765202bc8e5b16a45afa1252b96e6e32) Importer(815301076,1909f56bfc062723c751e8b465ee728b)  -> (artifact id: 'f90fa2294c3ca459876c69f427e2fa01') in 0.000698 seconds
Number of updated asset objects reloaded before import = 0
Number of asset objects unloaded after import = 0
========================================================================
Received Import Request.
  Time since last request: 13.403639 seconds.
  path: Assets/2D/Tileset/Background/88658 (1).png
  artifactKey: Guid(3d3debfc7296f5448bc45d557a4c0a39) Importer(815301076,1909f56bfc062723c751e8b465ee728b)
Start importing Assets/2D/Tileset/Background/88658 (1).png using Guid(3d3debfc7296f5448bc45d557a4c0a39) Importer(815301076,1909f56bfc062723c751e8b465ee728b)  -> (artifact id: 'f543bc26b18e6319d4854fc12075aa9c') in 0.070904 seconds
Number of updated asset objects reloaded before import = 0
Number of asset objects unloaded after import = 3
========================================================================
Received Import Request.
  Time since last request: 9.004952 seconds.
  path: Assets/2D/Tileset/Background/88658 (1).png
  artifactKey: Guid(3d3debfc7296f5448bc45d557a4c0a39) Importer(815301076,1909f56bfc062723c751e8b465ee728b)
Start importing Assets/2D/Tileset/Background/88658 (1).png using Guid(3d3debfc7296f5448bc45d557a4c0a39) Importer(815301076,1909f56bfc062723c751e8b465ee728b)  -> (artifact id: '3b8134203eaf9272fa92a35584c02962') in 0.013195 seconds
Number of updated asset objects reloaded before import = 0
Number of asset objects unloaded after import = 2
========================================================================
Received Import Request.
  Time since last request: 73.960291 seconds.
  path: Assets/2D/Tileset/Background/88658 (1).png
  artifactKey: Guid(3d3debfc7296f5448bc45d557a4c0a39) Importer(815301076,1909f56bfc062723c751e8b465ee728b)
Start importing Assets/2D/Tileset/Background/88658 (1).png using Guid(3d3debfc7296f5448bc45d557a4c0a39) Importer(815301076,1909f56bfc062723c751e8b465ee728b)  -> (artifact id: 'a97b20d58bb2c9914968be129241bc0e') in 0.023681 seconds
Number of updated asset objects reloaded before import = 0
Number of asset objects unloaded after import = 5
========================================================================
Received Import Request.
  Time since last request: 21.221638 seconds.
  path: Assets/2D/Tileset/Background/88658 (1).png
  artifactKey: Guid(3d3debfc7296f5448bc45d557a4c0a39) Importer(815301076,1909f56bfc062723c751e8b465ee728b)
Start importing Assets/2D/Tileset/Background/88658 (1).png using Guid(3d3debfc7296f5448bc45d557a4c0a39) Importer(815301076,1909f56bfc062723c751e8b465ee728b)  -> (artifact id: '74ec7479716972c02789f2e87b5e5b52') in 0.026638 seconds
Number of updated asset objects reloaded before import = 0
Number of asset objects unloaded after import = 6
========================================================================
Received Import Request.
  Time since last request: 9.164702 seconds.
  path: Assets/2D/Tileset/Background/88658 (1)_0.asset
  artifactKey: Guid(468f94c356c2fcf4a86fc08acd5d4209) Importer(815301076,1909f56bfc062723c751e8b465ee728b)
Start importing Assets/2D/Tileset/Background/88658 (1)_0.asset using Guid(468f94c356c2fcf4a86fc08acd5d4209) Importer(815301076,1909f56bfc062723c751e8b465ee728b)  -> (artifact id: '667e4458d6bc0b9be0b58ca1936e06b3') in 0.073987 seconds
Number of updated asset objects reloaded before import = 0
Number of asset objects unloaded after import = 3
========================================================================
Received Import Request.
  Time since last request: 0.000018 seconds.
  path: Assets/2D/Tileset/Background/88658 (1)_2.asset
  artifactKey: Guid(f591672e9446b8447bafcb2b4e033e18) Importer(815301076,1909f56bfc062723c751e8b465ee728b)
Start importing Assets/2D/Tileset/Background/88658 (1)_2.asset using Guid(f591672e9446b8447bafcb2b4e033e18) Importer(815301076,1909f56bfc062723c751e8b465ee728b)  -> (artifact id: 'ec0677d61296c64461c0bf942b2c8bab') in 0.010667 seconds
Number of updated asset objects reloaded before import = 0
Number of asset objects unloaded after import = 3
========================================================================
Received Import Request.
  Time since last request: 8.983501 seconds.
  path: Assets/2D/Tileset/Background/88658 (1).png
  artifactKey: Guid(3d3debfc7296f5448bc45d557a4c0a39) Importer(815301076,1909f56bfc062723c751e8b465ee728b)
Start importing Assets/2D/Tileset/Background/88658 (1).png using Guid(3d3debfc7296f5448bc45d557a4c0a39) Importer(815301076,1909f56bfc062723c751e8b465ee728b)  -> (artifact id: '43d3314eb3379aa4f2252f0acee2173e') in 0.027166 seconds
Number of updated asset objects reloaded before import = 0
Number of asset objects unloaded after import = 6
Editor requested this worker to shutdown with reason: Scaling down because of idle timeout
TcpMessagingSession - receive error: operation aborted. errorcode: 995, details: La operación de E/S se anuló por una salida de subproceso o por una solicitud de aplicación.
AssetImportWorker is now disconnected from the server
Process exiting
Exiting without the bug reporter. Application will terminate with return code 0