Using pre-set license
Built from '2022.3/staging' branch; Version is '2022.3.8f1 (b5eafc012955) revision 11922172'; Using compiler version '192829333'; Build Type 'Release'
OS: 'Windows 10  (10.0.19045) 64bit Core' Language: 'es' Physical Memory: 32605 MB
BatchMode: 1, IsHumanControllingUs: 0, StartBugReporterOnCrash: 0, Is64bit: 1, IsPro: 1

COMMAND LINE ARGUMENTS:
D:\Program Files\Unity\2022.3.8f1\Editor\Unity.exe
-adb2
-batchMode
-noUpm
-name
AssetImportWorker5
-projectPath
D:/Users/denis/Desktop/Clothes_Shop_System
-logFile
Logs/AssetImportWorker5.log
-srvPort
64678
Successfully changed project path to: D:/Users/denis/Desktop/Clothes_Shop_System
D:/Users/denis/Desktop/Clothes_Shop_System
[UnityMemory] Configuration Parameters - Can be set up in boot.config
    "memorysetup-bucket-allocator-granularity=16"
    "memorysetup-bucket-allocator-bucket-count=8"
    "memorysetup-bucket-allocator-block-size=33554432"
    "memorysetup-bucket-allocator-block-count=8"
    "memorysetup-main-allocator-block-size=16777216"
    "memorysetup-thread-allocator-block-size=16777216"
    "memorysetup-gfx-main-allocator-block-size=16777216"
    "memorysetup-gfx-thread-allocator-block-size=16777216"
    "memorysetup-cache-allocator-block-size=4194304"
    "memorysetup-typetree-allocator-block-size=2097152"
    "memorysetup-profiler-bucket-allocator-granularity=16"
    "memorysetup-profiler-bucket-allocator-bucket-count=8"
    "memorysetup-profiler-bucket-allocator-block-size=33554432"
    "memorysetup-profiler-bucket-allocator-block-count=8"
    "memorysetup-profiler-allocator-block-size=16777216"
    "memorysetup-profiler-editor-allocator-block-size=1048576"
    "memorysetup-temp-allocator-size-main=16777216"
    "memorysetup-job-temp-allocator-block-size=2097152"
    "memorysetup-job-temp-allocator-block-size-background=1048576"
    "memorysetup-job-temp-allocator-reduction-small-platforms=262144"
    "memorysetup-allocator-temp-initial-block-size-main=262144"
    "memorysetup-allocator-temp-initial-block-size-worker=262144"
    "memorysetup-temp-allocator-size-background-worker=32768"
    "memorysetup-temp-allocator-size-job-worker=262144"
    "memorysetup-temp-allocator-size-preload-manager=33554432"
    "memorysetup-temp-allocator-size-nav-mesh-worker=65536"
    "memorysetup-temp-allocator-size-audio-worker=65536"
    "memorysetup-temp-allocator-size-cloud-worker=32768"
    "memorysetup-temp-allocator-size-gi-baking-worker=262144"
    "memorysetup-temp-allocator-size-gfx=262144"
Player connection [15520] Host "[IP] 192.168.1.8 [Port] 0 [Flags] 2 [Guid] 4097127918 [EditorId] 4097127918 [Version] 1048832 [Id] WindowsEditor(7,DESKTOP-2GSREEA) [Debug] 1 [PackageName] WindowsEditor [ProjectName] Editor" joined multi-casting on [225.0.0.222:54997]...

Player connection [15520] Host "[IP] 192.168.1.8 [Port] 0 [Flags] 2 [Guid] 4097127918 [EditorId] 4097127918 [Version] 1048832 [Id] WindowsEditor(7,DESKTOP-2GSREEA) [Debug] 1 [PackageName] WindowsEditor [ProjectName] Editor" joined alternative multi-casting on [225.0.0.222:34997]...

[Physics::Module] Initialized MultithreadedJobDispatcher with 15 workers.
Refreshing native plugins compatible for Editor in 9.17 ms, found 4 plugins.
Preloading 0 native plugins for Editor in 0.00 ms.
Initialize engine version: 2022.3.8f1 (b5eafc012955)
[Subsystems] Discovering subsystems at path D:/Program Files/Unity/2022.3.8f1/Editor/Data/Resources/UnitySubsystems
[Subsystems] Discovering subsystems at path D:/Users/denis/Desktop/Clothes_Shop_System/Assets
GfxDevice: creating device client; threaded=0; jobified=0
Direct3D:
    Version:  Direct3D 11.0 [level 11.1]
    Renderer: NVIDIA GeForce RTX 3080 (ID=0x2206)
    Vendor:   NVIDIA
    VRAM:     10067 MB
    Driver:   31.0.15.4617
Initialize mono
Mono path[0] = 'D:/Program Files/Unity/2022.3.8f1/Editor/Data/Managed'
Mono path[1] = 'D:/Program Files/Unity/2022.3.8f1/Editor/Data/MonoBleedingEdge/lib/mono/unityjit-win32'
Mono config path = 'D:/Program Files/Unity/2022.3.8f1/Editor/Data/MonoBleedingEdge/etc'
Using monoOptions --debugger-agent=transport=dt_socket,embedding=1,server=y,suspend=n,address=127.0.0.1:56024
Begin MonoManager ReloadAssembly
Registering precompiled unity dll's ...
Register platform support module: D:/Program Files/Unity/2022.3.8f1/Editor/Data/PlaybackEngines/WebGLSupport/UnityEditor.WebGL.Extensions.dll
Register platform support module: D:/Program Files/Unity/2022.3.8f1/Editor/Data/PlaybackEngines/AndroidPlayer/UnityEditor.Android.Extensions.dll
Register platform support module: D:/Program Files/Unity/2022.3.8f1/Editor/Data/PlaybackEngines/WindowsStandaloneSupport/UnityEditor.WindowsStandalone.Extensions.dll
Registered in 0.008257 seconds.
- Loaded All Assemblies, in  0.304 seconds
Native extension for WindowsStandalone target not found
Native extension for Android target not found
Android Extension - Scanning For ADB Devices 274 ms
Native extension for WebGL target not found
Mono: successfully reloaded assembly
- Finished resetting the current domain, in  0.632 seconds
Domain Reload Profiling: 936ms
	BeginReloadAssembly (98ms)
		ExecutionOrderSort (0ms)
		DisableScriptedObjects (0ms)
		BackupInstance (0ms)
		ReleaseScriptingObjects (0ms)
		CreateAndSetChildDomain (1ms)
	RebuildCommonClasses (29ms)
	RebuildNativeTypeToScriptingClass (9ms)
	initialDomainReloadingComplete (47ms)
	LoadAllAssembliesAndSetupDomain (122ms)
		LoadAssemblies (99ms)
		RebuildTransferFunctionScriptingTraits (0ms)
		AnalyzeDomain (118ms)
			TypeCache.Refresh (117ms)
				TypeCache.ScanAssembly (107ms)
			ScanForSourceGeneratedMonoScriptInfo (0ms)
			ResolveRequiredComponents (0ms)
	FinalizeReload (632ms)
		ReleaseScriptCaches (0ms)
		RebuildScriptCaches (0ms)
		SetupLoadedEditorAssemblies (565ms)
			LogAssemblyErrors (0ms)
			InitializePlatformSupportModulesInManaged (437ms)
			SetLoadedEditorAssemblies (3ms)
			RefreshPlugins (0ms)
			BeforeProcessingInitializeOnLoad (2ms)
			ProcessInitializeOnLoadAttributes (84ms)
			ProcessInitializeOnLoadMethodAttributes (39ms)
			AfterProcessingInitializeOnLoad (0ms)
			EditorAssembliesLoaded (0ms)
		ExecutionOrderSort2 (0ms)
		AwakeInstancesAfterBackupRestoration (0ms)
========================================================================
Worker process is ready to serve import requests
Begin MonoManager ReloadAssembly
- Loaded All Assemblies, in  0.491 seconds
Refreshing native plugins compatible for Editor in 3.15 ms, found 4 plugins.
Native extension for WindowsStandalone target not found
Native extension for Android target not found
Native extension for WebGL target not found
Package Manager log level set to [2]
[Package Manager] Server::EnsureServerProcessIsRunning -- launch failed, reason: Unity was launched with the -noUpm command-line argument
[Package Manager] UpmClient::Send -- Unable to send message (not connected to UPM process).
[Package Manager] Cannot connect to Unity Package Manager local server
Mono: successfully reloaded assembly
- Finished resetting the current domain, in  0.616 seconds
Domain Reload Profiling: 1106ms
	BeginReloadAssembly (120ms)
		ExecutionOrderSort (0ms)
		DisableScriptedObjects (4ms)
		BackupInstance (0ms)
		ReleaseScriptingObjects (0ms)
		CreateAndSetChildDomain (21ms)
	RebuildCommonClasses (32ms)
	RebuildNativeTypeToScriptingClass (14ms)
	initialDomainReloadingComplete (32ms)
	LoadAllAssembliesAndSetupDomain (293ms)
		LoadAssemblies (232ms)
		RebuildTransferFunctionScriptingTraits (0ms)
		AnalyzeDomain (134ms)
			TypeCache.Refresh (115ms)
				TypeCache.ScanAssembly (102ms)
			ScanForSourceGeneratedMonoScriptInfo (16ms)
			ResolveRequiredComponents (3ms)
	FinalizeReload (616ms)
		ReleaseScriptCaches (0ms)
		RebuildScriptCaches (0ms)
		SetupLoadedEditorAssemblies (494ms)
			LogAssemblyErrors (0ms)
			InitializePlatformSupportModulesInManaged (18ms)
			SetLoadedEditorAssemblies (3ms)
			RefreshPlugins (0ms)
			BeforeProcessingInitializeOnLoad (49ms)
			ProcessInitializeOnLoadAttributes (395ms)
			ProcessInitializeOnLoadMethodAttributes (26ms)
			AfterProcessingInitializeOnLoad (2ms)
			EditorAssembliesLoaded (0ms)
		ExecutionOrderSort2 (0ms)
		AwakeInstancesAfterBackupRestoration (4ms)
Launched and connected shader compiler UnityShaderCompiler.exe after 0.03 seconds
Refreshing native plugins compatible for Editor in 3.11 ms, found 4 plugins.
Preloading 0 native plugins for Editor in 0.00 ms.
Unloading 4401 Unused Serialized files (Serialized files now loaded: 0)
Unloading 76 unused Assets / (246.5 KB). Loaded Objects now: 4863.
Memory consumption went from 153.5 MB to 153.2 MB.
Total: 3.626100 ms (FindLiveObjects: 0.262900 ms CreateObjectMapping: 0.136300 ms MarkObjects: 3.022200 ms  DeleteObjects: 0.203600 ms)

AssetImportParameters requested are different than current active one (requested -> active):
  custom:scripting/monoscript/fileName/MSCUnityEditor.cs: cb8378178ca7a45029f0d5030132dc5b -> 
  custom:container-demuxer-ogg: 62fdf1f143b41e24485cea50d1cbac27 -> 
  custom:scripting/monoscript/fileName/SO_AnimationSettings.cs: 0a2c705b873f7f81a5a0981346553bdd -> 
  custom:video-codec-MediaFoundation-h265: 746d11721c4dcdbdad8f713fa42b33f4 -> 
  custom:video-decoder-ogg-theora: a1e56fd34408186e4bbccfd4996cb3dc -> 
  custom:framework-win-MediaFoundation: 216162199b28c13a410421893ffa2e32 -> 
  custom:CustomObjectIndexerAttribute: 756ad292c208cfabdd7b50bc23989ffe -> 
  custom:scripting/monoscript/fileName/MSCAnimation.cs: 5794202198e1a10da4e8603e58a5da7f -> 
  custom:scripting/monoscript/fileName/MovementAnimationParameterControl.cs: 27a29551f84f01b772ef011249800151 -> 
  custom:container-demuxer-webm: 4f35f7cbe854078d1ac9338744f61a02 -> 
  custom:container-muxer-webm: aa71ff27fc2769a1b78a27578f13a17b -> 
  custom:scripting/monoscript/fileName/EventHandler.cs: 6813de9ecd0fa4692988c21d03bb644f -> 
  custom:video-decoder-webm-vp8: 9c59270c3fd7afecdb556c50c9e8de78 -> 
  custom:SearchIndexIgnoredProperties: e643bd26f0fe6173181afceb89e7c659 -> 
  custom:AudioImporter_EditorPlatform: d09bf68614088b80899f8185d706f6e7 -> 
  custom:scripting/monoscript/fileName/MSCAnimationSettings.cs: 1954b3e38ad8530c82f36a623f70b858 -> 
  custom:video-encoder-webm-vp8: eb34c28f22e8b96e1ab97ce403110664 -> 
  custom:audio-decoder-ogg-vorbis: bf7c407c2cedff20999df2af8eb42d56 -> 
  custom:scripting/monoscript/fileName/MSCNpcEditor.cs: a57804d23c8c5e9c1c4941ed6b4ac709 -> 
  custom:scripting/monoscript/fileName/Player.cs: efa14f782fa9ac90772d9fe8f2cb1f59 -> 
  custom:audio-encoder-webm-vorbis: bf7c407c2cedff20999df2af8eb42d56 -> 
========================================================================
Received Import Request.
  Time since last request: 10869.272807 seconds.
  path: Assets/2D/Tileset/Background/88658 (1)_1.asset
  artifactKey: Guid(087ee3c9fbb4b5545bb1120a82bf588e) Importer(815301076,1909f56bfc062723c751e8b465ee728b)
Start importing Assets/2D/Tileset/Background/88658 (1)_1.asset using Guid(087ee3c9fbb4b5545bb1120a82bf588e) Importer(815301076,1909f56bfc062723c751e8b465ee728b)  -> (artifact id: 'e913af3892d89ddf206284bc7c61e904') in 0.072897 seconds
Number of updated asset objects reloaded before import = 0
Number of asset objects unloaded after import = 3
========================================================================
Received Import Request.
  Time since last request: 0.000035 seconds.
  path: Assets/2D/Tileset/Background/88658 (1)_3.asset
  artifactKey: Guid(a5883e5b7c1ced14fa7bc7f51150db7d) Importer(815301076,1909f56bfc062723c751e8b465ee728b)
Start importing Assets/2D/Tileset/Background/88658 (1)_3.asset using Guid(a5883e5b7c1ced14fa7bc7f51150db7d) Importer(815301076,1909f56bfc062723c751e8b465ee728b)  -> (artifact id: '96db00e982a3c7dff0624e6017ff6f72') in 0.014790 seconds
Number of updated asset objects reloaded before import = 0
Number of asset objects unloaded after import = 3
========================================================================
Received Import Request.
  Time since last request: 8.978099 seconds.
  path: Assets/2D/Tileset/Background/88658 (1)_0.asset
  artifactKey: Guid(468f94c356c2fcf4a86fc08acd5d4209) Importer(815301076,1909f56bfc062723c751e8b465ee728b)
Start importing Assets/2D/Tileset/Background/88658 (1)_0.asset using Guid(468f94c356c2fcf4a86fc08acd5d4209) Importer(815301076,1909f56bfc062723c751e8b465ee728b)  -> (artifact id: '5a67d3b348069fc9724c52ce9d5f682f') in 0.004973 seconds
Number of updated asset objects reloaded before import = 0
Number of asset objects unloaded after import = 3
========================================================================
Received Import Request.
  Time since last request: 0.002871 seconds.
  path: Assets/2D/Tileset/Background/88658 (1)_1.asset
  artifactKey: Guid(087ee3c9fbb4b5545bb1120a82bf588e) Importer(815301076,1909f56bfc062723c751e8b465ee728b)
Start importing Assets/2D/Tileset/Background/88658 (1)_1.asset using Guid(087ee3c9fbb4b5545bb1120a82bf588e) Importer(815301076,1909f56bfc062723c751e8b465ee728b)  -> (artifact id: 'c0f201a3dfee6c0469e70ca04b822944') in 0.006760 seconds
Number of updated asset objects reloaded before import = 0
Number of asset objects unloaded after import = 3
========================================================================
Received Import Request.
  Time since last request: 0.000021 seconds.
  path: Assets/2D/Tileset/Background/88658 (1)_2.asset
  artifactKey: Guid(f591672e9446b8447bafcb2b4e033e18) Importer(815301076,1909f56bfc062723c751e8b465ee728b)
Start importing Assets/2D/Tileset/Background/88658 (1)_2.asset using Guid(f591672e9446b8447bafcb2b4e033e18) Importer(815301076,1909f56bfc062723c751e8b465ee728b)  -> (artifact id: '27f332e6e95a838ba9494d97b2a6db9a') in 0.010472 seconds
Number of updated asset objects reloaded before import = 0
Number of asset objects unloaded after import = 3
========================================================================
Received Import Request.
  Time since last request: 0.000014 seconds.
  path: Assets/2D/Tileset/Background/88658 (1)_3.asset
  artifactKey: Guid(a5883e5b7c1ced14fa7bc7f51150db7d) Importer(815301076,1909f56bfc062723c751e8b465ee728b)
Start importing Assets/2D/Tileset/Background/88658 (1)_3.asset using Guid(a5883e5b7c1ced14fa7bc7f51150db7d) Importer(815301076,1909f56bfc062723c751e8b465ee728b)  -> (artifact id: '0cdb198ff0bf571a19f49ad9acdd07ba') in 0.005968 seconds
Number of updated asset objects reloaded before import = 0
Number of asset objects unloaded after import = 3
========================================================================
Received Import Request.
  Time since last request: 352.745029 seconds.
  path: Assets/2D/Tileset/Background/88658 (1)_0.asset
  artifactKey: Guid(468f94c356c2fcf4a86fc08acd5d4209) Importer(815301076,1909f56bfc062723c751e8b465ee728b)
Start importing Assets/2D/Tileset/Background/88658 (1)_0.asset using Guid(468f94c356c2fcf4a86fc08acd5d4209) Importer(815301076,1909f56bfc062723c751e8b465ee728b)  -> (artifact id: '7ef559181a636f27461c35bcc2734812') in 0.007121 seconds
Number of updated asset objects reloaded before import = 0
Number of asset objects unloaded after import = 3
========================================================================
Received Import Request.
  Time since last request: 0.000346 seconds.
  path: Assets/2D/Tileset/Background/88658 (1)_1.asset
  artifactKey: Guid(087ee3c9fbb4b5545bb1120a82bf588e) Importer(815301076,1909f56bfc062723c751e8b465ee728b)
Start importing Assets/2D/Tileset/Background/88658 (1)_1.asset using Guid(087ee3c9fbb4b5545bb1120a82bf588e) Importer(815301076,1909f56bfc062723c751e8b465ee728b)  -> (artifact id: '8fcc66219c6b8dcf92abcb6b0a909eb8') in 0.006912 seconds
Number of updated asset objects reloaded before import = 0
Number of asset objects unloaded after import = 3
========================================================================
Received Import Request.
  Time since last request: 0.000014 seconds.
  path: Assets/2D/Tileset/Background/88658 (1)_2.asset
  artifactKey: Guid(f591672e9446b8447bafcb2b4e033e18) Importer(815301076,1909f56bfc062723c751e8b465ee728b)
Start importing Assets/2D/Tileset/Background/88658 (1)_2.asset using Guid(f591672e9446b8447bafcb2b4e033e18) Importer(815301076,1909f56bfc062723c751e8b465ee728b)  -> (artifact id: '88a09f7696bef28d070b330d659cbe02') in 0.004892 seconds
Number of updated asset objects reloaded before import = 0
Number of asset objects unloaded after import = 3
========================================================================
Received Import Request.
  Time since last request: 0.000017 seconds.
  path: Assets/2D/Tileset/Background/88658 (1)_3.asset
  artifactKey: Guid(a5883e5b7c1ced14fa7bc7f51150db7d) Importer(815301076,1909f56bfc062723c751e8b465ee728b)
Start importing Assets/2D/Tileset/Background/88658 (1)_3.asset using Guid(a5883e5b7c1ced14fa7bc7f51150db7d) Importer(815301076,1909f56bfc062723c751e8b465ee728b)  -> (artifact id: '2a6680f13dc42a5b1647cf94d03a4061') in 0.018881 seconds
Number of updated asset objects reloaded before import = 0
Number of asset objects unloaded after import = 3
========================================================================
Received Import Request.
  Time since last request: 56.895444 seconds.
  path: Assets/2D/Tileset/Background/88658 (1)_0.asset
  artifactKey: Guid(468f94c356c2fcf4a86fc08acd5d4209) Importer(815301076,1909f56bfc062723c751e8b465ee728b)
Start importing Assets/2D/Tileset/Background/88658 (1)_0.asset using Guid(468f94c356c2fcf4a86fc08acd5d4209) Importer(815301076,1909f56bfc062723c751e8b465ee728b)  -> (artifact id: 'bda58a119369af888466a596906b11fd') in 0.006170 seconds
Number of updated asset objects reloaded before import = 0
Number of asset objects unloaded after import = 3
========================================================================
Received Import Request.
  Time since last request: 0.000017 seconds.
  path: Assets/2D/Tileset/Background/88658 (1)_4.asset
  artifactKey: Guid(e417f605a20416d4b94327b723948984) Importer(815301076,1909f56bfc062723c751e8b465ee728b)
Start importing Assets/2D/Tileset/Background/88658 (1)_4.asset using Guid(e417f605a20416d4b94327b723948984) Importer(815301076,1909f56bfc062723c751e8b465ee728b)  -> (artifact id: '781e713bec0d44b651a1facd0ad4fd94') in 0.006028 seconds
Number of updated asset objects reloaded before import = 0
Number of asset objects unloaded after import = 3
========================================================================
Received Import Request.
  Time since last request: 0.000012 seconds.
  path: Assets/2D/Tileset/Background/88658 (1)_2.asset
  artifactKey: Guid(f591672e9446b8447bafcb2b4e033e18) Importer(815301076,1909f56bfc062723c751e8b465ee728b)
Start importing Assets/2D/Tileset/Background/88658 (1)_2.asset using Guid(f591672e9446b8447bafcb2b4e033e18) Importer(815301076,1909f56bfc062723c751e8b465ee728b)  -> (artifact id: '2bbc01e77494eed9c81b99971eedd9cb') in 0.004036 seconds
Number of updated asset objects reloaded before import = 0
Number of asset objects unloaded after import = 3
========================================================================
Received Import Request.
  Time since last request: 0.000012 seconds.
  path: Assets/2D/Tileset/Background/88658 (1)_3.asset
  artifactKey: Guid(a5883e5b7c1ced14fa7bc7f51150db7d) Importer(815301076,1909f56bfc062723c751e8b465ee728b)
Start importing Assets/2D/Tileset/Background/88658 (1)_3.asset using Guid(a5883e5b7c1ced14fa7bc7f51150db7d) Importer(815301076,1909f56bfc062723c751e8b465ee728b)  -> (artifact id: '0210f23d36b40b9930db564dfeefbeb0') in 0.007822 seconds
Number of updated asset objects reloaded before import = 0
Number of asset objects unloaded after import = 3
Editor requested this worker to shutdown with reason: Scaling down because of idle timeout
TcpMessagingSession - receive error: operation aborted. errorcode: 995, details: La operación de E/S se anuló por una salida de subproceso o por una solicitud de aplicación.
AssetImportWorker is now disconnected from the server
Process exiting
Exiting without the bug reporter. Application will terminate with return code 0